====== Scene: bear ======
Using /homes/sanskar/.cache/torch_extensions/py39_cu116 as PyTorch extensions root...
Detected CUDA files, patching ldflags
Emitting ninja build file /homes/sanskar/.cache/torch_extensions/py39_cu116/optixutils_plugin/build.ninja...
Building extension module optixutils_plugin...
Allowing ninja to set a default number of workers... (overridable by setting the environment variable MAX_JOBS=N)
[1/2] /homes/sanskar/miniconda3/envs/nvdiffrec/bin/nvcc  -DTORCH_EXTENSION_NAME=optixutils_plugin -DTORCH_API_INCLUDE_EXTENSION_H -DPYBIND11_COMPILER_TYPE=\"_gcc\" -DPYBIND11_STDLIB=\"_libstdcpp\" -DPYBIND11_BUILD_ABI=\"_cxxabi1011\" -I/homes/sanskar/mcnvdiffrec/nvdiffrecmc/render/optixutils/include -isystem /homes/sanskar/miniconda3/envs/nvdiffrec/lib/python3.9/site-packages/torch/include -isystem /homes/sanskar/miniconda3/envs/nvdiffrec/lib/python3.9/site-packages/torch/include/torch/csrc/api/include -isystem /homes/sanskar/miniconda3/envs/nvdiffrec/lib/python3.9/site-packages/torch/include/TH -isystem /homes/sanskar/miniconda3/envs/nvdiffrec/lib/python3.9/site-packages/torch/include/THC -isystem /homes/sanskar/miniconda3/envs/nvdiffrec/include -isystem /homes/sanskar/miniconda3/envs/nvdiffrec/include/python3.9 -D_GLIBCXX_USE_CXX11_ABI=0 -D__CUDA_NO_HALF_OPERATORS__ -D__CUDA_NO_HALF_CONVERSIONS__ -D__CUDA_NO_BFLOAT16_CONVERSIONS__ -D__CUDA_NO_HALF2_OPERATORS__ --expt-relaxed-constexpr -gencode=arch=compute_86,code=compute_86 -gencode=arch=compute_86,code=sm_86 --compiler-options '-fPIC' -DNVDR_TORCH -std=c++14 -c /homes/sanskar/mcnvdiffrec/nvdiffrecmc/render/optixutils/c_src/denoising.cu -o denoising.cuda.o 
[2/2] c++ denoising.cuda.o optix_wrapper.o torch_bindings.o -shared -lcuda -lnvrtc -L/homes/sanskar/miniconda3/envs/nvdiffrec/lib/python3.9/site-packages/torch/lib -lc10 -lc10_cuda -ltorch_cpu -ltorch_cuda_cu -ltorch_cuda_cpp -ltorch -ltorch_python -L/homes/sanskar/miniconda3/envs/nvdiffrec/lib64 -lcudart -o optixutils_plugin.so
Loading extension module optixutils_plugin...
Using mesh scale : 2.1, center : [-0.00376263 -0.00062042 -0.01352691]
Config / Flags:
---------
iter 5000
batch 8
spp 1
layers 1
train_res [576, 768]
display_res [576, 768]
texture_res [1024, 1024]
display_interval 0
save_interval 100
learning_rate [0.03, 0.01]
custom_mip False
background white
loss logl1
out_dir out/bear
config configs/bear.json
ref_mesh /homes/sanskar/data/bmvsdtu/llff_data/bear
base_mesh /homes/sanskar/mcnvdiffrec/nvdiffrecmc/dtu_data/mesh/bear.obj
validate True
n_samples 8
bsdf pbr
denoiser bilateral
denoiser_demodulate True
mtl_override None
dmtet_grid 64
mesh_scale 2.1
envlight None
env_scale 1.0
probe_res 256
learn_lighting True
display [{'latlong': True}, {'bsdf': 'kd'}, {'bsdf': 'ks'}, {'bsdf': 'normal'}]
transparency False
lock_light False
lock_pos True
sdf_regularizer 0.2
laplace relative
laplace_scale 3000.0
pre_load True
no_perturbed_nrm False
decorrelated False
kd_min [0.0, 0.0, 0.0, 0.0]
kd_max [1.0, 1.0, 1.0, 1.0]
ks_min [0.0, 0.08, 0.0]
ks_max [1.0, 1.0, 1.0]
nrm_min [-1.0, -1.0, 0.0]
nrm_max [1.0, 1.0, 1.0]
clip_max_norm 0.0
cam_near_far [0.1, 1000.0]
lambda_kd 0.1
lambda_ks 0.05
lambda_nrm 0.025
lambda_nrm2 0.25
lambda_chroma 0.0
lambda_diffuse 0.15
lambda_specular 0.0025
random_textures True
centre [-0.00376263 -0.00062042 -0.01352691]
---------
/homes/sanskar/miniconda3/envs/nvdiffrec/lib/python3.9/site-packages/torch/functional.py:504: UserWarning: torch.meshgrid: in an upcoming release, it will be required to pass the indexing argument. (Triggered internally at ../aten/src/ATen/native/TensorShape.cpp:3190.)
  return _VF.meshgrid(tensors, **kwargs)  # type: ignore[attr-defined]
End of OptiXStateWrapper 
Using /homes/sanskar/.cache/torch_extensions/py39_cu116 as PyTorch extensions root...
Detected CUDA files, patching ldflags
Emitting ninja build file /homes/sanskar/.cache/torch_extensions/py39_cu116/renderutils_plugin/build.ninja...
Building extension module renderutils_plugin...
Allowing ninja to set a default number of workers... (overridable by setting the environment variable MAX_JOBS=N)
DatasetLLFF: 115 images with shape [576, 768]
Auto centering at [-0.00376263 -0.00062042 -0.01352691]
DatasetLLFF: 8 images with shape [576, 768]
Auto centering at [-0.00376263 -0.00062042 -0.01352691]
Cuda path /homes/sanskar/miniconda3/envs/nvdiffrec
Base mesh has 905778 triangles and 453012 vertices.
Avg edge length: 0.006629
[1/5] /homes/sanskar/miniconda3/envs/nvdiffrec/bin/nvcc  -DTORCH_EXTENSION_NAME=renderutils_plugin -DTORCH_API_INCLUDE_EXTENSION_H -DPYBIND11_COMPILER_TYPE=\"_gcc\" -DPYBIND11_STDLIB=\"_libstdcpp\" -DPYBIND11_BUILD_ABI=\"_cxxabi1011\" -isystem /homes/sanskar/miniconda3/envs/nvdiffrec/lib/python3.9/site-packages/torch/include -isystem /homes/sanskar/miniconda3/envs/nvdiffrec/lib/python3.9/site-packages/torch/include/torch/csrc/api/include -isystem /homes/sanskar/miniconda3/envs/nvdiffrec/lib/python3.9/site-packages/torch/include/TH -isystem /homes/sanskar/miniconda3/envs/nvdiffrec/lib/python3.9/site-packages/torch/include/THC -isystem /homes/sanskar/miniconda3/envs/nvdiffrec/include -isystem /homes/sanskar/miniconda3/envs/nvdiffrec/include/python3.9 -D_GLIBCXX_USE_CXX11_ABI=0 -D__CUDA_NO_HALF_OPERATORS__ -D__CUDA_NO_HALF_CONVERSIONS__ -D__CUDA_NO_BFLOAT16_CONVERSIONS__ -D__CUDA_NO_HALF2_OPERATORS__ --expt-relaxed-constexpr -gencode=arch=compute_86,code=compute_86 -gencode=arch=compute_86,code=sm_86 --compiler-options '-fPIC' -DNVDR_TORCH -std=c++14 -c /homes/sanskar/mcnvdiffrec/nvdiffrecmc/render/renderutils/c_src/mesh.cu -o mesh.cuda.o 
[2/5] /homes/sanskar/miniconda3/envs/nvdiffrec/bin/nvcc  -DTORCH_EXTENSION_NAME=renderutils_plugin -DTORCH_API_INCLUDE_EXTENSION_H -DPYBIND11_COMPILER_TYPE=\"_gcc\" -DPYBIND11_STDLIB=\"_libstdcpp\" -DPYBIND11_BUILD_ABI=\"_cxxabi1011\" -isystem /homes/sanskar/miniconda3/envs/nvdiffrec/lib/python3.9/site-packages/torch/include -isystem /homes/sanskar/miniconda3/envs/nvdiffrec/lib/python3.9/site-packages/torch/include/torch/csrc/api/include -isystem /homes/sanskar/miniconda3/envs/nvdiffrec/lib/python3.9/site-packages/torch/include/TH -isystem /homes/sanskar/miniconda3/envs/nvdiffrec/lib/python3.9/site-packages/torch/include/THC -isystem /homes/sanskar/miniconda3/envs/nvdiffrec/include -isystem /homes/sanskar/miniconda3/envs/nvdiffrec/include/python3.9 -D_GLIBCXX_USE_CXX11_ABI=0 -D__CUDA_NO_HALF_OPERATORS__ -D__CUDA_NO_HALF_CONVERSIONS__ -D__CUDA_NO_BFLOAT16_CONVERSIONS__ -D__CUDA_NO_HALF2_OPERATORS__ --expt-relaxed-constexpr -gencode=arch=compute_86,code=compute_86 -gencode=arch=compute_86,code=sm_86 --compiler-options '-fPIC' -DNVDR_TORCH -std=c++14 -c /homes/sanskar/mcnvdiffrec/nvdiffrecmc/render/renderutils/c_src/loss.cu -o loss.cuda.o 
[3/5] /homes/sanskar/miniconda3/envs/nvdiffrec/bin/nvcc  -DTORCH_EXTENSION_NAME=renderutils_plugin -DTORCH_API_INCLUDE_EXTENSION_H -DPYBIND11_COMPILER_TYPE=\"_gcc\" -DPYBIND11_STDLIB=\"_libstdcpp\" -DPYBIND11_BUILD_ABI=\"_cxxabi1011\" -isystem /homes/sanskar/miniconda3/envs/nvdiffrec/lib/python3.9/site-packages/torch/include -isystem /homes/sanskar/miniconda3/envs/nvdiffrec/lib/python3.9/site-packages/torch/include/torch/csrc/api/include -isystem /homes/sanskar/miniconda3/envs/nvdiffrec/lib/python3.9/site-packages/torch/include/TH -isystem /homes/sanskar/miniconda3/envs/nvdiffrec/lib/python3.9/site-packages/torch/include/THC -isystem /homes/sanskar/miniconda3/envs/nvdiffrec/include -isystem /homes/sanskar/miniconda3/envs/nvdiffrec/include/python3.9 -D_GLIBCXX_USE_CXX11_ABI=0 -D__CUDA_NO_HALF_OPERATORS__ -D__CUDA_NO_HALF_CONVERSIONS__ -D__CUDA_NO_BFLOAT16_CONVERSIONS__ -D__CUDA_NO_HALF2_OPERATORS__ --expt-relaxed-constexpr -gencode=arch=compute_86,code=compute_86 -gencode=arch=compute_86,code=sm_86 --compiler-options '-fPIC' -DNVDR_TORCH -std=c++14 -c /homes/sanskar/mcnvdiffrec/nvdiffrecmc/render/renderutils/c_src/normal.cu -o normal.cuda.o 
[4/5] /homes/sanskar/miniconda3/envs/nvdiffrec/bin/nvcc  -DTORCH_EXTENSION_NAME=renderutils_plugin -DTORCH_API_INCLUDE_EXTENSION_H -DPYBIND11_COMPILER_TYPE=\"_gcc\" -DPYBIND11_STDLIB=\"_libstdcpp\" -DPYBIND11_BUILD_ABI=\"_cxxabi1011\" -isystem /homes/sanskar/miniconda3/envs/nvdiffrec/lib/python3.9/site-packages/torch/include -isystem /homes/sanskar/miniconda3/envs/nvdiffrec/lib/python3.9/site-packages/torch/include/torch/csrc/api/include -isystem /homes/sanskar/miniconda3/envs/nvdiffrec/lib/python3.9/site-packages/torch/include/TH -isystem /homes/sanskar/miniconda3/envs/nvdiffrec/lib/python3.9/site-packages/torch/include/THC -isystem /homes/sanskar/miniconda3/envs/nvdiffrec/include -isystem /homes/sanskar/miniconda3/envs/nvdiffrec/include/python3.9 -D_GLIBCXX_USE_CXX11_ABI=0 -D__CUDA_NO_HALF_OPERATORS__ -D__CUDA_NO_HALF_CONVERSIONS__ -D__CUDA_NO_BFLOAT16_CONVERSIONS__ -D__CUDA_NO_HALF2_OPERATORS__ --expt-relaxed-constexpr -gencode=arch=compute_86,code=compute_86 -gencode=arch=compute_86,code=sm_86 --compiler-options '-fPIC' -DNVDR_TORCH -std=c++14 -c /homes/sanskar/mcnvdiffrec/nvdiffrecmc/render/renderutils/c_src/bsdf.cu -o bsdf.cuda.o 
[5/5] c++ mesh.cuda.o loss.cuda.o bsdf.cuda.o normal.cuda.o common.o torch_bindings.o -shared -lcuda -lnvrtc -L/homes/sanskar/miniconda3/envs/nvdiffrec/lib/python3.9/site-packages/torch/lib -lc10 -lc10_cuda -ltorch_cpu -ltorch_cuda_cu -ltorch_cuda_cpp -ltorch -ltorch_python -L/homes/sanskar/miniconda3/envs/nvdiffrec/lib64 -lcudart -o renderutils_plugin.so
Loading extension module renderutils_plugin...
iter=    0, img_loss=0.154241, reg_loss=0.056799, lr=0.00000, time=841.2 ms, rem=1.17 h
iter=   10, img_loss=0.100878, reg_loss=0.051419, lr=0.00000, time=765.8 ms, rem=1.06 h
iter=   20, img_loss=0.085857, reg_loss=0.050670, lr=0.00000, time=763.8 ms, rem=1.06 h
iter=   30, img_loss=0.072727, reg_loss=0.051281, lr=0.00000, time=771.2 ms, rem=1.06 h
iter=   40, img_loss=0.066095, reg_loss=0.051535, lr=0.00000, time=779.6 ms, rem=1.07 h
iter=   50, img_loss=0.066637, reg_loss=0.049370, lr=0.00000, time=766.0 ms, rem=1.05 h
iter=   60, img_loss=0.067261, reg_loss=0.050794, lr=0.00000, time=783.4 ms, rem=1.08 h
iter=   70, img_loss=0.058325, reg_loss=0.049070, lr=0.00000, time=776.5 ms, rem=1.06 h
iter=   80, img_loss=0.062297, reg_loss=0.050235, lr=0.00000, time=795.4 ms, rem=1.09 h
iter=   90, img_loss=0.056228, reg_loss=0.049065, lr=0.00000, time=786.7 ms, rem=1.07 h
iter=  100, img_loss=0.061284, reg_loss=0.050511, lr=0.00000, time=797.7 ms, rem=1.09 h
iter=  110, img_loss=0.063086, reg_loss=0.050269, lr=0.00000, time=798.7 ms, rem=1.08 h
iter=  120, img_loss=0.062138, reg_loss=0.049128, lr=0.00000, time=788.2 ms, rem=1.07 h
iter=  130, img_loss=0.058763, reg_loss=0.048612, lr=0.00000, time=786.4 ms, rem=1.06 h
iter=  140, img_loss=0.063257, reg_loss=0.049842, lr=0.00000, time=796.5 ms, rem=1.08 h
iter=  150, img_loss=0.064146, reg_loss=0.049907, lr=0.00000, time=800.6 ms, rem=1.08 h
iter=  160, img_loss=0.061977, reg_loss=0.050189, lr=0.00000, time=802.6 ms, rem=1.08 h
iter=  170, img_loss=0.061219, reg_loss=0.050115, lr=0.00000, time=800.9 ms, rem=1.07 h
iter=  180, img_loss=0.057896, reg_loss=0.050562, lr=0.00000, time=808.0 ms, rem=1.08 h
iter=  190, img_loss=0.067510, reg_loss=0.048445, lr=0.00000, time=786.2 ms, rem=1.05 h
iter=  200, img_loss=0.052293, reg_loss=0.051259, lr=0.00000, time=809.2 ms, rem=1.08 h
iter=  210, img_loss=0.059473, reg_loss=0.049924, lr=0.00000, time=805.7 ms, rem=1.07 h
iter=  220, img_loss=0.053485, reg_loss=0.049864, lr=0.00000, time=801.4 ms, rem=1.06 h
iter=  230, img_loss=0.056264, reg_loss=0.049059, lr=0.00000, time=796.9 ms, rem=1.06 h
iter=  240, img_loss=0.059362, reg_loss=0.049291, lr=0.00000, time=798.9 ms, rem=1.06 h
iter=  250, img_loss=0.055726, reg_loss=0.049289, lr=0.00000, time=798.6 ms, rem=1.05 h
iter=  260, img_loss=0.062781, reg_loss=0.049045, lr=0.00000, time=800.2 ms, rem=1.05 h
iter=  270, img_loss=0.064278, reg_loss=0.050310, lr=0.00000, time=811.1 ms, rem=1.07 h
iter=  280, img_loss=0.057647, reg_loss=0.049933, lr=0.00000, time=806.8 ms, rem=1.06 h
iter=  290, img_loss=0.058175, reg_loss=0.050847, lr=0.00000, time=818.7 ms, rem=1.07 h
iter=  300, img_loss=0.055986, reg_loss=0.047318, lr=0.00000, time=784.7 ms, rem=1.02 h
iter=  310, img_loss=0.059166, reg_loss=0.049777, lr=0.00000, time=814.6 ms, rem=1.06 h
iter=  320, img_loss=0.058145, reg_loss=0.050539, lr=0.00000, time=810.3 ms, rem=1.05 h
iter=  330, img_loss=0.056477, reg_loss=0.049352, lr=0.00000, time=802.5 ms, rem=1.04 h
iter=  340, img_loss=0.062213, reg_loss=0.049664, lr=0.00000, time=801.3 ms, rem=1.04 h
iter=  350, img_loss=0.060053, reg_loss=0.048873, lr=0.00000, time=797.7 ms, rem=1.03 h
iter=  360, img_loss=0.052135, reg_loss=0.049933, lr=0.00000, time=806.4 ms, rem=1.04 h
iter=  370, img_loss=0.065019, reg_loss=0.050394, lr=0.00000, time=810.4 ms, rem=1.04 h
iter=  380, img_loss=0.054683, reg_loss=0.050943, lr=0.00000, time=814.6 ms, rem=1.05 h
iter=  390, img_loss=0.059081, reg_loss=0.050440, lr=0.00000, time=810.7 ms, rem=1.04 h
iter=  400, img_loss=0.064478, reg_loss=0.049884, lr=0.00000, time=804.4 ms, rem=1.03 h
iter=  410, img_loss=0.064974, reg_loss=0.050965, lr=0.00000, time=820.7 ms, rem=1.05 h
iter=  420, img_loss=0.058956, reg_loss=0.050277, lr=0.00000, time=810.5 ms, rem=1.03 h
iter=  430, img_loss=0.056669, reg_loss=0.048122, lr=0.00000, time=792.7 ms, rem=1.01 h
iter=  440, img_loss=0.062620, reg_loss=0.050365, lr=0.00000, time=819.9 ms, rem=1.04 h
iter=  450, img_loss=0.057718, reg_loss=0.049616, lr=0.00000, time=807.4 ms, rem=1.02 h
iter=  460, img_loss=0.058408, reg_loss=0.051670, lr=0.00000, time=826.1 ms, rem=1.04 h
iter=  470, img_loss=0.054285, reg_loss=0.049253, lr=0.00000, time=804.3 ms, rem=1.01 h
iter=  480, img_loss=0.065627, reg_loss=0.049145, lr=0.00000, time=805.9 ms, rem=1.01 h
iter=  490, img_loss=0.063445, reg_loss=0.048049, lr=0.00000, time=796.0 ms, rem=59.83 m
iter=  500, img_loss=0.059169, reg_loss=0.050771, lr=0.00000, time=815.2 ms, rem=1.02 h
iter=  510, img_loss=0.065891, reg_loss=0.049799, lr=0.00000, time=807.9 ms, rem=1.01 h
iter=  520, img_loss=0.055401, reg_loss=0.049515, lr=0.00000, time=809.1 ms, rem=1.01 h
iter=  530, img_loss=0.066417, reg_loss=0.049697, lr=0.00000, time=808.0 ms, rem=1.00 h
iter=  540, img_loss=0.057812, reg_loss=0.049907, lr=0.00000, time=812.8 ms, rem=1.01 h
iter=  550, img_loss=0.061961, reg_loss=0.050126, lr=0.00000, time=815.0 ms, rem=1.01 h
iter=  560, img_loss=0.067921, reg_loss=0.049816, lr=0.00000, time=810.7 ms, rem=59.99 m
iter=  570, img_loss=0.061383, reg_loss=0.049781, lr=0.00000, time=812.7 ms, rem=1.00 h
iter=  580, img_loss=0.059332, reg_loss=0.050880, lr=0.00000, time=826.5 ms, rem=1.01 h
iter=  590, img_loss=0.057852, reg_loss=0.048463, lr=0.00000, time=798.1 ms, rem=58.66 m
iter=  600, img_loss=0.065397, reg_loss=0.049291, lr=0.00000, time=803.3 ms, rem=58.91 m
iter=  610, img_loss=0.055731, reg_loss=0.049902, lr=0.00000, time=812.5 ms, rem=59.45 m
iter=  620, img_loss=0.060569, reg_loss=0.051223, lr=0.00000, time=822.9 ms, rem=1.00 h
iter=  630, img_loss=0.055810, reg_loss=0.049271, lr=0.00000, time=814.8 ms, rem=59.34 m
iter=  640, img_loss=0.061121, reg_loss=0.049476, lr=0.00000, time=805.9 ms, rem=58.56 m
iter=  650, img_loss=0.064598, reg_loss=0.049180, lr=0.00000, time=806.3 ms, rem=58.46 m
iter=  660, img_loss=0.060345, reg_loss=0.049041, lr=0.00000, time=803.7 ms, rem=58.13 m
iter=  670, img_loss=0.058414, reg_loss=0.048252, lr=0.00000, time=799.8 ms, rem=57.72 m
iter=  680, img_loss=0.060122, reg_loss=0.049264, lr=0.00000, time=810.9 ms, rem=58.38 m
iter=  690, img_loss=0.063751, reg_loss=0.048524, lr=0.00000, time=803.8 ms, rem=57.74 m
iter=  700, img_loss=0.062509, reg_loss=0.049714, lr=0.00000, time=815.2 ms, rem=58.43 m
iter=  710, img_loss=0.062335, reg_loss=0.049873, lr=0.00000, time=807.7 ms, rem=57.75 m
iter=  720, img_loss=0.061314, reg_loss=0.048127, lr=0.00000, time=794.7 ms, rem=56.69 m
iter=  730, img_loss=0.059728, reg_loss=0.048896, lr=0.00000, time=802.5 ms, rem=57.11 m
iter=  740, img_loss=0.059271, reg_loss=0.047804, lr=0.00000, time=790.7 ms, rem=56.14 m
iter=  750, img_loss=0.060769, reg_loss=0.050254, lr=0.00000, time=817.3 ms, rem=57.89 m
iter=  760, img_loss=0.061231, reg_loss=0.050510, lr=0.00000, time=837.5 ms, rem=59.19 m
iter=  770, img_loss=0.057713, reg_loss=0.049208, lr=0.00000, time=804.5 ms, rem=56.72 m
iter=  780, img_loss=0.065562, reg_loss=0.049060, lr=0.00000, time=807.2 ms, rem=56.77 m
iter=  790, img_loss=0.067248, reg_loss=0.047787, lr=0.00000, time=795.2 ms, rem=55.79 m
iter=  800, img_loss=0.062770, reg_loss=0.049343, lr=0.00000, time=810.9 ms, rem=56.77 m
iter=  810, img_loss=0.058241, reg_loss=0.050559, lr=0.00000, time=822.5 ms, rem=57.44 m
iter=  820, img_loss=0.063119, reg_loss=0.048750, lr=0.00000, time=814.4 ms, rem=56.74 m
iter=  830, img_loss=0.055398, reg_loss=0.049826, lr=0.00000, time=810.0 ms, rem=56.29 m
iter=  840, img_loss=0.064957, reg_loss=0.048274, lr=0.00000, time=797.9 ms, rem=55.32 m
iter=  850, img_loss=0.053408, reg_loss=0.050674, lr=0.00000, time=822.2 ms, rem=56.87 m
iter=  860, img_loss=0.054338, reg_loss=0.049969, lr=0.00000, time=813.3 ms, rem=56.11 m
iter=  870, img_loss=0.059502, reg_loss=0.048756, lr=0.00000, time=803.3 ms, rem=55.29 m
iter=  880, img_loss=0.057741, reg_loss=0.049346, lr=0.00000, time=815.4 ms, rem=55.99 m
iter=  890, img_loss=0.064641, reg_loss=0.048129, lr=0.00000, time=799.0 ms, rem=54.73 m
iter=  900, img_loss=0.053583, reg_loss=0.048527, lr=0.00000, time=803.9 ms, rem=54.93 m
iter=  910, img_loss=0.055455, reg_loss=0.047904, lr=0.00000, time=794.1 ms, rem=54.13 m
iter=  920, img_loss=0.060270, reg_loss=0.049061, lr=0.00000, time=808.0 ms, rem=54.94 m
iter=  930, img_loss=0.052434, reg_loss=0.049437, lr=0.00000, time=810.4 ms, rem=54.97 m
iter=  940, img_loss=0.058328, reg_loss=0.049823, lr=0.00000, time=815.8 ms, rem=55.20 m
iter=  950, img_loss=0.060028, reg_loss=0.049223, lr=0.00000, time=810.4 ms, rem=54.70 m
iter=  960, img_loss=0.054519, reg_loss=0.048809, lr=0.00000, time=808.2 ms, rem=54.42 m
iter=  970, img_loss=0.054250, reg_loss=0.049696, lr=0.00000, time=819.1 ms, rem=55.01 m
iter=  980, img_loss=0.055453, reg_loss=0.049682, lr=0.00000, time=816.8 ms, rem=54.73 m
iter=  990, img_loss=0.050405, reg_loss=0.049259, lr=0.00000, time=813.6 ms, rem=54.37 m
iter= 1000, img_loss=0.061321, reg_loss=0.048267, lr=0.00000, time=804.8 ms, rem=53.65 m
iter= 1010, img_loss=0.060350, reg_loss=0.049569, lr=0.00000, time=818.2 ms, rem=54.41 m
iter= 1020, img_loss=0.054513, reg_loss=0.049144, lr=0.00000, time=806.9 ms, rem=53.53 m
iter= 1030, img_loss=0.057773, reg_loss=0.048356, lr=0.00000, time=804.0 ms, rem=53.20 m
iter= 1040, img_loss=0.066271, reg_loss=0.049779, lr=0.00000, time=818.4 ms, rem=54.01 m
iter= 1050, img_loss=0.062665, reg_loss=0.049808, lr=0.00000, time=833.2 ms, rem=54.85 m
iter= 1060, img_loss=0.057185, reg_loss=0.049323, lr=0.00000, time=812.2 ms, rem=53.33 m
iter= 1070, img_loss=0.058271, reg_loss=0.048821, lr=0.00000, time=807.3 ms, rem=52.88 m
iter= 1080, img_loss=0.051165, reg_loss=0.049139, lr=0.00000, time=812.9 ms, rem=53.11 m
iter= 1090, img_loss=0.052391, reg_loss=0.049236, lr=0.00000, time=813.0 ms, rem=52.98 m
iter= 1100, img_loss=0.066068, reg_loss=0.048298, lr=0.00000, time=813.0 ms, rem=52.85 m
iter= 1110, img_loss=0.060540, reg_loss=0.050521, lr=0.00000, time=825.7 ms, rem=53.53 m
iter= 1120, img_loss=0.056203, reg_loss=0.050028, lr=0.00000, time=828.1 ms, rem=53.55 m
iter= 1130, img_loss=0.050452, reg_loss=0.048571, lr=0.00000, time=801.5 ms, rem=51.70 m
iter= 1140, img_loss=0.055895, reg_loss=0.049227, lr=0.00000, time=813.7 ms, rem=52.35 m
iter= 1150, img_loss=0.056359, reg_loss=0.049849, lr=0.00000, time=828.8 ms, rem=53.18 m
iter= 1160, img_loss=0.055310, reg_loss=0.048524, lr=0.00000, time=818.0 ms, rem=52.35 m
iter= 1170, img_loss=0.056065, reg_loss=0.049898, lr=0.00000, time=827.1 ms, rem=52.80 m
iter= 1180, img_loss=0.057798, reg_loss=0.049795, lr=0.00000, time=829.5 ms, rem=52.81 m
iter= 1190, img_loss=0.063287, reg_loss=0.049675, lr=0.00000, time=836.6 ms, rem=53.13 m
iter= 1200, img_loss=0.062308, reg_loss=0.050223, lr=0.00000, time=827.3 ms, rem=52.40 m
iter= 1210, img_loss=0.054350, reg_loss=0.050201, lr=0.00000, time=829.0 ms, rem=52.37 m
iter= 1220, img_loss=0.056793, reg_loss=0.049308, lr=0.00000, time=825.2 ms, rem=51.99 m
iter= 1230, img_loss=0.056130, reg_loss=0.050636, lr=0.00000, time=842.0 ms, rem=52.91 m
iter= 1240, img_loss=0.059116, reg_loss=0.049015, lr=0.00000, time=826.6 ms, rem=51.80 m
iter= 1250, img_loss=0.064571, reg_loss=0.048423, lr=0.00000, time=823.6 ms, rem=51.47 m
iter= 1260, img_loss=0.064682, reg_loss=0.049568, lr=0.00000, time=839.0 ms, rem=52.30 m
iter= 1270, img_loss=0.055479, reg_loss=0.050007, lr=0.00000, time=839.8 ms, rem=52.21 m
iter= 1280, img_loss=0.058486, reg_loss=0.048664, lr=0.00000, time=825.9 ms, rem=51.21 m
iter= 1290, img_loss=0.057562, reg_loss=0.047974, lr=0.00000, time=826.6 ms, rem=51.11 m
iter= 1300, img_loss=0.061809, reg_loss=0.049283, lr=0.00000, time=827.9 ms, rem=51.05 m
iter= 1310, img_loss=0.058539, reg_loss=0.048802, lr=0.00000, time=827.7 ms, rem=50.90 m
iter= 1320, img_loss=0.058343, reg_loss=0.049213, lr=0.00000, time=835.3 ms, rem=51.23 m
iter= 1330, img_loss=0.057186, reg_loss=0.049726, lr=0.00000, time=835.1 ms, rem=51.08 m
iter= 1340, img_loss=0.056349, reg_loss=0.048634, lr=0.00000, time=828.3 ms, rem=50.52 m
iter= 1350, img_loss=0.055731, reg_loss=0.049272, lr=0.00000, time=838.3 ms, rem=51.00 m
iter= 1360, img_loss=0.052338, reg_loss=0.049686, lr=0.00000, time=838.7 ms, rem=50.88 m
iter= 1370, img_loss=0.064482, reg_loss=0.048819, lr=0.00000, time=835.4 ms, rem=50.54 m
iter= 1380, img_loss=0.057209, reg_loss=0.048668, lr=0.00000, time=830.1 ms, rem=50.09 m
iter= 1390, img_loss=0.058427, reg_loss=0.050035, lr=0.00000, time=845.3 ms, rem=50.86 m
iter= 1400, img_loss=0.056551, reg_loss=0.050678, lr=0.00000, time=848.8 ms, rem=50.93 m
iter= 1410, img_loss=0.056195, reg_loss=0.049299, lr=0.00000, time=836.5 ms, rem=50.05 m
iter= 1420, img_loss=0.061524, reg_loss=0.049069, lr=0.00000, time=830.6 ms, rem=49.56 m
iter= 1430, img_loss=0.064671, reg_loss=0.048566, lr=0.00000, time=830.9 ms, rem=49.44 m
iter= 1440, img_loss=0.051663, reg_loss=0.050658, lr=0.00000, time=846.6 ms, rem=50.23 m
iter= 1450, img_loss=0.057594, reg_loss=0.048288, lr=0.00000, time=824.6 ms, rem=48.79 m
iter= 1460, img_loss=0.056941, reg_loss=0.048636, lr=0.00000, time=834.1 ms, rem=49.21 m
iter= 1470, img_loss=0.054998, reg_loss=0.049220, lr=0.00000, time=835.7 ms, rem=49.17 m
iter= 1480, img_loss=0.056829, reg_loss=0.048844, lr=0.00000, time=838.5 ms, rem=49.19 m
iter= 1490, img_loss=0.051951, reg_loss=0.049203, lr=0.00000, time=841.0 ms, rem=49.20 m
iter= 1500, img_loss=0.061991, reg_loss=0.050214, lr=0.00000, time=849.1 ms, rem=49.53 m
iter= 1510, img_loss=0.059110, reg_loss=0.050494, lr=0.00000, time=849.7 ms, rem=49.43 m
iter= 1520, img_loss=0.052313, reg_loss=0.048343, lr=0.00000, time=839.2 ms, rem=48.68 m
iter= 1530, img_loss=0.055358, reg_loss=0.049232, lr=0.00000, time=833.9 ms, rem=48.23 m
iter= 1540, img_loss=0.052409, reg_loss=0.047310, lr=0.00000, time=820.1 ms, rem=47.29 m
iter= 1550, img_loss=0.059306, reg_loss=0.049879, lr=0.00000, time=843.2 ms, rem=48.49 m
iter= 1560, img_loss=0.055166, reg_loss=0.048474, lr=0.00000, time=832.1 ms, rem=47.71 m
iter= 1570, img_loss=0.053647, reg_loss=0.049001, lr=0.00000, time=839.2 ms, rem=47.98 m
iter= 1580, img_loss=0.058416, reg_loss=0.049855, lr=0.00000, time=846.5 ms, rem=48.25 m
iter= 1590, img_loss=0.061212, reg_loss=0.047687, lr=0.00000, time=825.5 ms, rem=46.92 m
iter= 1600, img_loss=0.058917, reg_loss=0.048739, lr=0.00000, time=831.7 ms, rem=47.13 m
iter= 1610, img_loss=0.055296, reg_loss=0.049310, lr=0.00000, time=842.0 ms, rem=47.58 m
iter= 1620, img_loss=0.050775, reg_loss=0.050223, lr=0.00000, time=845.4 ms, rem=47.63 m
iter= 1630, img_loss=0.057273, reg_loss=0.049103, lr=0.00000, time=836.7 ms, rem=46.99 m
iter= 1640, img_loss=0.058009, reg_loss=0.049487, lr=0.00000, time=844.3 ms, rem=47.28 m
iter= 1650, img_loss=0.062469, reg_loss=0.049978, lr=0.00000, time=850.0 ms, rem=47.46 m
iter= 1660, img_loss=0.057084, reg_loss=0.049257, lr=0.00000, time=844.5 ms, rem=47.01 m
iter= 1670, img_loss=0.061935, reg_loss=0.049214, lr=0.00000, time=842.1 ms, rem=46.74 m
iter= 1680, img_loss=0.059327, reg_loss=0.049617, lr=0.00000, time=849.2 ms, rem=46.99 m
iter= 1690, img_loss=0.067164, reg_loss=0.049514, lr=0.00000, time=851.0 ms, rem=46.95 m
iter= 1700, img_loss=0.051971, reg_loss=0.050182, lr=0.00000, time=855.2 ms, rem=47.04 m
iter= 1710, img_loss=0.060430, reg_loss=0.048134, lr=0.00000, time=830.2 ms, rem=45.52 m
iter= 1720, img_loss=0.065373, reg_loss=0.049143, lr=0.00000, time=844.9 ms, rem=46.19 m
iter= 1730, img_loss=0.059257, reg_loss=0.047791, lr=0.00000, time=839.0 ms, rem=45.72 m
iter= 1740, img_loss=0.058246, reg_loss=0.049316, lr=0.00000, time=837.2 ms, rem=45.49 m
iter= 1750, img_loss=0.053164, reg_loss=0.049139, lr=0.00000, time=839.8 ms, rem=45.49 m
iter= 1760, img_loss=0.054508, reg_loss=0.049103, lr=0.00000, time=841.3 ms, rem=45.43 m
iter= 1770, img_loss=0.056048, reg_loss=0.048631, lr=0.00000, time=838.5 ms, rem=45.14 m
iter= 1780, img_loss=0.048585, reg_loss=0.047442, lr=0.00000, time=824.1 ms, rem=44.23 m
iter= 1790, img_loss=0.057338, reg_loss=0.048732, lr=0.00000, time=835.7 ms, rem=44.71 m
iter= 1800, img_loss=0.057066, reg_loss=0.049541, lr=0.00000, time=842.8 ms, rem=44.95 m
iter= 1810, img_loss=0.057413, reg_loss=0.049301, lr=0.00000, time=839.0 ms, rem=44.61 m
iter= 1820, img_loss=0.051722, reg_loss=0.048986, lr=0.00000, time=831.2 ms, rem=44.05 m
iter= 1830, img_loss=0.059013, reg_loss=0.049554, lr=0.00000, time=841.8 ms, rem=44.48 m
iter= 1840, img_loss=0.063604, reg_loss=0.048336, lr=0.00000, time=834.9 ms, rem=43.97 m
iter= 1850, img_loss=0.058325, reg_loss=0.048316, lr=0.00000, time=833.3 ms, rem=43.75 m
iter= 1860, img_loss=0.058503, reg_loss=0.049578, lr=0.00000, time=840.5 ms, rem=43.99 m
iter= 1870, img_loss=0.052669, reg_loss=0.049357, lr=0.00000, time=840.8 ms, rem=43.86 m
iter= 1880, img_loss=0.052773, reg_loss=0.048823, lr=0.00000, time=839.0 ms, rem=43.63 m
iter= 1890, img_loss=0.058301, reg_loss=0.048274, lr=0.00000, time=833.1 ms, rem=43.18 m
iter= 1900, img_loss=0.049796, reg_loss=0.048784, lr=0.00000, time=835.1 ms, rem=43.15 m
iter= 1910, img_loss=0.059960, reg_loss=0.049940, lr=0.00000, time=845.9 ms, rem=43.56 m
iter= 1920, img_loss=0.062350, reg_loss=0.050403, lr=0.00000, time=855.4 ms, rem=43.91 m
iter= 1930, img_loss=0.059142, reg_loss=0.049175, lr=0.00000, time=838.8 ms, rem=42.92 m
iter= 1940, img_loss=0.065833, reg_loss=0.048184, lr=0.00000, time=830.5 ms, rem=42.36 m
iter= 1950, img_loss=0.057317, reg_loss=0.048354, lr=0.00000, time=833.7 ms, rem=42.38 m
iter= 1960, img_loss=0.060541, reg_loss=0.050662, lr=0.00000, time=859.7 ms, rem=43.56 m
iter= 1970, img_loss=0.051459, reg_loss=0.050487, lr=0.00000, time=851.9 ms, rem=43.02 m
iter= 1980, img_loss=0.060222, reg_loss=0.047841, lr=0.00000, time=821.0 ms, rem=41.32 m
iter= 1990, img_loss=0.061774, reg_loss=0.049634, lr=0.00000, time=845.0 ms, rem=42.39 m
iter= 2000, img_loss=0.061872, reg_loss=0.049151, lr=0.00000, time=841.4 ms, rem=42.07 m
iter= 2010, img_loss=0.059022, reg_loss=0.050966, lr=0.00000, time=857.7 ms, rem=42.74 m
iter= 2020, img_loss=0.057760, reg_loss=0.050006, lr=0.00000, time=842.2 ms, rem=41.83 m
iter= 2030, img_loss=0.057274, reg_loss=0.049613, lr=0.00000, time=847.1 ms, rem=41.93 m
iter= 2040, img_loss=0.057698, reg_loss=0.048851, lr=0.00000, time=828.3 ms, rem=40.86 m
iter= 2050, img_loss=0.052990, reg_loss=0.050044, lr=0.00000, time=844.9 ms, rem=41.54 m
iter= 2060, img_loss=0.057856, reg_loss=0.048742, lr=0.00000, time=834.5 ms, rem=40.89 m
iter= 2070, img_loss=0.049860, reg_loss=0.049141, lr=0.00000, time=839.0 ms, rem=40.97 m
iter= 2080, img_loss=0.050167, reg_loss=0.049338, lr=0.00000, time=844.4 ms, rem=41.09 m
iter= 2090, img_loss=0.066081, reg_loss=0.049201, lr=0.00000, time=843.5 ms, rem=40.91 m
iter= 2100, img_loss=0.054536, reg_loss=0.048885, lr=0.00000, time=831.9 ms, rem=40.21 m
iter= 2110, img_loss=0.060861, reg_loss=0.051068, lr=0.00000, time=862.7 ms, rem=41.55 m
iter= 2120, img_loss=0.057436, reg_loss=0.049882, lr=0.00000, time=845.2 ms, rem=40.57 m
iter= 2130, img_loss=0.055589, reg_loss=0.048931, lr=0.00000, time=841.2 ms, rem=40.24 m
iter= 2140, img_loss=0.055237, reg_loss=0.049608, lr=0.00000, time=843.0 ms, rem=40.18 m
iter= 2150, img_loss=0.060271, reg_loss=0.050118, lr=0.00000, time=848.5 ms, rem=40.30 m
iter= 2160, img_loss=0.052953, reg_loss=0.049518, lr=0.00000, time=843.8 ms, rem=39.94 m
iter= 2170, img_loss=0.058616, reg_loss=0.049838, lr=0.00000, time=849.1 ms, rem=40.05 m
iter= 2180, img_loss=0.055846, reg_loss=0.049113, lr=0.00000, time=839.0 ms, rem=39.43 m
iter= 2190, img_loss=0.060367, reg_loss=0.048000, lr=0.00000, time=822.8 ms, rem=38.53 m
iter= 2200, img_loss=0.061420, reg_loss=0.049500, lr=0.00000, time=837.5 ms, rem=39.08 m
iter= 2210, img_loss=0.057898, reg_loss=0.049447, lr=0.00000, time=836.1 ms, rem=38.88 m
iter= 2220, img_loss=0.063953, reg_loss=0.048470, lr=0.00000, time=832.7 ms, rem=38.58 m
iter= 2230, img_loss=0.057417, reg_loss=0.047736, lr=0.00000, time=827.2 ms, rem=38.19 m
iter= 2240, img_loss=0.054969, reg_loss=0.049994, lr=0.00000, time=871.6 ms, rem=40.09 m
iter= 2250, img_loss=0.057285, reg_loss=0.048287, lr=0.00000, time=821.3 ms, rem=37.64 m
iter= 2260, img_loss=0.063003, reg_loss=0.048164, lr=0.00000, time=825.2 ms, rem=37.68 m
iter= 2270, img_loss=0.060873, reg_loss=0.049493, lr=0.00000, time=842.4 ms, rem=38.33 m
iter= 2280, img_loss=0.060693, reg_loss=0.048941, lr=0.00000, time=835.0 ms, rem=37.85 m
iter= 2290, img_loss=0.056988, reg_loss=0.048888, lr=0.00000, time=839.0 ms, rem=37.90 m
iter= 2300, img_loss=0.056709, reg_loss=0.050949, lr=0.00000, time=858.2 ms, rem=38.62 m
iter= 2310, img_loss=0.051436, reg_loss=0.050359, lr=0.00000, time=850.6 ms, rem=38.14 m
iter= 2320, img_loss=0.064573, reg_loss=0.049491, lr=0.00000, time=838.3 ms, rem=37.44 m
iter= 2330, img_loss=0.051325, reg_loss=0.049727, lr=0.00000, time=841.6 ms, rem=37.45 m
iter= 2340, img_loss=0.060366, reg_loss=0.050134, lr=0.00000, time=848.7 ms, rem=37.63 m
iter= 2350, img_loss=0.054242, reg_loss=0.049636, lr=0.00000, time=847.5 ms, rem=37.43 m
iter= 2360, img_loss=0.054272, reg_loss=0.049882, lr=0.00000, time=846.1 ms, rem=37.23 m
iter= 2370, img_loss=0.059890, reg_loss=0.050326, lr=0.00000, time=850.9 ms, rem=37.30 m
iter= 2380, img_loss=0.053438, reg_loss=0.048934, lr=0.00000, time=839.7 ms, rem=36.67 m
iter= 2390, img_loss=0.054237, reg_loss=0.049524, lr=0.00000, time=844.2 ms, rem=36.72 m
iter= 2400, img_loss=0.066675, reg_loss=0.047357, lr=0.00000, time=822.3 ms, rem=35.63 m
iter= 2410, img_loss=0.047505, reg_loss=0.049174, lr=0.00000, time=837.0 ms, rem=36.13 m
iter= 2420, img_loss=0.058536, reg_loss=0.047442, lr=0.00000, time=819.9 ms, rem=35.26 m
iter= 2430, img_loss=0.053711, reg_loss=0.048929, lr=0.00000, time=834.3 ms, rem=35.74 m
iter= 2440, img_loss=0.055514, reg_loss=0.049465, lr=0.00000, time=842.9 ms, rem=35.96 m
iter= 2450, img_loss=0.058147, reg_loss=0.049248, lr=0.00000, time=843.1 ms, rem=35.83 m
iter= 2460, img_loss=0.058059, reg_loss=0.050307, lr=0.00000, time=849.6 ms, rem=35.97 m
iter= 2470, img_loss=0.053268, reg_loss=0.049642, lr=0.00000, time=841.1 ms, rem=35.47 m
iter= 2480, img_loss=0.059396, reg_loss=0.048286, lr=0.00000, time=829.3 ms, rem=34.83 m
iter= 2490, img_loss=0.052735, reg_loss=0.049176, lr=0.00000, time=838.9 ms, rem=35.10 m
iter= 2500, img_loss=0.065328, reg_loss=0.048779, lr=0.00000, time=830.1 ms, rem=34.59 m
iter= 2510, img_loss=0.056456, reg_loss=0.049497, lr=0.00000, time=837.5 ms, rem=34.76 m
iter= 2520, img_loss=0.058549, reg_loss=0.048879, lr=0.00000, time=837.2 ms, rem=34.60 m
iter= 2530, img_loss=0.059872, reg_loss=0.050253, lr=0.00000, time=849.1 ms, rem=34.96 m
iter= 2540, img_loss=0.066091, reg_loss=0.048767, lr=0.00000, time=839.3 ms, rem=34.41 m
iter= 2550, img_loss=0.058031, reg_loss=0.049155, lr=0.00000, time=836.1 ms, rem=34.14 m
iter= 2560, img_loss=0.058293, reg_loss=0.049567, lr=0.00000, time=843.5 ms, rem=34.30 m
iter= 2570, img_loss=0.060640, reg_loss=0.049879, lr=0.00000, time=848.9 ms, rem=34.38 m
iter= 2580, img_loss=0.060604, reg_loss=0.049160, lr=0.00000, time=840.4 ms, rem=33.89 m
iter= 2590, img_loss=0.059536, reg_loss=0.049837, lr=0.00000, time=847.5 ms, rem=34.04 m
iter= 2600, img_loss=0.067159, reg_loss=0.049754, lr=0.00000, time=847.3 ms, rem=33.89 m
iter= 2610, img_loss=0.054397, reg_loss=0.048867, lr=0.00000, time=838.1 ms, rem=33.38 m
iter= 2620, img_loss=0.063316, reg_loss=0.048986, lr=0.00000, time=833.7 ms, rem=33.07 m
iter= 2630, img_loss=0.056072, reg_loss=0.047997, lr=0.00000, time=827.3 ms, rem=32.68 m
iter= 2640, img_loss=0.058858, reg_loss=0.049166, lr=0.00000, time=836.5 ms, rem=32.90 m
iter= 2650, img_loss=0.061287, reg_loss=0.048629, lr=0.00000, time=832.4 ms, rem=32.60 m
iter= 2660, img_loss=0.071315, reg_loss=0.047811, lr=0.00000, time=823.9 ms, rem=32.13 m
iter= 2670, img_loss=0.055616, reg_loss=0.049306, lr=0.00000, time=842.4 ms, rem=32.71 m
iter= 2680, img_loss=0.064726, reg_loss=0.047353, lr=0.00000, time=821.8 ms, rem=31.78 m
iter= 2690, img_loss=0.058027, reg_loss=0.048500, lr=0.00000, time=847.0 ms, rem=32.61 m
iter= 2700, img_loss=0.058149, reg_loss=0.048118, lr=0.00000, time=825.4 ms, rem=31.64 m
iter= 2710, img_loss=0.055063, reg_loss=0.049418, lr=0.00000, time=835.7 ms, rem=31.89 m
iter= 2720, img_loss=0.055285, reg_loss=0.049028, lr=0.00000, time=831.3 ms, rem=31.59 m
iter= 2730, img_loss=0.055490, reg_loss=0.049613, lr=0.00000, time=839.8 ms, rem=31.77 m
iter= 2740, img_loss=0.052771, reg_loss=0.048980, lr=0.00000, time=833.1 ms, rem=31.38 m
iter= 2750, img_loss=0.054611, reg_loss=0.049278, lr=0.00000, time=836.3 ms, rem=31.36 m
iter= 2760, img_loss=0.057337, reg_loss=0.048471, lr=0.00000, time=830.2 ms, rem=31.00 m
iter= 2770, img_loss=0.054650, reg_loss=0.047985, lr=0.00000, time=820.4 ms, rem=30.49 m
iter= 2780, img_loss=0.059635, reg_loss=0.048644, lr=0.00000, time=829.8 ms, rem=30.70 m
iter= 2790, img_loss=0.058815, reg_loss=0.049906, lr=0.00000, time=844.7 ms, rem=31.11 m
iter= 2800, img_loss=0.054273, reg_loss=0.048441, lr=0.00000, time=825.2 ms, rem=30.26 m
iter= 2810, img_loss=0.065339, reg_loss=0.049412, lr=0.00000, time=846.7 ms, rem=30.90 m
iter= 2820, img_loss=0.061717, reg_loss=0.050048, lr=0.00000, time=845.2 ms, rem=30.71 m
iter= 2830, img_loss=0.051599, reg_loss=0.049048, lr=0.00000, time=844.4 ms, rem=30.54 m
iter= 2840, img_loss=0.057121, reg_loss=0.049744, lr=0.00000, time=844.7 ms, rem=30.41 m
iter= 2850, img_loss=0.056335, reg_loss=0.048626, lr=0.00000, time=830.7 ms, rem=29.77 m
iter= 2860, img_loss=0.054746, reg_loss=0.051222, lr=0.00000, time=863.7 ms, rem=30.81 m
iter= 2870, img_loss=0.055819, reg_loss=0.049289, lr=0.00000, time=838.8 ms, rem=29.78 m
iter= 2880, img_loss=0.061722, reg_loss=0.050045, lr=0.00000, time=847.9 ms, rem=29.96 m
iter= 2890, img_loss=0.056669, reg_loss=0.049313, lr=0.00000, time=845.1 ms, rem=29.72 m
iter= 2900, img_loss=0.057923, reg_loss=0.049636, lr=0.00000, time=841.6 ms, rem=29.45 m
iter= 2910, img_loss=0.059441, reg_loss=0.047924, lr=0.00000, time=821.8 ms, rem=28.62 m
iter= 2920, img_loss=0.056353, reg_loss=0.047914, lr=0.00000, time=836.8 ms, rem=29.01 m
iter= 2930, img_loss=0.057073, reg_loss=0.047888, lr=0.00000, time=825.0 ms, rem=28.46 m
iter= 2940, img_loss=0.063338, reg_loss=0.047320, lr=0.00000, time=815.1 ms, rem=27.98 m
iter= 2950, img_loss=0.055801, reg_loss=0.048847, lr=0.00000, time=859.1 ms, rem=29.35 m
iter= 2960, img_loss=0.059238, reg_loss=0.049043, lr=0.00000, time=828.1 ms, rem=28.15 m
iter= 2970, img_loss=0.062277, reg_loss=0.048053, lr=0.00000, time=820.2 ms, rem=27.75 m
iter= 2980, img_loss=0.054161, reg_loss=0.050688, lr=0.00000, time=847.3 ms, rem=28.53 m
iter= 2990, img_loss=0.056294, reg_loss=0.050396, lr=0.00000, time=849.7 ms, rem=28.47 m
iter= 3000, img_loss=0.055623, reg_loss=0.048924, lr=0.00000, time=849.2 ms, rem=28.31 m
iter= 3010, img_loss=0.058922, reg_loss=0.047865, lr=0.00000, time=818.6 ms, rem=27.15 m
iter= 3020, img_loss=0.062982, reg_loss=0.049624, lr=0.00000, time=837.5 ms, rem=27.64 m
iter= 3030, img_loss=0.049325, reg_loss=0.049859, lr=0.00000, time=858.7 ms, rem=28.19 m
iter= 3040, img_loss=0.055689, reg_loss=0.048589, lr=0.00000, time=825.7 ms, rem=26.97 m
iter= 3050, img_loss=0.063735, reg_loss=0.047355, lr=0.00000, time=817.3 ms, rem=26.56 m
iter= 3060, img_loss=0.056975, reg_loss=0.048784, lr=0.00000, time=828.2 ms, rem=26.78 m
iter= 3070, img_loss=0.049490, reg_loss=0.048297, lr=0.00000, time=826.3 ms, rem=26.58 m
iter= 3080, img_loss=0.058875, reg_loss=0.049015, lr=0.00000, time=836.9 ms, rem=26.78 m
iter= 3090, img_loss=0.050564, reg_loss=0.048418, lr=0.00000, time=828.2 ms, rem=26.37 m
iter= 3100, img_loss=0.050245, reg_loss=0.049942, lr=0.00000, time=844.1 ms, rem=26.73 m
iter= 3110, img_loss=0.056098, reg_loss=0.049562, lr=0.00000, time=838.8 ms, rem=26.42 m
iter= 3120, img_loss=0.061468, reg_loss=0.048670, lr=0.00000, time=831.5 ms, rem=26.05 m
iter= 3130, img_loss=0.057445, reg_loss=0.048386, lr=0.00000, time=831.9 ms, rem=25.93 m
iter= 3140, img_loss=0.062978, reg_loss=0.048515, lr=0.00000, time=829.1 ms, rem=25.70 m
iter= 3150, img_loss=0.066025, reg_loss=0.049360, lr=0.00000, time=842.9 ms, rem=25.99 m
iter= 3160, img_loss=0.055655, reg_loss=0.049209, lr=0.00000, time=837.2 ms, rem=25.67 m
iter= 3170, img_loss=0.057283, reg_loss=0.048840, lr=0.00000, time=833.5 ms, rem=25.42 m
iter= 3180, img_loss=0.057113, reg_loss=0.049555, lr=0.00000, time=842.9 ms, rem=25.57 m
iter= 3190, img_loss=0.063113, reg_loss=0.050057, lr=0.00000, time=854.4 ms, rem=25.77 m
iter= 3200, img_loss=0.051604, reg_loss=0.048666, lr=0.00000, time=826.0 ms, rem=24.78 m
iter= 3210, img_loss=0.053782, reg_loss=0.048429, lr=0.00000, time=828.0 ms, rem=24.70 m
iter= 3220, img_loss=0.054944, reg_loss=0.049293, lr=0.00000, time=835.1 ms, rem=24.77 m
iter= 3230, img_loss=0.055361, reg_loss=0.049571, lr=0.00000, time=834.5 ms, rem=24.62 m
iter= 3240, img_loss=0.058144, reg_loss=0.049399, lr=0.00000, time=836.4 ms, rem=24.54 m
iter= 3250, img_loss=0.068963, reg_loss=0.049112, lr=0.00000, time=841.2 ms, rem=24.53 m
iter= 3260, img_loss=0.056379, reg_loss=0.049563, lr=0.00000, time=838.4 ms, rem=24.31 m
iter= 3270, img_loss=0.059516, reg_loss=0.048828, lr=0.00000, time=833.2 ms, rem=24.02 m
iter= 3280, img_loss=0.062583, reg_loss=0.048743, lr=0.00000, time=832.6 ms, rem=23.87 m
iter= 3290, img_loss=0.056913, reg_loss=0.048436, lr=0.00000, time=831.7 ms, rem=23.70 m
iter= 3300, img_loss=0.055984, reg_loss=0.049609, lr=0.00000, time=841.4 ms, rem=23.84 m
iter= 3310, img_loss=0.053342, reg_loss=0.048474, lr=0.00000, time=829.2 ms, rem=23.36 m
iter= 3320, img_loss=0.059393, reg_loss=0.049361, lr=0.00000, time=844.4 ms, rem=23.64 m
iter= 3330, img_loss=0.052237, reg_loss=0.049261, lr=0.00000, time=836.7 ms, rem=23.29 m
iter= 3340, img_loss=0.055085, reg_loss=0.048493, lr=0.00000, time=824.5 ms, rem=22.81 m
iter= 3350, img_loss=0.059184, reg_loss=0.049896, lr=0.00000, time=841.9 ms, rem=23.15 m
iter= 3360, img_loss=0.062451, reg_loss=0.048577, lr=0.00000, time=833.4 ms, rem=22.78 m
iter= 3370, img_loss=0.052477, reg_loss=0.049735, lr=0.00000, time=863.1 ms, rem=23.45 m
iter= 3380, img_loss=0.055448, reg_loss=0.050664, lr=0.00000, time=849.4 ms, rem=22.93 m
iter= 3390, img_loss=0.063513, reg_loss=0.048026, lr=0.00000, time=828.5 ms, rem=22.23 m
iter= 3400, img_loss=0.062661, reg_loss=0.049139, lr=0.00000, time=850.8 ms, rem=22.69 m
iter= 3410, img_loss=0.058283, reg_loss=0.048744, lr=0.00000, time=823.3 ms, rem=21.82 m
iter= 3420, img_loss=0.055345, reg_loss=0.050024, lr=0.00000, time=843.7 ms, rem=22.22 m
iter= 3430, img_loss=0.057665, reg_loss=0.048634, lr=0.00000, time=830.1 ms, rem=21.72 m
iter= 3440, img_loss=0.061328, reg_loss=0.047382, lr=0.00000, time=820.9 ms, rem=21.34 m
iter= 3450, img_loss=0.058729, reg_loss=0.049645, lr=0.00000, time=859.7 ms, rem=22.21 m
iter= 3460, img_loss=0.060982, reg_loss=0.046981, lr=0.00000, time=810.7 ms, rem=20.81 m
iter= 3470, img_loss=0.056656, reg_loss=0.048697, lr=0.00000, time=830.8 ms, rem=21.18 m
iter= 3480, img_loss=0.053778, reg_loss=0.048571, lr=0.00000, time=830.5 ms, rem=21.04 m
iter= 3490, img_loss=0.055263, reg_loss=0.050879, lr=0.00000, time=853.1 ms, rem=21.47 m
iter= 3500, img_loss=0.052728, reg_loss=0.048067, lr=0.00000, time=826.1 ms, rem=20.65 m
iter= 3510, img_loss=0.056106, reg_loss=0.048557, lr=0.00000, time=836.3 ms, rem=20.77 m
iter= 3520, img_loss=0.050884, reg_loss=0.050038, lr=0.00000, time=840.0 ms, rem=20.72 m
iter= 3530, img_loss=0.052889, reg_loss=0.050222, lr=0.00000, time=843.7 ms, rem=20.67 m
iter= 3540, img_loss=0.061493, reg_loss=0.049779, lr=0.00000, time=844.4 ms, rem=20.55 m
iter= 3550, img_loss=0.056419, reg_loss=0.049552, lr=0.00000, time=844.7 ms, rem=20.41 m
iter= 3560, img_loss=0.061250, reg_loss=0.048948, lr=0.00000, time=832.5 ms, rem=19.98 m
iter= 3570, img_loss=0.055949, reg_loss=0.048871, lr=0.00000, time=829.8 ms, rem=19.78 m
iter= 3580, img_loss=0.062737, reg_loss=0.050296, lr=0.00000, time=851.3 ms, rem=20.15 m
iter= 3590, img_loss=0.052478, reg_loss=0.048089, lr=0.00000, time=828.0 ms, rem=19.46 m
iter= 3600, img_loss=0.056394, reg_loss=0.050450, lr=0.00000, time=848.6 ms, rem=19.80 m
iter= 3610, img_loss=0.070984, reg_loss=0.047355, lr=0.00000, time=817.4 ms, rem=18.94 m
iter= 3620, img_loss=0.062503, reg_loss=0.049218, lr=0.00000, time=836.5 ms, rem=19.24 m
iter= 3630, img_loss=0.054741, reg_loss=0.047881, lr=0.00000, time=821.7 ms, rem=18.76 m
iter= 3640, img_loss=0.057982, reg_loss=0.049774, lr=0.00000, time=845.3 ms, rem=19.16 m
iter= 3650, img_loss=0.060291, reg_loss=0.049114, lr=0.00000, time=837.4 ms, rem=18.84 m
iter= 3660, img_loss=0.058867, reg_loss=0.047865, lr=0.00000, time=825.0 ms, rem=18.43 m
iter= 3670, img_loss=0.052362, reg_loss=0.047785, lr=0.00000, time=826.8 ms, rem=18.33 m
iter= 3680, img_loss=0.056547, reg_loss=0.048542, lr=0.00000, time=834.0 ms, rem=18.35 m
iter= 3690, img_loss=0.055363, reg_loss=0.049170, lr=0.00000, time=841.8 ms, rem=18.38 m
iter= 3700, img_loss=0.051885, reg_loss=0.049130, lr=0.00000, time=834.9 ms, rem=18.09 m
iter= 3710, img_loss=0.062802, reg_loss=0.048312, lr=0.00000, time=823.3 ms, rem=17.70 m
iter= 3720, img_loss=0.056466, reg_loss=0.050666, lr=0.00000, time=844.2 ms, rem=18.01 m
iter= 3730, img_loss=0.057700, reg_loss=0.050182, lr=0.00000, time=844.3 ms, rem=17.87 m
iter= 3740, img_loss=0.055948, reg_loss=0.049996, lr=0.00000, time=842.5 ms, rem=17.69 m
iter= 3750, img_loss=0.067960, reg_loss=0.047866, lr=0.00000, time=826.0 ms, rem=17.21 m
iter= 3760, img_loss=0.055375, reg_loss=0.049503, lr=0.00000, time=839.5 ms, rem=17.35 m
iter= 3770, img_loss=0.059410, reg_loss=0.049101, lr=0.00000, time=835.5 ms, rem=17.13 m
iter= 3780, img_loss=0.057264, reg_loss=0.049038, lr=0.00000, time=834.6 ms, rem=16.97 m
iter= 3790, img_loss=0.057600, reg_loss=0.049591, lr=0.00000, time=840.3 ms, rem=16.95 m
iter= 3800, img_loss=0.056264, reg_loss=0.050456, lr=0.00000, time=848.0 ms, rem=16.96 m
iter= 3810, img_loss=0.058379, reg_loss=0.049428, lr=0.00000, time=841.4 ms, rem=16.69 m
iter= 3820, img_loss=0.056471, reg_loss=0.048828, lr=0.00000, time=836.0 ms, rem=16.44 m
iter= 3830, img_loss=0.054711, reg_loss=0.049538, lr=0.00000, time=837.1 ms, rem=16.32 m
iter= 3840, img_loss=0.054649, reg_loss=0.048495, lr=0.00000, time=832.4 ms, rem=16.09 m
iter= 3850, img_loss=0.050774, reg_loss=0.049426, lr=0.00000, time=844.4 ms, rem=16.18 m
iter= 3860, img_loss=0.062009, reg_loss=0.048364, lr=0.00000, time=831.8 ms, rem=15.80 m
iter= 3870, img_loss=0.048154, reg_loss=0.049808, lr=0.00000, time=851.6 ms, rem=16.04 m
iter= 3880, img_loss=0.057288, reg_loss=0.048780, lr=0.00000, time=837.9 ms, rem=15.64 m
iter= 3890, img_loss=0.061362, reg_loss=0.048967, lr=0.00000, time=833.1 ms, rem=15.41 m
iter= 3900, img_loss=0.055568, reg_loss=0.048656, lr=0.00000, time=825.5 ms, rem=15.13 m
iter= 3910, img_loss=0.059029, reg_loss=0.049326, lr=0.00000, time=836.1 ms, rem=15.19 m
iter= 3920, img_loss=0.055343, reg_loss=0.048214, lr=0.00000, time=820.1 ms, rem=14.76 m
iter= 3930, img_loss=0.057231, reg_loss=0.049016, lr=0.00000, time=833.7 ms, rem=14.87 m
iter= 3940, img_loss=0.054805, reg_loss=0.048447, lr=0.00000, time=824.4 ms, rem=14.57 m
iter= 3950, img_loss=0.055481, reg_loss=0.048479, lr=0.00000, time=830.0 ms, rem=14.52 m
iter= 3960, img_loss=0.060870, reg_loss=0.050212, lr=0.00000, time=847.1 ms, rem=14.68 m
iter= 3970, img_loss=0.058193, reg_loss=0.047901, lr=0.00000, time=830.1 ms, rem=14.25 m
iter= 3980, img_loss=0.047455, reg_loss=0.048415, lr=0.00000, time=821.1 ms, rem=13.96 m
iter= 3990, img_loss=0.058998, reg_loss=0.049179, lr=0.00000, time=845.9 ms, rem=14.24 m
iter= 4000, img_loss=0.055042, reg_loss=0.048430, lr=0.00000, time=831.6 ms, rem=13.86 m
iter= 4010, img_loss=0.053058, reg_loss=0.049268, lr=0.00000, time=838.6 ms, rem=13.84 m
iter= 4020, img_loss=0.060252, reg_loss=0.049599, lr=0.00000, time=835.4 ms, rem=13.65 m
iter= 4030, img_loss=0.059837, reg_loss=0.050022, lr=0.00000, time=839.1 ms, rem=13.57 m
iter= 4040, img_loss=0.051229, reg_loss=0.048635, lr=0.00000, time=830.5 ms, rem=13.29 m
iter= 4050, img_loss=0.056285, reg_loss=0.048883, lr=0.00000, time=831.2 ms, rem=13.16 m
iter= 4060, img_loss=0.061592, reg_loss=0.049337, lr=0.00000, time=839.7 ms, rem=13.15 m
iter= 4070, img_loss=0.055902, reg_loss=0.049047, lr=0.00000, time=835.8 ms, rem=12.96 m
iter= 4080, img_loss=0.053890, reg_loss=0.047968, lr=0.00000, time=827.0 ms, rem=12.68 m
iter= 4090, img_loss=0.065464, reg_loss=0.049167, lr=0.00000, time=837.3 ms, rem=12.70 m
iter= 4100, img_loss=0.057805, reg_loss=0.049346, lr=0.00000, time=839.0 ms, rem=12.58 m
iter= 4110, img_loss=0.063804, reg_loss=0.049419, lr=0.00000, time=839.5 ms, rem=12.45 m
iter= 4120, img_loss=0.062934, reg_loss=0.049046, lr=0.00000, time=829.0 ms, rem=12.16 m
iter= 4130, img_loss=0.051795, reg_loss=0.050989, lr=0.00000, time=850.0 ms, rem=12.32 m
iter= 4140, img_loss=0.054987, reg_loss=0.049849, lr=0.00000, time=843.9 ms, rem=12.10 m
iter= 4150, img_loss=0.063563, reg_loss=0.049594, lr=0.00000, time=840.8 ms, rem=11.91 m
iter= 4160, img_loss=0.058719, reg_loss=0.048888, lr=0.00000, time=838.4 ms, rem=11.74 m
iter= 4170, img_loss=0.061002, reg_loss=0.049289, lr=0.00000, time=839.9 ms, rem=11.62 m
iter= 4180, img_loss=0.060289, reg_loss=0.047963, lr=0.00000, time=825.8 ms, rem=11.29 m
iter= 4190, img_loss=0.055360, reg_loss=0.048002, lr=0.00000, time=826.0 ms, rem=11.15 m
iter= 4200, img_loss=0.049118, reg_loss=0.048512, lr=0.00000, time=830.0 ms, rem=11.07 m
iter= 4210, img_loss=0.055058, reg_loss=0.050219, lr=0.00000, time=846.7 ms, rem=11.15 m
iter= 4220, img_loss=0.054204, reg_loss=0.049149, lr=0.00000, time=840.6 ms, rem=10.93 m
iter= 4230, img_loss=0.052731, reg_loss=0.049012, lr=0.00000, time=836.1 ms, rem=10.73 m
iter= 4240, img_loss=0.050719, reg_loss=0.048833, lr=0.00000, time=831.1 ms, rem=10.53 m
iter= 4250, img_loss=0.053106, reg_loss=0.048426, lr=0.00000, time=833.1 ms, rem=10.41 m
iter= 4260, img_loss=0.057772, reg_loss=0.049067, lr=0.00000, time=833.3 ms, rem=10.28 m
iter= 4270, img_loss=0.059996, reg_loss=0.048627, lr=0.00000, time=833.0 ms, rem=10.13 m
iter= 4280, img_loss=0.056917, reg_loss=0.048356, lr=0.00000, time=827.7 ms, rem=9.93 m
iter= 4290, img_loss=0.060030, reg_loss=0.048879, lr=0.00000, time=828.2 ms, rem=9.80 m
iter= 4300, img_loss=0.051977, reg_loss=0.047840, lr=0.00000, time=824.2 ms, rem=9.62 m
iter= 4310, img_loss=0.057497, reg_loss=0.049304, lr=0.00000, time=837.6 ms, rem=9.63 m
iter= 4320, img_loss=0.060851, reg_loss=0.048884, lr=0.00000, time=834.8 ms, rem=9.46 m
iter= 4330, img_loss=0.056140, reg_loss=0.048317, lr=0.00000, time=818.3 ms, rem=9.14 m
iter= 4340, img_loss=0.058258, reg_loss=0.049997, lr=0.00000, time=840.3 ms, rem=9.24 m
iter= 4350, img_loss=0.062439, reg_loss=0.049261, lr=0.00000, time=837.4 ms, rem=9.07 m
iter= 4360, img_loss=0.052545, reg_loss=0.049198, lr=0.00000, time=851.4 ms, rem=9.08 m
iter= 4370, img_loss=0.064419, reg_loss=0.047818, lr=0.00000, time=818.7 ms, rem=8.60 m
iter= 4380, img_loss=0.056377, reg_loss=0.050017, lr=0.00000, time=841.8 ms, rem=8.70 m
iter= 4390, img_loss=0.059871, reg_loss=0.049530, lr=0.00000, time=837.6 ms, rem=8.52 m
iter= 4400, img_loss=0.055165, reg_loss=0.049313, lr=0.00000, time=836.5 ms, rem=8.36 m
iter= 4410, img_loss=0.056983, reg_loss=0.048671, lr=0.00000, time=836.4 ms, rem=8.22 m
iter= 4420, img_loss=0.056543, reg_loss=0.048039, lr=0.00000, time=829.0 ms, rem=8.01 m
iter= 4430, img_loss=0.058804, reg_loss=0.049680, lr=0.00000, time=837.6 ms, rem=7.96 m
iter= 4440, img_loss=0.063705, reg_loss=0.048480, lr=0.00000, time=829.5 ms, rem=7.74 m
iter= 4450, img_loss=0.053933, reg_loss=0.049171, lr=0.00000, time=831.4 ms, rem=7.62 m
iter= 4460, img_loss=0.057011, reg_loss=0.049313, lr=0.00000, time=835.7 ms, rem=7.52 m
iter= 4470, img_loss=0.055414, reg_loss=0.050623, lr=0.00000, time=852.5 ms, rem=7.53 m
iter= 4480, img_loss=0.060217, reg_loss=0.048349, lr=0.00000, time=828.7 ms, rem=7.18 m
iter= 4490, img_loss=0.060793, reg_loss=0.050177, lr=0.00000, time=851.2 ms, rem=7.23 m
iter= 4500, img_loss=0.060822, reg_loss=0.049609, lr=0.00000, time=841.7 ms, rem=7.01 m
iter= 4510, img_loss=0.054338, reg_loss=0.048512, lr=0.00000, time=829.4 ms, rem=6.77 m
iter= 4520, img_loss=0.053076, reg_loss=0.051073, lr=0.00000, time=857.5 ms, rem=6.86 m
iter= 4530, img_loss=0.059281, reg_loss=0.048723, lr=0.00000, time=833.2 ms, rem=6.53 m
iter= 4540, img_loss=0.058476, reg_loss=0.050455, lr=0.00000, time=852.0 ms, rem=6.53 m
iter= 4550, img_loss=0.054032, reg_loss=0.049610, lr=0.00000, time=842.0 ms, rem=6.32 m
iter= 4560, img_loss=0.054542, reg_loss=0.048792, lr=0.00000, time=831.3 ms, rem=6.10 m
iter= 4570, img_loss=0.059141, reg_loss=0.049407, lr=0.00000, time=839.0 ms, rem=6.01 m
iter= 4580, img_loss=0.055372, reg_loss=0.049343, lr=0.00000, time=844.1 ms, rem=5.91 m
iter= 4590, img_loss=0.058982, reg_loss=0.048807, lr=0.00000, time=836.4 ms, rem=5.72 m
iter= 4600, img_loss=0.052809, reg_loss=0.049759, lr=0.00000, time=844.8 ms, rem=5.63 m
iter= 4610, img_loss=0.065056, reg_loss=0.048899, lr=0.00000, time=835.6 ms, rem=5.43 m
iter= 4620, img_loss=0.053118, reg_loss=0.049775, lr=0.00000, time=839.4 ms, rem=5.32 m
iter= 4630, img_loss=0.051537, reg_loss=0.048754, lr=0.00000, time=828.0 ms, rem=5.11 m
iter= 4640, img_loss=0.060523, reg_loss=0.048481, lr=0.00000, time=832.9 ms, rem=5.00 m
iter= 4650, img_loss=0.052688, reg_loss=0.049935, lr=0.00000, time=842.2 ms, rem=4.91 m
iter= 4660, img_loss=0.054092, reg_loss=0.047435, lr=0.00000, time=819.5 ms, rem=4.64 m
iter= 4670, img_loss=0.063035, reg_loss=0.051629, lr=0.00000, time=861.7 ms, rem=4.74 m
iter= 4680, img_loss=0.067591, reg_loss=0.048611, lr=0.00000, time=831.9 ms, rem=4.44 m
iter= 4690, img_loss=0.055778, reg_loss=0.050229, lr=0.00000, time=849.4 ms, rem=4.39 m
iter= 4700, img_loss=0.062472, reg_loss=0.049202, lr=0.00000, time=843.9 ms, rem=4.22 m
iter= 4710, img_loss=0.058556, reg_loss=0.048544, lr=0.00000, time=842.2 ms, rem=4.07 m
iter= 4720, img_loss=0.056670, reg_loss=0.049612, lr=0.00000, time=834.7 ms, rem=3.90 m
iter= 4730, img_loss=0.057049, reg_loss=0.050696, lr=0.00000, time=865.4 ms, rem=3.89 m
iter= 4740, img_loss=0.057748, reg_loss=0.048073, lr=0.00000, time=820.7 ms, rem=3.56 m
iter= 4750, img_loss=0.058919, reg_loss=0.048065, lr=0.00000, time=822.2 ms, rem=3.43 m
iter= 4760, img_loss=0.063043, reg_loss=0.049968, lr=0.00000, time=838.6 ms, rem=3.35 m
iter= 4770, img_loss=0.052011, reg_loss=0.049042, lr=0.00000, time=827.9 ms, rem=3.17 m
iter= 4780, img_loss=0.052275, reg_loss=0.050074, lr=0.00000, time=834.8 ms, rem=3.06 m
iter= 4790, img_loss=0.059969, reg_loss=0.048921, lr=0.00000, time=836.2 ms, rem=2.93 m
iter= 4800, img_loss=0.053110, reg_loss=0.048598, lr=0.00000, time=818.9 ms, rem=2.73 m
iter= 4810, img_loss=0.058768, reg_loss=0.048698, lr=0.00000, time=824.5 ms, rem=2.61 m
iter= 4820, img_loss=0.055671, reg_loss=0.048365, lr=0.00000, time=815.3 ms, rem=2.45 m
iter= 4830, img_loss=0.054068, reg_loss=0.048824, lr=0.00000, time=827.9 ms, rem=2.35 m
iter= 4840, img_loss=0.056110, reg_loss=0.048989, lr=0.00000, time=824.4 ms, rem=2.20 m
iter= 4850, img_loss=0.054030, reg_loss=0.050350, lr=0.00000, time=843.3 ms, rem=2.11 m
iter= 4860, img_loss=0.055362, reg_loss=0.051525, lr=0.00000, time=858.1 ms, rem=2.00 m
iter= 4870, img_loss=0.060755, reg_loss=0.048429, lr=0.00000, time=825.7 ms, rem=1.79 m
iter= 4880, img_loss=0.063419, reg_loss=0.049000, lr=0.00000, time=837.5 ms, rem=1.67 m
iter= 4890, img_loss=0.054702, reg_loss=0.050344, lr=0.00000, time=845.7 ms, rem=1.55 m
iter= 4900, img_loss=0.054251, reg_loss=0.048193, lr=0.00000, time=824.0 ms, rem=1.37 m
iter= 4910, img_loss=0.050829, reg_loss=0.049775, lr=0.00000, time=834.5 ms, rem=1.25 m
iter= 4920, img_loss=0.060040, reg_loss=0.049481, lr=0.00000, time=840.8 ms, rem=1.12 m
iter= 4930, img_loss=0.060090, reg_loss=0.049780, lr=0.00000, time=837.1 ms, rem=58.60 s
iter= 4940, img_loss=0.058780, reg_loss=0.050146, lr=0.00000, time=843.5 ms, rem=50.61 s
iter= 4950, img_loss=0.060213, reg_loss=0.049722, lr=0.00000, time=839.1 ms, rem=41.96 s
iter= 4960, img_loss=0.057009, reg_loss=0.050488, lr=0.00000, time=849.7 ms, rem=33.99 s
iter= 4970, img_loss=0.052491, reg_loss=0.049281, lr=0.00000, time=837.8 ms, rem=25.13 s
iter= 4980, img_loss=0.054783, reg_loss=0.048572, lr=0.00000, time=827.6 ms, rem=16.55 s
iter= 4990, img_loss=0.057995, reg_loss=0.050404, lr=0.00000, time=852.4 ms, rem=8.52 s
iter= 5000, img_loss=0.054432, reg_loss=0.048209, lr=0.00000, time=826.5 ms, rem=0.00 s
Running validation
MSE,      PSNR
0.01409560, 19.467
Writing mesh:  out/bear/mesh/mesh.obj
    writing 453012 vertices
    writing 2717334 texcoords
    writing 453012 normals
    writing 905778 faces
Writing material:  out/bear/mesh/mesh.mtl
Done exporting mesh
OptiXStateWrapper destructor 
