====== Scene: clock ======
Using /homes/sanskar/.cache/torch_extensions/py39_cu116 as PyTorch extensions root...
Detected CUDA files, patching ldflags
Emitting ninja build file /homes/sanskar/.cache/torch_extensions/py39_cu116/optixutils_plugin/build.ninja...
Building extension module optixutils_plugin...
Allowing ninja to set a default number of workers... (overridable by setting the environment variable MAX_JOBS=N)
ninja: no work to do.
Loading extension module optixutils_plugin...
Using mesh scale : 2.1, center : [ 0.00426912 -0.03167397  0.00819637]
Config / Flags:
---------
iter 5000
batch 8
spp 1
layers 1
train_res [576, 768]
display_res [576, 768]
texture_res [1024, 1024]
display_interval 0
save_interval 100
learning_rate [0.03, 0.01]
custom_mip False
background white
loss logl1
out_dir out/clock
config configs/clock.json
ref_mesh /homes/sanskar/data/bmvsdtu/llff_data/clock
base_mesh /homes/sanskar/mcnvdiffrec/nvdiffrecmc/dtu_data/mesh/clock.obj
validate True
n_samples 8
bsdf pbr
denoiser bilateral
denoiser_demodulate True
mtl_override None
dmtet_grid 64
mesh_scale 2.1
envlight None
env_scale 1.0
probe_res 256
learn_lighting True
display [{'latlong': True}, {'bsdf': 'kd'}, {'bsdf': 'ks'}, {'bsdf': 'normal'}]
transparency False
lock_light False
lock_pos True
sdf_regularizer 0.2
laplace relative
laplace_scale 3000.0
pre_load True
no_perturbed_nrm False
decorrelated False
kd_min [0.0, 0.0, 0.0, 0.0]
kd_max [1.0, 1.0, 1.0, 1.0]
ks_min [0.0, 0.08, 0.0]
ks_max [1.0, 1.0, 1.0]
nrm_min [-1.0, -1.0, 0.0]
nrm_max [1.0, 1.0, 1.0]
clip_max_norm 0.0
cam_near_far [0.1, 1000.0]
lambda_kd 0.1
lambda_ks 0.05
lambda_nrm 0.025
lambda_nrm2 0.25
lambda_chroma 0.0
lambda_diffuse 0.15
lambda_specular 0.0025
random_textures True
centre [ 0.00426912 -0.03167397  0.00819637]
---------
/homes/sanskar/miniconda3/envs/nvdiffrec/lib/python3.9/site-packages/torch/functional.py:504: UserWarning: torch.meshgrid: in an upcoming release, it will be required to pass the indexing argument. (Triggered internally at ../aten/src/ATen/native/TensorShape.cpp:3190.)
  return _VF.meshgrid(tensors, **kwargs)  # type: ignore[attr-defined]
End of OptiXStateWrapper 
Using /homes/sanskar/.cache/torch_extensions/py39_cu116 as PyTorch extensions root...
Detected CUDA files, patching ldflags
Emitting ninja build file /homes/sanskar/.cache/torch_extensions/py39_cu116/renderutils_plugin/build.ninja...
Building extension module renderutils_plugin...
Allowing ninja to set a default number of workers... (overridable by setting the environment variable MAX_JOBS=N)
DatasetLLFF: 134 images with shape [576, 768]
Auto centering at [ 0.00426912 -0.03167397  0.00819637]
DatasetLLFF: 9 images with shape [576, 768]
Auto centering at [ 0.00426912 -0.03167397  0.00819637]
Cuda path /homes/sanskar/miniconda3/envs/nvdiffrec
Base mesh has 1014604 triangles and 507350 vertices.
Avg edge length: 0.001301
ninja: no work to do.
Loading extension module renderutils_plugin...
iter=    0, img_loss=0.202544, reg_loss=0.053603, lr=0.00000, time=697.0 ms, rem=58.08 m
iter=   10, img_loss=0.128485, reg_loss=0.044892, lr=0.00000, time=693.7 ms, rem=57.69 m
iter=   20, img_loss=0.101318, reg_loss=0.044340, lr=0.00000, time=702.5 ms, rem=58.31 m
iter=   30, img_loss=0.095658, reg_loss=0.043606, lr=0.00000, time=711.5 ms, rem=58.94 m
iter=   40, img_loss=0.092376, reg_loss=0.042868, lr=0.00000, time=707.7 ms, rem=58.50 m
iter=   50, img_loss=0.092732, reg_loss=0.042449, lr=0.00000, time=709.2 ms, rem=58.51 m
iter=   60, img_loss=0.091527, reg_loss=0.042464, lr=0.00000, time=720.4 ms, rem=59.31 m
iter=   70, img_loss=0.092548, reg_loss=0.042216, lr=0.00000, time=728.7 ms, rem=59.88 m
iter=   80, img_loss=0.092245, reg_loss=0.041388, lr=0.00000, time=730.1 ms, rem=59.87 m
iter=   90, img_loss=0.092131, reg_loss=0.041285, lr=0.00000, time=744.4 ms, rem=1.02 h
iter=  100, img_loss=0.091151, reg_loss=0.041728, lr=0.00000, time=741.9 ms, rem=1.01 h
iter=  110, img_loss=0.092294, reg_loss=0.041550, lr=0.00000, time=746.3 ms, rem=1.01 h
iter=  120, img_loss=0.091204, reg_loss=0.041329, lr=0.00000, time=741.9 ms, rem=1.01 h
iter=  130, img_loss=0.092960, reg_loss=0.042065, lr=0.00000, time=751.1 ms, rem=1.02 h
iter=  140, img_loss=0.092029, reg_loss=0.042645, lr=0.00000, time=763.9 ms, rem=1.03 h
iter=  150, img_loss=0.090951, reg_loss=0.041683, lr=0.00000, time=751.8 ms, rem=1.01 h
iter=  160, img_loss=0.088792, reg_loss=0.041722, lr=0.00000, time=751.1 ms, rem=1.01 h
iter=  170, img_loss=0.088802, reg_loss=0.041802, lr=0.00000, time=753.6 ms, rem=1.01 h
iter=  180, img_loss=0.088701, reg_loss=0.041362, lr=0.00000, time=765.9 ms, rem=1.03 h
iter=  190, img_loss=0.089008, reg_loss=0.041542, lr=0.00000, time=752.5 ms, rem=1.01 h
iter=  200, img_loss=0.088738, reg_loss=0.041599, lr=0.00000, time=753.0 ms, rem=1.00 h
iter=  210, img_loss=0.090375, reg_loss=0.042030, lr=0.00000, time=754.8 ms, rem=1.00 h
iter=  220, img_loss=0.090759, reg_loss=0.041889, lr=0.00000, time=772.0 ms, rem=1.03 h
iter=  230, img_loss=0.089291, reg_loss=0.041500, lr=0.00000, time=750.9 ms, rem=59.70 m
iter=  240, img_loss=0.087589, reg_loss=0.041556, lr=0.00000, time=752.7 ms, rem=59.71 m
iter=  250, img_loss=0.091678, reg_loss=0.042007, lr=0.00000, time=757.8 ms, rem=59.99 m
iter=  260, img_loss=0.088847, reg_loss=0.041357, lr=0.00000, time=748.6 ms, rem=59.14 m
iter=  270, img_loss=0.088568, reg_loss=0.041992, lr=0.00000, time=762.6 ms, rem=1.00 h
iter=  280, img_loss=0.089066, reg_loss=0.041982, lr=0.00000, time=758.1 ms, rem=59.64 m
iter=  290, img_loss=0.088912, reg_loss=0.041687, lr=0.00000, time=754.6 ms, rem=59.23 m
iter=  300, img_loss=0.090470, reg_loss=0.041995, lr=0.00000, time=757.2 ms, rem=59.31 m
iter=  310, img_loss=0.088328, reg_loss=0.041819, lr=0.00000, time=759.6 ms, rem=59.38 m
iter=  320, img_loss=0.088558, reg_loss=0.041264, lr=0.00000, time=757.3 ms, rem=59.07 m
iter=  330, img_loss=0.088072, reg_loss=0.041898, lr=0.00000, time=753.1 ms, rem=58.61 m
iter=  340, img_loss=0.092410, reg_loss=0.042121, lr=0.00000, time=756.8 ms, rem=58.77 m
iter=  350, img_loss=0.090599, reg_loss=0.042087, lr=0.00000, time=753.5 ms, rem=58.40 m
iter=  360, img_loss=0.086829, reg_loss=0.041908, lr=0.00000, time=759.8 ms, rem=58.76 m
iter=  370, img_loss=0.090798, reg_loss=0.041287, lr=0.00000, time=763.3 ms, rem=58.90 m
iter=  380, img_loss=0.087158, reg_loss=0.041906, lr=0.00000, time=750.5 ms, rem=57.79 m
iter=  390, img_loss=0.087580, reg_loss=0.041977, lr=0.00000, time=757.3 ms, rem=58.19 m
iter=  400, img_loss=0.088597, reg_loss=0.041826, lr=0.00000, time=753.6 ms, rem=57.77 m
iter=  410, img_loss=0.088825, reg_loss=0.041483, lr=0.00000, time=755.3 ms, rem=57.78 m
iter=  420, img_loss=0.087500, reg_loss=0.042090, lr=0.00000, time=762.3 ms, rem=58.19 m
iter=  430, img_loss=0.091290, reg_loss=0.041431, lr=0.00000, time=760.7 ms, rem=57.94 m
iter=  440, img_loss=0.089813, reg_loss=0.041941, lr=0.00000, time=763.5 ms, rem=58.02 m
iter=  450, img_loss=0.088707, reg_loss=0.042201, lr=0.00000, time=758.6 ms, rem=57.53 m
iter=  460, img_loss=0.088863, reg_loss=0.041417, lr=0.00000, time=768.0 ms, rem=58.11 m
iter=  470, img_loss=0.088166, reg_loss=0.041908, lr=0.00000, time=760.6 ms, rem=57.43 m
iter=  480, img_loss=0.088490, reg_loss=0.041395, lr=0.00000, time=759.7 ms, rem=57.23 m
iter=  490, img_loss=0.088698, reg_loss=0.042202, lr=0.00000, time=774.6 ms, rem=58.23 m
iter=  500, img_loss=0.088987, reg_loss=0.041654, lr=0.00000, time=753.1 ms, rem=56.48 m
iter=  510, img_loss=0.089559, reg_loss=0.041782, lr=0.00000, time=760.6 ms, rem=56.92 m
iter=  520, img_loss=0.087796, reg_loss=0.041564, lr=0.00000, time=755.0 ms, rem=56.38 m
iter=  530, img_loss=0.089309, reg_loss=0.042071, lr=0.00000, time=767.8 ms, rem=57.20 m
iter=  540, img_loss=0.088897, reg_loss=0.041935, lr=0.00000, time=759.2 ms, rem=56.43 m
iter=  550, img_loss=0.088038, reg_loss=0.041755, lr=0.00000, time=763.7 ms, rem=56.64 m
iter=  560, img_loss=0.090643, reg_loss=0.041847, lr=0.00000, time=770.7 ms, rem=57.03 m
iter=  570, img_loss=0.088962, reg_loss=0.041500, lr=0.00000, time=771.4 ms, rem=56.96 m
iter=  580, img_loss=0.090092, reg_loss=0.041982, lr=0.00000, time=763.5 ms, rem=56.25 m
iter=  590, img_loss=0.090215, reg_loss=0.041251, lr=0.00000, time=756.4 ms, rem=55.59 m
iter=  600, img_loss=0.090153, reg_loss=0.042361, lr=0.00000, time=764.0 ms, rem=56.03 m
iter=  610, img_loss=0.091993, reg_loss=0.041824, lr=0.00000, time=764.5 ms, rem=55.94 m
iter=  620, img_loss=0.089449, reg_loss=0.041989, lr=0.00000, time=770.0 ms, rem=56.21 m
iter=  630, img_loss=0.086616, reg_loss=0.042315, lr=0.00000, time=771.0 ms, rem=56.15 m
iter=  640, img_loss=0.090623, reg_loss=0.041657, lr=0.00000, time=765.4 ms, rem=55.62 m
iter=  650, img_loss=0.088442, reg_loss=0.041796, lr=0.00000, time=768.0 ms, rem=55.68 m
iter=  660, img_loss=0.087222, reg_loss=0.041781, lr=0.00000, time=769.3 ms, rem=55.64 m
iter=  670, img_loss=0.088941, reg_loss=0.041892, lr=0.00000, time=767.8 ms, rem=55.41 m
iter=  680, img_loss=0.086308, reg_loss=0.041665, lr=0.00000, time=770.9 ms, rem=55.50 m
iter=  690, img_loss=0.085052, reg_loss=0.041519, lr=0.00000, time=762.3 ms, rem=54.76 m
iter=  700, img_loss=0.087835, reg_loss=0.041830, lr=0.00000, time=770.8 ms, rem=55.24 m
iter=  710, img_loss=0.088122, reg_loss=0.041666, lr=0.00000, time=767.2 ms, rem=54.85 m
iter=  720, img_loss=0.090361, reg_loss=0.041949, lr=0.00000, time=772.9 ms, rem=55.14 m
iter=  730, img_loss=0.086304, reg_loss=0.041411, lr=0.00000, time=769.2 ms, rem=54.74 m
iter=  740, img_loss=0.087196, reg_loss=0.041842, lr=0.00000, time=775.2 ms, rem=55.04 m
iter=  750, img_loss=0.086545, reg_loss=0.041810, lr=0.00000, time=772.4 ms, rem=54.71 m
iter=  760, img_loss=0.090294, reg_loss=0.041679, lr=0.00000, time=793.7 ms, rem=56.09 m
iter=  770, img_loss=0.089360, reg_loss=0.042529, lr=0.00000, time=775.3 ms, rem=54.66 m
iter=  780, img_loss=0.089397, reg_loss=0.040890, lr=0.00000, time=766.7 ms, rem=53.93 m
iter=  790, img_loss=0.088453, reg_loss=0.041623, lr=0.00000, time=764.5 ms, rem=53.64 m
iter=  800, img_loss=0.089123, reg_loss=0.042152, lr=0.00000, time=782.6 ms, rem=54.78 m
iter=  810, img_loss=0.087049, reg_loss=0.041634, lr=0.00000, time=762.2 ms, rem=53.23 m
iter=  820, img_loss=0.085702, reg_loss=0.041892, lr=0.00000, time=762.4 ms, rem=53.11 m
iter=  830, img_loss=0.088675, reg_loss=0.041342, lr=0.00000, time=764.4 ms, rem=53.13 m
iter=  840, img_loss=0.086332, reg_loss=0.042073, lr=0.00000, time=769.0 ms, rem=53.32 m
iter=  850, img_loss=0.088487, reg_loss=0.041855, lr=0.00000, time=766.7 ms, rem=53.03 m
iter=  860, img_loss=0.086949, reg_loss=0.041666, lr=0.00000, time=770.8 ms, rem=53.19 m
iter=  870, img_loss=0.087581, reg_loss=0.041085, lr=0.00000, time=768.4 ms, rem=52.89 m
iter=  880, img_loss=0.086958, reg_loss=0.041688, lr=0.00000, time=769.4 ms, rem=52.83 m
iter=  890, img_loss=0.090338, reg_loss=0.041551, lr=0.00000, time=771.8 ms, rem=52.87 m
iter=  900, img_loss=0.087880, reg_loss=0.041947, lr=0.00000, time=772.1 ms, rem=52.76 m
iter=  910, img_loss=0.087813, reg_loss=0.041719, lr=0.00000, time=770.3 ms, rem=52.51 m
iter=  920, img_loss=0.086881, reg_loss=0.041736, lr=0.00000, time=776.1 ms, rem=52.77 m
iter=  930, img_loss=0.087568, reg_loss=0.041837, lr=0.00000, time=777.6 ms, rem=52.75 m
iter=  940, img_loss=0.091817, reg_loss=0.042232, lr=0.00000, time=777.7 ms, rem=52.63 m
iter=  950, img_loss=0.088341, reg_loss=0.042524, lr=0.00000, time=789.9 ms, rem=53.32 m
iter=  960, img_loss=0.085915, reg_loss=0.041796, lr=0.00000, time=767.6 ms, rem=51.69 m
iter=  970, img_loss=0.087716, reg_loss=0.041726, lr=0.00000, time=771.5 ms, rem=51.82 m
iter=  980, img_loss=0.090020, reg_loss=0.041615, lr=0.00000, time=769.5 ms, rem=51.56 m
iter=  990, img_loss=0.085049, reg_loss=0.041791, lr=0.00000, time=772.9 ms, rem=51.66 m
iter= 1000, img_loss=0.089520, reg_loss=0.041371, lr=0.00000, time=769.6 ms, rem=51.31 m
iter= 1010, img_loss=0.087460, reg_loss=0.041305, lr=0.00000, time=770.2 ms, rem=51.22 m
iter= 1020, img_loss=0.089012, reg_loss=0.041670, lr=0.00000, time=770.4 ms, rem=51.10 m
iter= 1030, img_loss=0.088440, reg_loss=0.041139, lr=0.00000, time=765.7 ms, rem=50.66 m
iter= 1040, img_loss=0.088135, reg_loss=0.041393, lr=0.00000, time=767.5 ms, rem=50.65 m
iter= 1050, img_loss=0.088709, reg_loss=0.041479, lr=0.00000, time=772.3 ms, rem=50.84 m
iter= 1060, img_loss=0.086941, reg_loss=0.041810, lr=0.00000, time=769.0 ms, rem=50.49 m
iter= 1070, img_loss=0.087557, reg_loss=0.041125, lr=0.00000, time=770.1 ms, rem=50.44 m
iter= 1080, img_loss=0.087654, reg_loss=0.041924, lr=0.00000, time=775.1 ms, rem=50.64 m
iter= 1090, img_loss=0.087375, reg_loss=0.042105, lr=0.00000, time=773.6 ms, rem=50.41 m
iter= 1100, img_loss=0.092085, reg_loss=0.041848, lr=0.00000, time=769.4 ms, rem=50.01 m
iter= 1110, img_loss=0.088491, reg_loss=0.041613, lr=0.00000, time=765.6 ms, rem=49.63 m
iter= 1120, img_loss=0.087413, reg_loss=0.042184, lr=0.00000, time=777.3 ms, rem=50.26 m
iter= 1130, img_loss=0.089214, reg_loss=0.041997, lr=0.00000, time=770.9 ms, rem=49.72 m
iter= 1140, img_loss=0.086898, reg_loss=0.041596, lr=0.00000, time=770.5 ms, rem=49.57 m
iter= 1150, img_loss=0.090783, reg_loss=0.041237, lr=0.00000, time=769.8 ms, rem=49.39 m
iter= 1160, img_loss=0.087322, reg_loss=0.041420, lr=0.00000, time=771.6 ms, rem=49.38 m
iter= 1170, img_loss=0.086967, reg_loss=0.041703, lr=0.00000, time=773.6 ms, rem=49.38 m
iter= 1180, img_loss=0.089771, reg_loss=0.041849, lr=0.00000, time=774.5 ms, rem=49.31 m
iter= 1190, img_loss=0.087848, reg_loss=0.041890, lr=0.00000, time=773.3 ms, rem=49.10 m
iter= 1200, img_loss=0.087483, reg_loss=0.041239, lr=0.00000, time=768.9 ms, rem=48.70 m
iter= 1210, img_loss=0.086674, reg_loss=0.041411, lr=0.00000, time=763.6 ms, rem=48.23 m
iter= 1220, img_loss=0.088078, reg_loss=0.041699, lr=0.00000, time=771.1 ms, rem=48.58 m
iter= 1230, img_loss=0.087187, reg_loss=0.041350, lr=0.00000, time=770.1 ms, rem=48.39 m
iter= 1240, img_loss=0.087925, reg_loss=0.041257, lr=0.00000, time=771.0 ms, rem=48.31 m
iter= 1250, img_loss=0.088018, reg_loss=0.041172, lr=0.00000, time=779.5 ms, rem=48.72 m
iter= 1260, img_loss=0.088259, reg_loss=0.041500, lr=0.00000, time=767.5 ms, rem=47.84 m
iter= 1270, img_loss=0.089883, reg_loss=0.041734, lr=0.00000, time=774.6 ms, rem=48.16 m
iter= 1280, img_loss=0.087220, reg_loss=0.041730, lr=0.00000, time=770.9 ms, rem=47.79 m
iter= 1290, img_loss=0.091035, reg_loss=0.041280, lr=0.00000, time=767.3 ms, rem=47.45 m
iter= 1300, img_loss=0.089082, reg_loss=0.041870, lr=0.00000, time=772.9 ms, rem=47.66 m
iter= 1310, img_loss=0.085001, reg_loss=0.041594, lr=0.00000, time=769.5 ms, rem=47.32 m
iter= 1320, img_loss=0.089069, reg_loss=0.041551, lr=0.00000, time=778.7 ms, rem=47.76 m
iter= 1330, img_loss=0.084347, reg_loss=0.041375, lr=0.00000, time=770.2 ms, rem=47.11 m
iter= 1340, img_loss=0.089755, reg_loss=0.041696, lr=0.00000, time=773.6 ms, rem=47.19 m
iter= 1350, img_loss=0.090330, reg_loss=0.041916, lr=0.00000, time=774.4 ms, rem=47.11 m
iter= 1360, img_loss=0.089707, reg_loss=0.041351, lr=0.00000, time=788.1 ms, rem=47.81 m
iter= 1370, img_loss=0.089904, reg_loss=0.041196, lr=0.00000, time=766.8 ms, rem=46.39 m
iter= 1380, img_loss=0.091210, reg_loss=0.041465, lr=0.00000, time=772.0 ms, rem=46.57 m
iter= 1390, img_loss=0.087026, reg_loss=0.041767, lr=0.00000, time=772.5 ms, rem=46.48 m
iter= 1400, img_loss=0.085852, reg_loss=0.041853, lr=0.00000, time=776.1 ms, rem=46.56 m
iter= 1410, img_loss=0.087787, reg_loss=0.042022, lr=0.00000, time=769.1 ms, rem=46.02 m
iter= 1420, img_loss=0.088116, reg_loss=0.042067, lr=0.00000, time=773.4 ms, rem=46.15 m
iter= 1430, img_loss=0.088046, reg_loss=0.041903, lr=0.00000, time=772.2 ms, rem=45.95 m
iter= 1440, img_loss=0.087663, reg_loss=0.041500, lr=0.00000, time=770.0 ms, rem=45.68 m
iter= 1450, img_loss=0.089816, reg_loss=0.041670, lr=0.00000, time=775.9 ms, rem=45.91 m
iter= 1460, img_loss=0.086553, reg_loss=0.040935, lr=0.00000, time=762.1 ms, rem=44.97 m
iter= 1470, img_loss=0.086571, reg_loss=0.041924, lr=0.00000, time=774.5 ms, rem=45.57 m
iter= 1480, img_loss=0.088006, reg_loss=0.042023, lr=0.00000, time=776.1 ms, rem=45.53 m
iter= 1490, img_loss=0.085417, reg_loss=0.041572, lr=0.00000, time=770.5 ms, rem=45.07 m
iter= 1500, img_loss=0.086854, reg_loss=0.041698, lr=0.00000, time=769.2 ms, rem=44.87 m
iter= 1510, img_loss=0.088625, reg_loss=0.041627, lr=0.00000, time=772.8 ms, rem=44.95 m
iter= 1520, img_loss=0.087399, reg_loss=0.041566, lr=0.00000, time=781.8 ms, rem=45.34 m
iter= 1530, img_loss=0.088736, reg_loss=0.041711, lr=0.00000, time=765.8 ms, rem=44.29 m
iter= 1540, img_loss=0.087401, reg_loss=0.041641, lr=0.00000, time=783.7 ms, rem=45.19 m
iter= 1550, img_loss=0.087177, reg_loss=0.041927, lr=0.00000, time=769.2 ms, rem=44.23 m
iter= 1560, img_loss=0.086442, reg_loss=0.041407, lr=0.00000, time=761.9 ms, rem=43.68 m
iter= 1570, img_loss=0.088569, reg_loss=0.041050, lr=0.00000, time=770.9 ms, rem=44.07 m
iter= 1580, img_loss=0.088024, reg_loss=0.041834, lr=0.00000, time=767.6 ms, rem=43.75 m
iter= 1590, img_loss=0.088051, reg_loss=0.041420, lr=0.00000, time=768.4 ms, rem=43.67 m
iter= 1600, img_loss=0.086747, reg_loss=0.041636, lr=0.00000, time=766.9 ms, rem=43.46 m
iter= 1610, img_loss=0.087575, reg_loss=0.042077, lr=0.00000, time=774.9 ms, rem=43.78 m
iter= 1620, img_loss=0.087361, reg_loss=0.041595, lr=0.00000, time=770.8 ms, rem=43.42 m
iter= 1630, img_loss=0.085888, reg_loss=0.041104, lr=0.00000, time=766.2 ms, rem=43.03 m
iter= 1640, img_loss=0.088495, reg_loss=0.041572, lr=0.00000, time=772.0 ms, rem=43.23 m
iter= 1650, img_loss=0.087049, reg_loss=0.041547, lr=0.00000, time=769.0 ms, rem=42.94 m
iter= 1660, img_loss=0.086306, reg_loss=0.041625, lr=0.00000, time=779.9 ms, rem=43.42 m
iter= 1670, img_loss=0.088787, reg_loss=0.041653, lr=0.00000, time=769.3 ms, rem=42.70 m
iter= 1680, img_loss=0.087806, reg_loss=0.041539, lr=0.00000, time=770.3 ms, rem=42.62 m
iter= 1690, img_loss=0.085290, reg_loss=0.041409, lr=0.00000, time=762.8 ms, rem=42.08 m
iter= 1700, img_loss=0.090296, reg_loss=0.041833, lr=0.00000, time=763.4 ms, rem=41.99 m
iter= 1710, img_loss=0.088937, reg_loss=0.041439, lr=0.00000, time=774.4 ms, rem=42.46 m
iter= 1720, img_loss=0.089189, reg_loss=0.041380, lr=0.00000, time=765.6 ms, rem=41.85 m
iter= 1730, img_loss=0.085709, reg_loss=0.041855, lr=0.00000, time=769.9 ms, rem=41.96 m
iter= 1740, img_loss=0.086605, reg_loss=0.041459, lr=0.00000, time=770.6 ms, rem=41.87 m
iter= 1750, img_loss=0.088487, reg_loss=0.041914, lr=0.00000, time=773.7 ms, rem=41.91 m
iter= 1760, img_loss=0.086933, reg_loss=0.041522, lr=0.00000, time=770.0 ms, rem=41.58 m
iter= 1770, img_loss=0.086965, reg_loss=0.041808, lr=0.00000, time=773.7 ms, rem=41.65 m
iter= 1780, img_loss=0.086553, reg_loss=0.042100, lr=0.00000, time=790.5 ms, rem=42.42 m
iter= 1790, img_loss=0.086893, reg_loss=0.040867, lr=0.00000, time=759.5 ms, rem=40.63 m
iter= 1800, img_loss=0.089593, reg_loss=0.041656, lr=0.00000, time=763.5 ms, rem=40.72 m
iter= 1810, img_loss=0.087885, reg_loss=0.041818, lr=0.00000, time=784.7 ms, rem=41.72 m
iter= 1820, img_loss=0.087168, reg_loss=0.041264, lr=0.00000, time=754.5 ms, rem=39.99 m
iter= 1830, img_loss=0.088854, reg_loss=0.042001, lr=0.00000, time=770.7 ms, rem=40.72 m
iter= 1840, img_loss=0.089675, reg_loss=0.042061, lr=0.00000, time=767.8 ms, rem=40.44 m
iter= 1850, img_loss=0.083815, reg_loss=0.041573, lr=0.00000, time=771.2 ms, rem=40.49 m
iter= 1860, img_loss=0.088869, reg_loss=0.041860, lr=0.00000, time=771.7 ms, rem=40.38 m
iter= 1870, img_loss=0.088410, reg_loss=0.041588, lr=0.00000, time=762.7 ms, rem=39.79 m
iter= 1880, img_loss=0.086928, reg_loss=0.042015, lr=0.00000, time=771.5 ms, rem=40.12 m
iter= 1890, img_loss=0.084469, reg_loss=0.041257, lr=0.00000, time=765.2 ms, rem=39.66 m
iter= 1900, img_loss=0.084504, reg_loss=0.041954, lr=0.00000, time=771.2 ms, rem=39.85 m
iter= 1910, img_loss=0.087954, reg_loss=0.041490, lr=0.00000, time=767.0 ms, rem=39.50 m
iter= 1920, img_loss=0.086185, reg_loss=0.041732, lr=0.00000, time=766.3 ms, rem=39.34 m
iter= 1930, img_loss=0.083308, reg_loss=0.041744, lr=0.00000, time=772.5 ms, rem=39.53 m
iter= 1940, img_loss=0.087288, reg_loss=0.041754, lr=0.00000, time=771.2 ms, rem=39.33 m
iter= 1950, img_loss=0.085415, reg_loss=0.041705, lr=0.00000, time=779.8 ms, rem=39.64 m
iter= 1960, img_loss=0.086022, reg_loss=0.041937, lr=0.00000, time=778.3 ms, rem=39.44 m
iter= 1970, img_loss=0.087607, reg_loss=0.041323, lr=0.00000, time=759.0 ms, rem=38.33 m
iter= 1980, img_loss=0.084626, reg_loss=0.041833, lr=0.00000, time=781.2 ms, rem=39.32 m
iter= 1990, img_loss=0.086402, reg_loss=0.041433, lr=0.00000, time=759.9 ms, rem=38.12 m
iter= 2000, img_loss=0.086833, reg_loss=0.041955, lr=0.00000, time=761.9 ms, rem=38.09 m
iter= 2010, img_loss=0.085047, reg_loss=0.041340, lr=0.00000, time=765.3 ms, rem=38.14 m
iter= 2020, img_loss=0.086237, reg_loss=0.041689, lr=0.00000, time=770.9 ms, rem=38.29 m
iter= 2030, img_loss=0.083922, reg_loss=0.041737, lr=0.00000, time=770.5 ms, rem=38.14 m
iter= 2040, img_loss=0.086373, reg_loss=0.041437, lr=0.00000, time=763.7 ms, rem=37.67 m
iter= 2050, img_loss=0.086770, reg_loss=0.041468, lr=0.00000, time=766.3 ms, rem=37.68 m
iter= 2060, img_loss=0.087138, reg_loss=0.041335, lr=0.00000, time=768.9 ms, rem=37.68 m
iter= 2070, img_loss=0.090028, reg_loss=0.041922, lr=0.00000, time=768.0 ms, rem=37.50 m
iter= 2080, img_loss=0.087332, reg_loss=0.041338, lr=0.00000, time=771.0 ms, rem=37.52 m
iter= 2090, img_loss=0.088970, reg_loss=0.041502, lr=0.00000, time=771.5 ms, rem=37.42 m
iter= 2100, img_loss=0.086875, reg_loss=0.041909, lr=0.00000, time=769.3 ms, rem=37.18 m
iter= 2110, img_loss=0.086415, reg_loss=0.041449, lr=0.00000, time=766.5 ms, rem=36.92 m
iter= 2120, img_loss=0.085443, reg_loss=0.041718, lr=0.00000, time=762.7 ms, rem=36.61 m
iter= 2130, img_loss=0.086626, reg_loss=0.041752, lr=0.00000, time=768.3 ms, rem=36.75 m
iter= 2140, img_loss=0.085417, reg_loss=0.041904, lr=0.00000, time=771.4 ms, rem=36.77 m
iter= 2150, img_loss=0.086001, reg_loss=0.041932, lr=0.00000, time=773.5 ms, rem=36.74 m
iter= 2160, img_loss=0.084292, reg_loss=0.041796, lr=0.00000, time=776.0 ms, rem=36.73 m
iter= 2170, img_loss=0.085687, reg_loss=0.041724, lr=0.00000, time=769.0 ms, rem=36.27 m
iter= 2180, img_loss=0.086953, reg_loss=0.041684, lr=0.00000, time=768.7 ms, rem=36.13 m
iter= 2190, img_loss=0.086430, reg_loss=0.041340, lr=0.00000, time=767.7 ms, rem=35.96 m
iter= 2200, img_loss=0.084506, reg_loss=0.041144, lr=0.00000, time=772.8 ms, rem=36.06 m
iter= 2210, img_loss=0.088973, reg_loss=0.041646, lr=0.00000, time=781.2 ms, rem=36.32 m
iter= 2220, img_loss=0.086160, reg_loss=0.041220, lr=0.00000, time=757.0 ms, rem=35.07 m
iter= 2230, img_loss=0.086066, reg_loss=0.042120, lr=0.00000, time=778.7 ms, rem=35.95 m
iter= 2240, img_loss=0.085630, reg_loss=0.041407, lr=0.00000, time=770.8 ms, rem=35.46 m
iter= 2250, img_loss=0.086948, reg_loss=0.040885, lr=0.00000, time=764.1 ms, rem=35.02 m
iter= 2260, img_loss=0.086718, reg_loss=0.041572, lr=0.00000, time=759.4 ms, rem=34.68 m
iter= 2270, img_loss=0.087360, reg_loss=0.041190, lr=0.00000, time=761.0 ms, rem=34.63 m
iter= 2280, img_loss=0.086463, reg_loss=0.041215, lr=0.00000, time=768.8 ms, rem=34.85 m
iter= 2290, img_loss=0.087928, reg_loss=0.041575, lr=0.00000, time=772.8 ms, rem=34.90 m
iter= 2300, img_loss=0.084578, reg_loss=0.041466, lr=0.00000, time=757.5 ms, rem=34.09 m
iter= 2310, img_loss=0.087392, reg_loss=0.041910, lr=0.00000, time=762.8 ms, rem=34.20 m
iter= 2320, img_loss=0.089429, reg_loss=0.041549, lr=0.00000, time=763.8 ms, rem=34.12 m
iter= 2330, img_loss=0.086290, reg_loss=0.042293, lr=0.00000, time=781.6 ms, rem=34.78 m
iter= 2340, img_loss=0.086450, reg_loss=0.041234, lr=0.00000, time=764.6 ms, rem=33.90 m
iter= 2350, img_loss=0.086413, reg_loss=0.042067, lr=0.00000, time=762.9 ms, rem=33.69 m
iter= 2360, img_loss=0.086294, reg_loss=0.041934, lr=0.00000, time=768.4 ms, rem=33.81 m
iter= 2370, img_loss=0.087287, reg_loss=0.041559, lr=0.00000, time=783.9 ms, rem=34.36 m
iter= 2380, img_loss=0.086402, reg_loss=0.040956, lr=0.00000, time=754.2 ms, rem=32.94 m
iter= 2390, img_loss=0.086672, reg_loss=0.041370, lr=0.00000, time=757.9 ms, rem=32.97 m
iter= 2400, img_loss=0.085565, reg_loss=0.041801, lr=0.00000, time=761.2 ms, rem=32.98 m
iter= 2410, img_loss=0.088824, reg_loss=0.041705, lr=0.00000, time=765.5 ms, rem=33.04 m
iter= 2420, img_loss=0.086279, reg_loss=0.041751, lr=0.00000, time=765.4 ms, rem=32.91 m
iter= 2430, img_loss=0.087305, reg_loss=0.041895, lr=0.00000, time=771.1 ms, rem=33.03 m
iter= 2440, img_loss=0.088352, reg_loss=0.041631, lr=0.00000, time=765.7 ms, rem=32.67 m
iter= 2450, img_loss=0.086079, reg_loss=0.041461, lr=0.00000, time=767.2 ms, rem=32.60 m
iter= 2460, img_loss=0.087813, reg_loss=0.040840, lr=0.00000, time=760.7 ms, rem=32.20 m
iter= 2470, img_loss=0.084405, reg_loss=0.040913, lr=0.00000, time=788.6 ms, rem=33.25 m
iter= 2480, img_loss=0.086339, reg_loss=0.041668, lr=0.00000, time=758.7 ms, rem=31.86 m
iter= 2490, img_loss=0.086571, reg_loss=0.041528, lr=0.00000, time=767.5 ms, rem=32.11 m
iter= 2500, img_loss=0.088021, reg_loss=0.041350, lr=0.00000, time=753.8 ms, rem=31.41 m
iter= 2510, img_loss=0.085864, reg_loss=0.041463, lr=0.00000, time=756.3 ms, rem=31.39 m
iter= 2520, img_loss=0.086832, reg_loss=0.041241, lr=0.00000, time=760.7 ms, rem=31.44 m
iter= 2530, img_loss=0.086189, reg_loss=0.041622, lr=0.00000, time=767.5 ms, rem=31.60 m
iter= 2540, img_loss=0.086487, reg_loss=0.041393, lr=0.00000, time=765.3 ms, rem=31.38 m
iter= 2550, img_loss=0.086789, reg_loss=0.041433, lr=0.00000, time=765.4 ms, rem=31.25 m
iter= 2560, img_loss=0.085386, reg_loss=0.041435, lr=0.00000, time=768.2 ms, rem=31.24 m
iter= 2570, img_loss=0.084610, reg_loss=0.041738, lr=0.00000, time=799.9 ms, rem=32.40 m
iter= 2580, img_loss=0.086600, reg_loss=0.041707, lr=0.00000, time=767.4 ms, rem=30.95 m
iter= 2590, img_loss=0.086744, reg_loss=0.041611, lr=0.00000, time=766.4 ms, rem=30.78 m
iter= 2600, img_loss=0.085890, reg_loss=0.041753, lr=0.00000, time=756.7 ms, rem=30.27 m
iter= 2610, img_loss=0.089411, reg_loss=0.041414, lr=0.00000, time=760.2 ms, rem=30.28 m
iter= 2620, img_loss=0.086535, reg_loss=0.041697, lr=0.00000, time=759.8 ms, rem=30.14 m
iter= 2630, img_loss=0.086725, reg_loss=0.041192, lr=0.00000, time=764.4 ms, rem=30.19 m
iter= 2640, img_loss=0.084638, reg_loss=0.041646, lr=0.00000, time=763.2 ms, rem=30.02 m
iter= 2650, img_loss=0.086722, reg_loss=0.041175, lr=0.00000, time=774.7 ms, rem=30.34 m
iter= 2660, img_loss=0.087204, reg_loss=0.041398, lr=0.00000, time=756.3 ms, rem=29.50 m
iter= 2670, img_loss=0.086229, reg_loss=0.041441, lr=0.00000, time=768.7 ms, rem=29.85 m
iter= 2680, img_loss=0.085047, reg_loss=0.041244, lr=0.00000, time=781.1 ms, rem=30.20 m
iter= 2690, img_loss=0.085730, reg_loss=0.041533, lr=0.00000, time=761.8 ms, rem=29.33 m
iter= 2700, img_loss=0.087396, reg_loss=0.041754, lr=0.00000, time=755.4 ms, rem=28.96 m
iter= 2710, img_loss=0.087861, reg_loss=0.041358, lr=0.00000, time=759.5 ms, rem=28.99 m
iter= 2720, img_loss=0.085699, reg_loss=0.041553, lr=0.00000, time=759.6 ms, rem=28.86 m
iter= 2730, img_loss=0.083859, reg_loss=0.041607, lr=0.00000, time=761.7 ms, rem=28.82 m
iter= 2740, img_loss=0.087111, reg_loss=0.041549, lr=0.00000, time=768.2 ms, rem=28.94 m
iter= 2750, img_loss=0.086656, reg_loss=0.041602, lr=0.00000, time=768.4 ms, rem=28.81 m
iter= 2760, img_loss=0.087696, reg_loss=0.040970, lr=0.00000, time=761.8 ms, rem=28.44 m
iter= 2770, img_loss=0.086038, reg_loss=0.041764, lr=0.00000, time=767.3 ms, rem=28.52 m
iter= 2780, img_loss=0.087230, reg_loss=0.041333, lr=0.00000, time=765.4 ms, rem=28.32 m
iter= 2790, img_loss=0.087277, reg_loss=0.041711, lr=0.00000, time=767.6 ms, rem=28.27 m
iter= 2800, img_loss=0.088756, reg_loss=0.041649, lr=0.00000, time=759.1 ms, rem=27.83 m
iter= 2810, img_loss=0.084991, reg_loss=0.041233, lr=0.00000, time=755.4 ms, rem=27.57 m
iter= 2820, img_loss=0.085894, reg_loss=0.041042, lr=0.00000, time=760.1 ms, rem=27.62 m
iter= 2830, img_loss=0.084840, reg_loss=0.041475, lr=0.00000, time=766.6 ms, rem=27.73 m
iter= 2840, img_loss=0.088521, reg_loss=0.041254, lr=0.00000, time=762.0 ms, rem=27.43 m
iter= 2850, img_loss=0.087548, reg_loss=0.041320, lr=0.00000, time=771.1 ms, rem=27.63 m
iter= 2860, img_loss=0.083793, reg_loss=0.042053, lr=0.00000, time=773.7 ms, rem=27.60 m
iter= 2870, img_loss=0.086656, reg_loss=0.041859, lr=0.00000, time=770.3 ms, rem=27.34 m
iter= 2880, img_loss=0.085981, reg_loss=0.041102, lr=0.00000, time=765.0 ms, rem=27.03 m
iter= 2890, img_loss=0.087405, reg_loss=0.041896, lr=0.00000, time=767.9 ms, rem=27.00 m
iter= 2900, img_loss=0.086293, reg_loss=0.041416, lr=0.00000, time=766.3 ms, rem=26.82 m
iter= 2910, img_loss=0.085883, reg_loss=0.041524, lr=0.00000, time=766.4 ms, rem=26.70 m
iter= 2920, img_loss=0.085975, reg_loss=0.041449, lr=0.00000, time=759.4 ms, rem=26.32 m
iter= 2930, img_loss=0.087103, reg_loss=0.042073, lr=0.00000, time=768.3 ms, rem=26.51 m
iter= 2940, img_loss=0.086243, reg_loss=0.041411, lr=0.00000, time=766.8 ms, rem=26.33 m
iter= 2950, img_loss=0.084413, reg_loss=0.041489, lr=0.00000, time=765.6 ms, rem=26.16 m
iter= 2960, img_loss=0.086747, reg_loss=0.041519, lr=0.00000, time=765.3 ms, rem=26.02 m
iter= 2970, img_loss=0.085894, reg_loss=0.041279, lr=0.00000, time=783.5 ms, rem=26.51 m
iter= 2980, img_loss=0.086627, reg_loss=0.041538, lr=0.00000, time=769.5 ms, rem=25.90 m
iter= 2990, img_loss=0.083923, reg_loss=0.041335, lr=0.00000, time=767.5 ms, rem=25.71 m
iter= 3000, img_loss=0.084240, reg_loss=0.040732, lr=0.00000, time=762.6 ms, rem=25.42 m
iter= 3010, img_loss=0.084576, reg_loss=0.041856, lr=0.00000, time=767.7 ms, rem=25.46 m
iter= 3020, img_loss=0.087528, reg_loss=0.041536, lr=0.00000, time=770.2 ms, rem=25.42 m
iter= 3030, img_loss=0.086068, reg_loss=0.041619, lr=0.00000, time=765.6 ms, rem=25.14 m
iter= 3040, img_loss=0.084815, reg_loss=0.041248, lr=0.00000, time=765.9 ms, rem=25.02 m
iter= 3050, img_loss=0.084517, reg_loss=0.041633, lr=0.00000, time=769.3 ms, rem=25.00 m
iter= 3060, img_loss=0.083593, reg_loss=0.041370, lr=0.00000, time=772.4 ms, rem=24.97 m
iter= 3070, img_loss=0.087095, reg_loss=0.041746, lr=0.00000, time=764.0 ms, rem=24.57 m
iter= 3080, img_loss=0.083189, reg_loss=0.041719, lr=0.00000, time=774.4 ms, rem=24.78 m
iter= 3090, img_loss=0.087432, reg_loss=0.041178, lr=0.00000, time=760.9 ms, rem=24.22 m
iter= 3100, img_loss=0.085984, reg_loss=0.041505, lr=0.00000, time=765.9 ms, rem=24.25 m
iter= 3110, img_loss=0.085915, reg_loss=0.041090, lr=0.00000, time=763.1 ms, rem=24.04 m
iter= 3120, img_loss=0.084882, reg_loss=0.041768, lr=0.00000, time=771.4 ms, rem=24.17 m
iter= 3130, img_loss=0.084392, reg_loss=0.041286, lr=0.00000, time=765.6 ms, rem=23.86 m
iter= 3140, img_loss=0.087018, reg_loss=0.041981, lr=0.00000, time=768.3 ms, rem=23.82 m
iter= 3150, img_loss=0.082782, reg_loss=0.041142, lr=0.00000, time=770.6 ms, rem=23.76 m
iter= 3160, img_loss=0.085869, reg_loss=0.041982, lr=0.00000, time=771.3 ms, rem=23.65 m
iter= 3170, img_loss=0.084940, reg_loss=0.041676, lr=0.00000, time=767.6 ms, rem=23.41 m
iter= 3180, img_loss=0.086120, reg_loss=0.041482, lr=0.00000, time=761.9 ms, rem=23.11 m
iter= 3190, img_loss=0.087024, reg_loss=0.040994, lr=0.00000, time=759.3 ms, rem=22.90 m
iter= 3200, img_loss=0.085581, reg_loss=0.041477, lr=0.00000, time=771.2 ms, rem=23.14 m
iter= 3210, img_loss=0.084045, reg_loss=0.041971, lr=0.00000, time=784.9 ms, rem=23.42 m
iter= 3220, img_loss=0.085898, reg_loss=0.041296, lr=0.00000, time=759.7 ms, rem=22.54 m
iter= 3230, img_loss=0.087834, reg_loss=0.041673, lr=0.00000, time=765.1 ms, rem=22.57 m
iter= 3240, img_loss=0.085364, reg_loss=0.041392, lr=0.00000, time=758.2 ms, rem=22.24 m
iter= 3250, img_loss=0.086659, reg_loss=0.041207, lr=0.00000, time=758.5 ms, rem=22.12 m
iter= 3260, img_loss=0.083515, reg_loss=0.041696, lr=0.00000, time=764.8 ms, rem=22.18 m
iter= 3270, img_loss=0.087023, reg_loss=0.040993, lr=0.00000, time=759.5 ms, rem=21.90 m
iter= 3280, img_loss=0.086074, reg_loss=0.040910, lr=0.00000, time=759.6 ms, rem=21.77 m
iter= 3290, img_loss=0.086892, reg_loss=0.041066, lr=0.00000, time=758.0 ms, rem=21.60 m
iter= 3300, img_loss=0.083430, reg_loss=0.041296, lr=0.00000, time=765.2 ms, rem=21.68 m
iter= 3310, img_loss=0.086198, reg_loss=0.041394, lr=0.00000, time=763.6 ms, rem=21.51 m
iter= 3320, img_loss=0.086537, reg_loss=0.041346, lr=0.00000, time=756.4 ms, rem=21.18 m
iter= 3330, img_loss=0.082308, reg_loss=0.041367, lr=0.00000, time=777.8 ms, rem=21.65 m
iter= 3340, img_loss=0.085462, reg_loss=0.041283, lr=0.00000, time=755.6 ms, rem=20.90 m
iter= 3350, img_loss=0.084681, reg_loss=0.042492, lr=0.00000, time=769.1 ms, rem=21.15 m
iter= 3360, img_loss=0.085282, reg_loss=0.041432, lr=0.00000, time=761.8 ms, rem=20.82 m
iter= 3370, img_loss=0.086085, reg_loss=0.041294, lr=0.00000, time=758.6 ms, rem=20.61 m
iter= 3380, img_loss=0.086698, reg_loss=0.041630, lr=0.00000, time=767.4 ms, rem=20.72 m
iter= 3390, img_loss=0.085274, reg_loss=0.041122, lr=0.00000, time=760.6 ms, rem=20.41 m
iter= 3400, img_loss=0.086044, reg_loss=0.041194, lr=0.00000, time=762.6 ms, rem=20.34 m
iter= 3410, img_loss=0.086929, reg_loss=0.041907, lr=0.00000, time=761.5 ms, rem=20.18 m
iter= 3420, img_loss=0.083068, reg_loss=0.041539, lr=0.00000, time=757.7 ms, rem=19.95 m
iter= 3430, img_loss=0.083830, reg_loss=0.041623, lr=0.00000, time=761.4 ms, rem=19.92 m
iter= 3440, img_loss=0.085817, reg_loss=0.041282, lr=0.00000, time=775.5 ms, rem=20.16 m
iter= 3450, img_loss=0.086005, reg_loss=0.041305, lr=0.00000, time=753.7 ms, rem=19.47 m
iter= 3460, img_loss=0.085679, reg_loss=0.041810, lr=0.00000, time=765.9 ms, rem=19.66 m
iter= 3470, img_loss=0.084534, reg_loss=0.041245, lr=0.00000, time=754.3 ms, rem=19.23 m
iter= 3480, img_loss=0.087679, reg_loss=0.040928, lr=0.00000, time=762.3 ms, rem=19.31 m
iter= 3490, img_loss=0.085996, reg_loss=0.041865, lr=0.00000, time=772.7 ms, rem=19.45 m
iter= 3500, img_loss=0.085351, reg_loss=0.041223, lr=0.00000, time=763.1 ms, rem=19.08 m
iter= 3510, img_loss=0.083904, reg_loss=0.041499, lr=0.00000, time=761.6 ms, rem=18.91 m
iter= 3520, img_loss=0.086509, reg_loss=0.040873, lr=0.00000, time=762.9 ms, rem=18.82 m
iter= 3530, img_loss=0.087493, reg_loss=0.040901, lr=0.00000, time=759.7 ms, rem=18.61 m
iter= 3540, img_loss=0.084706, reg_loss=0.041247, lr=0.00000, time=776.1 ms, rem=18.88 m
iter= 3550, img_loss=0.084482, reg_loss=0.040971, lr=0.00000, time=774.4 ms, rem=18.71 m
iter= 3560, img_loss=0.083330, reg_loss=0.041549, lr=0.00000, time=781.0 ms, rem=18.74 m
iter= 3570, img_loss=0.082028, reg_loss=0.041461, lr=0.00000, time=765.6 ms, rem=18.25 m
iter= 3580, img_loss=0.084580, reg_loss=0.041719, lr=0.00000, time=765.0 ms, rem=18.11 m
iter= 3590, img_loss=0.085872, reg_loss=0.041262, lr=0.00000, time=755.9 ms, rem=17.76 m
iter= 3600, img_loss=0.082688, reg_loss=0.041776, lr=0.00000, time=762.0 ms, rem=17.78 m
iter= 3610, img_loss=0.083932, reg_loss=0.041986, lr=0.00000, time=764.0 ms, rem=17.70 m
iter= 3620, img_loss=0.082670, reg_loss=0.040692, lr=0.00000, time=762.8 ms, rem=17.54 m
iter= 3630, img_loss=0.084536, reg_loss=0.041895, lr=0.00000, time=772.9 ms, rem=17.65 m
iter= 3640, img_loss=0.086835, reg_loss=0.041749, lr=0.00000, time=755.2 ms, rem=17.12 m
iter= 3650, img_loss=0.084673, reg_loss=0.041434, lr=0.00000, time=756.0 ms, rem=17.01 m
iter= 3660, img_loss=0.084339, reg_loss=0.041340, lr=0.00000, time=752.7 ms, rem=16.81 m
iter= 3670, img_loss=0.086048, reg_loss=0.041693, lr=0.00000, time=755.6 ms, rem=16.75 m
iter= 3680, img_loss=0.089135, reg_loss=0.041211, lr=0.00000, time=752.8 ms, rem=16.56 m
iter= 3690, img_loss=0.085787, reg_loss=0.041670, lr=0.00000, time=762.6 ms, rem=16.65 m
iter= 3700, img_loss=0.082213, reg_loss=0.041696, lr=0.00000, time=758.2 ms, rem=16.43 m
iter= 3710, img_loss=0.084085, reg_loss=0.041685, lr=0.00000, time=765.6 ms, rem=16.46 m
iter= 3720, img_loss=0.084452, reg_loss=0.041518, lr=0.00000, time=765.9 ms, rem=16.34 m
iter= 3730, img_loss=0.084244, reg_loss=0.041791, lr=0.00000, time=762.6 ms, rem=16.14 m
iter= 3740, img_loss=0.086023, reg_loss=0.041642, lr=0.00000, time=768.9 ms, rem=16.15 m
iter= 3750, img_loss=0.083662, reg_loss=0.041288, lr=0.00000, time=761.2 ms, rem=15.86 m
iter= 3760, img_loss=0.085040, reg_loss=0.041281, lr=0.00000, time=766.3 ms, rem=15.84 m
iter= 3770, img_loss=0.086017, reg_loss=0.041266, lr=0.00000, time=764.3 ms, rem=15.67 m
iter= 3780, img_loss=0.086649, reg_loss=0.041532, lr=0.00000, time=778.5 ms, rem=15.83 m
iter= 3790, img_loss=0.085739, reg_loss=0.041338, lr=0.00000, time=759.0 ms, rem=15.31 m
iter= 3800, img_loss=0.086514, reg_loss=0.041226, lr=0.00000, time=755.8 ms, rem=15.12 m
iter= 3810, img_loss=0.086762, reg_loss=0.040919, lr=0.00000, time=760.4 ms, rem=15.08 m
iter= 3820, img_loss=0.085498, reg_loss=0.041286, lr=0.00000, time=755.3 ms, rem=14.85 m
iter= 3830, img_loss=0.083031, reg_loss=0.041339, lr=0.00000, time=755.2 ms, rem=14.73 m
iter= 3840, img_loss=0.084383, reg_loss=0.041709, lr=0.00000, time=763.8 ms, rem=14.77 m
iter= 3850, img_loss=0.086203, reg_loss=0.041017, lr=0.00000, time=759.4 ms, rem=14.55 m
iter= 3860, img_loss=0.085435, reg_loss=0.041592, lr=0.00000, time=769.2 ms, rem=14.61 m
iter= 3870, img_loss=0.083834, reg_loss=0.041633, lr=0.00000, time=765.1 ms, rem=14.41 m
iter= 3880, img_loss=0.085216, reg_loss=0.041511, lr=0.00000, time=769.5 ms, rem=14.36 m
iter= 3890, img_loss=0.084334, reg_loss=0.041748, lr=0.00000, time=766.2 ms, rem=14.18 m
iter= 3900, img_loss=0.087504, reg_loss=0.040673, lr=0.00000, time=759.0 ms, rem=13.91 m
iter= 3910, img_loss=0.083735, reg_loss=0.041546, lr=0.00000, time=777.3 ms, rem=14.12 m
iter= 3920, img_loss=0.085389, reg_loss=0.041084, lr=0.00000, time=757.3 ms, rem=13.63 m
iter= 3930, img_loss=0.086562, reg_loss=0.041411, lr=0.00000, time=761.8 ms, rem=13.59 m
iter= 3940, img_loss=0.087990, reg_loss=0.041503, lr=0.00000, time=765.8 ms, rem=13.53 m
iter= 3950, img_loss=0.084800, reg_loss=0.041256, lr=0.00000, time=764.8 ms, rem=13.38 m
iter= 3960, img_loss=0.081615, reg_loss=0.041126, lr=0.00000, time=765.8 ms, rem=13.27 m
iter= 3970, img_loss=0.086954, reg_loss=0.041270, lr=0.00000, time=764.3 ms, rem=13.12 m
iter= 3980, img_loss=0.086156, reg_loss=0.041196, lr=0.00000, time=763.2 ms, rem=12.97 m
iter= 3990, img_loss=0.085558, reg_loss=0.040650, lr=0.00000, time=768.5 ms, rem=12.94 m
iter= 4000, img_loss=0.085181, reg_loss=0.041471, lr=0.00000, time=759.6 ms, rem=12.66 m
iter= 4010, img_loss=0.086717, reg_loss=0.041030, lr=0.00000, time=759.1 ms, rem=12.53 m
iter= 4020, img_loss=0.084324, reg_loss=0.041449, lr=0.00000, time=762.1 ms, rem=12.45 m
iter= 4030, img_loss=0.087126, reg_loss=0.041395, lr=0.00000, time=760.6 ms, rem=12.30 m
iter= 4040, img_loss=0.086383, reg_loss=0.041293, lr=0.00000, time=766.1 ms, rem=12.26 m
iter= 4050, img_loss=0.085875, reg_loss=0.041342, lr=0.00000, time=767.1 ms, rem=12.15 m
iter= 4060, img_loss=0.083856, reg_loss=0.041825, lr=0.00000, time=766.8 ms, rem=12.01 m
iter= 4070, img_loss=0.084275, reg_loss=0.041149, lr=0.00000, time=762.2 ms, rem=11.81 m
iter= 4080, img_loss=0.086047, reg_loss=0.041528, lr=0.00000, time=759.6 ms, rem=11.65 m
iter= 4090, img_loss=0.086065, reg_loss=0.041590, lr=0.00000, time=767.0 ms, rem=11.63 m
iter= 4100, img_loss=0.084375, reg_loss=0.041186, lr=0.00000, time=763.3 ms, rem=11.45 m
iter= 4110, img_loss=0.084494, reg_loss=0.041783, lr=0.00000, time=773.4 ms, rem=11.47 m
iter= 4120, img_loss=0.086276, reg_loss=0.041493, lr=0.00000, time=764.8 ms, rem=11.22 m
iter= 4130, img_loss=0.085184, reg_loss=0.041181, lr=0.00000, time=752.9 ms, rem=10.92 m
iter= 4140, img_loss=0.085682, reg_loss=0.041020, lr=0.00000, time=753.1 ms, rem=10.79 m
iter= 4150, img_loss=0.086592, reg_loss=0.041980, lr=0.00000, time=763.1 ms, rem=10.81 m
iter= 4160, img_loss=0.086438, reg_loss=0.041641, lr=0.00000, time=765.2 ms, rem=10.71 m
iter= 4170, img_loss=0.084774, reg_loss=0.041816, lr=0.00000, time=771.0 ms, rem=10.67 m
iter= 4180, img_loss=0.084260, reg_loss=0.041565, lr=0.00000, time=767.7 ms, rem=10.49 m
iter= 4190, img_loss=0.080469, reg_loss=0.041622, lr=0.00000, time=765.1 ms, rem=10.33 m
iter= 4200, img_loss=0.085510, reg_loss=0.041254, lr=0.00000, time=763.1 ms, rem=10.17 m
iter= 4210, img_loss=0.084303, reg_loss=0.041701, lr=0.00000, time=775.4 ms, rem=10.21 m
iter= 4220, img_loss=0.088089, reg_loss=0.041175, lr=0.00000, time=770.8 ms, rem=10.02 m
iter= 4230, img_loss=0.086043, reg_loss=0.041126, lr=0.00000, time=748.5 ms, rem=9.61 m
iter= 4240, img_loss=0.085164, reg_loss=0.040803, lr=0.00000, time=752.2 ms, rem=9.53 m
iter= 4250, img_loss=0.082981, reg_loss=0.041213, lr=0.00000, time=757.0 ms, rem=9.46 m
iter= 4260, img_loss=0.084955, reg_loss=0.040952, lr=0.00000, time=782.1 ms, rem=9.65 m
iter= 4270, img_loss=0.083910, reg_loss=0.041067, lr=0.00000, time=750.1 ms, rem=9.13 m
iter= 4280, img_loss=0.085452, reg_loss=0.041545, lr=0.00000, time=752.5 ms, rem=9.03 m
iter= 4290, img_loss=0.083825, reg_loss=0.041049, lr=0.00000, time=752.7 ms, rem=8.91 m
iter= 4300, img_loss=0.085767, reg_loss=0.041296, lr=0.00000, time=757.8 ms, rem=8.84 m
iter= 4310, img_loss=0.086454, reg_loss=0.041858, lr=0.00000, time=757.2 ms, rem=8.71 m
iter= 4320, img_loss=0.087088, reg_loss=0.040818, lr=0.00000, time=759.1 ms, rem=8.60 m
iter= 4330, img_loss=0.085253, reg_loss=0.041035, lr=0.00000, time=760.2 ms, rem=8.49 m
iter= 4340, img_loss=0.085350, reg_loss=0.041340, lr=0.00000, time=761.0 ms, rem=8.37 m
iter= 4350, img_loss=0.084530, reg_loss=0.040970, lr=0.00000, time=767.9 ms, rem=8.32 m
iter= 4360, img_loss=0.082184, reg_loss=0.041859, lr=0.00000, time=768.2 ms, rem=8.19 m
iter= 4370, img_loss=0.086789, reg_loss=0.041244, lr=0.00000, time=784.6 ms, rem=8.24 m
iter= 4380, img_loss=0.085047, reg_loss=0.041443, lr=0.00000, time=753.8 ms, rem=7.79 m
iter= 4390, img_loss=0.084537, reg_loss=0.041653, lr=0.00000, time=759.9 ms, rem=7.73 m
iter= 4400, img_loss=0.084777, reg_loss=0.041546, lr=0.00000, time=770.0 ms, rem=7.70 m
iter= 4410, img_loss=0.082509, reg_loss=0.041448, lr=0.00000, time=761.0 ms, rem=7.48 m
iter= 4420, img_loss=0.083836, reg_loss=0.041408, lr=0.00000, time=756.5 ms, rem=7.31 m
iter= 4430, img_loss=0.083472, reg_loss=0.041310, lr=0.00000, time=759.0 ms, rem=7.21 m
iter= 4440, img_loss=0.085727, reg_loss=0.041286, lr=0.00000, time=760.6 ms, rem=7.10 m
iter= 4450, img_loss=0.084744, reg_loss=0.041989, lr=0.00000, time=766.7 ms, rem=7.03 m
iter= 4460, img_loss=0.085860, reg_loss=0.040834, lr=0.00000, time=760.3 ms, rem=6.84 m
iter= 4470, img_loss=0.083850, reg_loss=0.041067, lr=0.00000, time=759.3 ms, rem=6.71 m
iter= 4480, img_loss=0.085127, reg_loss=0.041272, lr=0.00000, time=763.8 ms, rem=6.62 m
iter= 4490, img_loss=0.083923, reg_loss=0.040903, lr=0.00000, time=763.2 ms, rem=6.49 m
iter= 4500, img_loss=0.082993, reg_loss=0.040921, lr=0.00000, time=757.7 ms, rem=6.31 m
iter= 4510, img_loss=0.084415, reg_loss=0.041251, lr=0.00000, time=771.3 ms, rem=6.30 m
iter= 4520, img_loss=0.084785, reg_loss=0.041715, lr=0.00000, time=776.3 ms, rem=6.21 m
iter= 4530, img_loss=0.084555, reg_loss=0.040817, lr=0.00000, time=744.7 ms, rem=5.83 m
iter= 4540, img_loss=0.084074, reg_loss=0.041440, lr=0.00000, time=766.0 ms, rem=5.87 m
iter= 4550, img_loss=0.082408, reg_loss=0.041513, lr=0.00000, time=753.8 ms, rem=5.65 m
iter= 4560, img_loss=0.083515, reg_loss=0.041830, lr=0.00000, time=759.2 ms, rem=5.57 m
iter= 4570, img_loss=0.083252, reg_loss=0.041386, lr=0.00000, time=757.0 ms, rem=5.42 m
iter= 4580, img_loss=0.085618, reg_loss=0.041479, lr=0.00000, time=756.6 ms, rem=5.30 m
iter= 4590, img_loss=0.085714, reg_loss=0.041411, lr=0.00000, time=761.3 ms, rem=5.20 m
iter= 4600, img_loss=0.088608, reg_loss=0.041476, lr=0.00000, time=776.5 ms, rem=5.18 m
iter= 4610, img_loss=0.085308, reg_loss=0.041338, lr=0.00000, time=761.2 ms, rem=4.95 m
iter= 4620, img_loss=0.083953, reg_loss=0.041659, lr=0.00000, time=768.5 ms, rem=4.87 m
iter= 4630, img_loss=0.085321, reg_loss=0.041398, lr=0.00000, time=758.7 ms, rem=4.68 m
iter= 4640, img_loss=0.086007, reg_loss=0.041552, lr=0.00000, time=762.7 ms, rem=4.58 m
iter= 4650, img_loss=0.084903, reg_loss=0.041870, lr=0.00000, time=766.9 ms, rem=4.47 m
iter= 4660, img_loss=0.085327, reg_loss=0.040944, lr=0.00000, time=756.8 ms, rem=4.29 m
iter= 4670, img_loss=0.081950, reg_loss=0.041236, lr=0.00000, time=766.2 ms, rem=4.21 m
iter= 4680, img_loss=0.084469, reg_loss=0.041338, lr=0.00000, time=766.6 ms, rem=4.09 m
iter= 4690, img_loss=0.086685, reg_loss=0.041815, lr=0.00000, time=758.8 ms, rem=3.92 m
iter= 4700, img_loss=0.084880, reg_loss=0.041767, lr=0.00000, time=758.5 ms, rem=3.79 m
iter= 4710, img_loss=0.085751, reg_loss=0.041830, lr=0.00000, time=754.4 ms, rem=3.65 m
iter= 4720, img_loss=0.083986, reg_loss=0.041796, lr=0.00000, time=756.9 ms, rem=3.53 m
iter= 4730, img_loss=0.086443, reg_loss=0.041459, lr=0.00000, time=767.8 ms, rem=3.45 m
iter= 4740, img_loss=0.082991, reg_loss=0.041381, lr=0.00000, time=753.5 ms, rem=3.27 m
iter= 4750, img_loss=0.082679, reg_loss=0.041847, lr=0.00000, time=745.0 ms, rem=3.10 m
iter= 4760, img_loss=0.084548, reg_loss=0.041723, lr=0.00000, time=745.0 ms, rem=2.98 m
iter= 4770, img_loss=0.084999, reg_loss=0.041020, lr=0.00000, time=740.2 ms, rem=2.84 m
iter= 4780, img_loss=0.083287, reg_loss=0.041673, lr=0.00000, time=744.9 ms, rem=2.73 m
iter= 4790, img_loss=0.083273, reg_loss=0.041401, lr=0.00000, time=753.3 ms, rem=2.64 m
iter= 4800, img_loss=0.083432, reg_loss=0.041330, lr=0.00000, time=738.9 ms, rem=2.46 m
iter= 4810, img_loss=0.084121, reg_loss=0.041059, lr=0.00000, time=733.9 ms, rem=2.32 m
iter= 4820, img_loss=0.083906, reg_loss=0.041120, lr=0.00000, time=737.3 ms, rem=2.21 m
iter= 4830, img_loss=0.085386, reg_loss=0.041384, lr=0.00000, time=738.9 ms, rem=2.09 m
iter= 4840, img_loss=0.083099, reg_loss=0.041475, lr=0.00000, time=740.5 ms, rem=1.97 m
iter= 4850, img_loss=0.085975, reg_loss=0.041532, lr=0.00000, time=732.9 ms, rem=1.83 m
iter= 4860, img_loss=0.085152, reg_loss=0.041320, lr=0.00000, time=733.6 ms, rem=1.71 m
iter= 4870, img_loss=0.085444, reg_loss=0.041310, lr=0.00000, time=736.2 ms, rem=1.60 m
iter= 4880, img_loss=0.084455, reg_loss=0.041370, lr=0.00000, time=735.2 ms, rem=1.47 m
iter= 4890, img_loss=0.085365, reg_loss=0.041402, lr=0.00000, time=741.7 ms, rem=1.36 m
iter= 4900, img_loss=0.083932, reg_loss=0.041218, lr=0.00000, time=731.0 ms, rem=1.22 m
iter= 4910, img_loss=0.083492, reg_loss=0.041367, lr=0.00000, time=731.7 ms, rem=1.10 m
iter= 4920, img_loss=0.085273, reg_loss=0.041575, lr=0.00000, time=734.7 ms, rem=58.78 s
iter= 4930, img_loss=0.082973, reg_loss=0.041690, lr=0.00000, time=736.8 ms, rem=51.58 s
iter= 4940, img_loss=0.084478, reg_loss=0.041916, lr=0.00000, time=741.0 ms, rem=44.46 s
iter= 4950, img_loss=0.085759, reg_loss=0.041249, lr=0.00000, time=727.5 ms, rem=36.38 s
iter= 4960, img_loss=0.084256, reg_loss=0.041479, lr=0.00000, time=729.9 ms, rem=29.20 s
iter= 4970, img_loss=0.084576, reg_loss=0.041137, lr=0.00000, time=740.7 ms, rem=22.22 s
iter= 4980, img_loss=0.081944, reg_loss=0.041825, lr=0.00000, time=737.0 ms, rem=14.74 s
iter= 4990, img_loss=0.082530, reg_loss=0.041187, lr=0.00000, time=728.5 ms, rem=7.29 s
iter= 5000, img_loss=0.086546, reg_loss=0.041142, lr=0.00000, time=727.2 ms, rem=0.00 s
Running validation
MSE,      PSNR
0.02558959, 15.974
Writing mesh:  out/clock/mesh/mesh.obj
    writing 507350 vertices
    writing 3043812 texcoords
    writing 507350 normals
    writing 1014604 faces
Writing material:  out/clock/mesh/mesh.mtl
Done exporting mesh
OptiXStateWrapper destructor 
