====== Scene: man ======
Using /homes/sanskar/.cache/torch_extensions/py39_cu116 as PyTorch extensions root...
Detected CUDA files, patching ldflags
Emitting ninja build file /homes/sanskar/.cache/torch_extensions/py39_cu116/optixutils_plugin/build.ninja...
Building extension module optixutils_plugin...
Allowing ninja to set a default number of workers... (overridable by setting the environment variable MAX_JOBS=N)
ninja: no work to do.
Loading extension module optixutils_plugin...
Using mesh scale : 2.1, center : [ 0.01086533 -0.00505683  0.02556861]
Config / Flags:
---------
iter 5000
batch 8
spp 1
layers 1
train_res [576, 768]
display_res [576, 768]
texture_res [1024, 1024]
display_interval 0
save_interval 100
learning_rate [0.03, 0.01]
custom_mip False
background white
loss logl1
out_dir out/man
config configs/man.json
ref_mesh /homes/sanskar/data/bmvsdtu/llff_data/man
base_mesh /homes/sanskar/mcnvdiffrec/nvdiffrecmc/dtu_data/mesh/man.obj
validate True
n_samples 8
bsdf pbr
denoiser bilateral
denoiser_demodulate True
mtl_override None
dmtet_grid 64
mesh_scale 2.1
envlight None
env_scale 1.0
probe_res 256
learn_lighting True
display [{'latlong': True}, {'bsdf': 'kd'}, {'bsdf': 'ks'}, {'bsdf': 'normal'}]
transparency False
lock_light False
lock_pos True
sdf_regularizer 0.2
laplace relative
laplace_scale 3000.0
pre_load True
no_perturbed_nrm False
decorrelated False
kd_min [0.0, 0.0, 0.0, 0.0]
kd_max [1.0, 1.0, 1.0, 1.0]
ks_min [0.0, 0.08, 0.0]
ks_max [1.0, 1.0, 1.0]
nrm_min [-1.0, -1.0, 0.0]
nrm_max [1.0, 1.0, 1.0]
clip_max_norm 0.0
cam_near_far [0.1, 1000.0]
lambda_kd 0.1
lambda_ks 0.05
lambda_nrm 0.025
lambda_nrm2 0.25
lambda_chroma 0.0
lambda_diffuse 0.15
lambda_specular 0.0025
random_textures True
centre [ 0.01086533 -0.00505683  0.02556861]
---------
/homes/sanskar/miniconda3/envs/nvdiffrec/lib/python3.9/site-packages/torch/functional.py:504: UserWarning: torch.meshgrid: in an upcoming release, it will be required to pass the indexing argument. (Triggered internally at ../aten/src/ATen/native/TensorShape.cpp:3190.)
  return _VF.meshgrid(tensors, **kwargs)  # type: ignore[attr-defined]
End of OptiXStateWrapper 
Using /homes/sanskar/.cache/torch_extensions/py39_cu116 as PyTorch extensions root...
Detected CUDA files, patching ldflags
Emitting ninja build file /homes/sanskar/.cache/torch_extensions/py39_cu116/renderutils_plugin/build.ninja...
Building extension module renderutils_plugin...
Allowing ninja to set a default number of workers... (overridable by setting the environment variable MAX_JOBS=N)
DatasetLLFF: 22 images with shape [576, 768]
Auto centering at [ 0.01086533 -0.00505683  0.02556861]
DatasetLLFF: 2 images with shape [576, 768]
Auto centering at [ 0.01086533 -0.00505683  0.02556861]
Cuda path /homes/sanskar/miniconda3/envs/nvdiffrec
Base mesh has 1502268 triangles and 752500 vertices.
Avg edge length: 0.003314
ninja: no work to do.
Loading extension module renderutils_plugin...
iter=    0, img_loss=0.178953, reg_loss=0.061363, lr=0.00000, time=1309.5 ms, rem=1.82 h
iter=   10, img_loss=0.153459, reg_loss=0.058776, lr=0.00000, time=1303.7 ms, rem=1.81 h
iter=   20, img_loss=0.114780, reg_loss=0.058477, lr=0.00000, time=1313.8 ms, rem=1.82 h
iter=   30, img_loss=0.113194, reg_loss=0.056739, lr=0.00000, time=1318.3 ms, rem=1.82 h
iter=   40, img_loss=0.115818, reg_loss=0.055220, lr=0.00000, time=1325.2 ms, rem=1.83 h
iter=   50, img_loss=0.107073, reg_loss=0.054458, lr=0.00000, time=1324.3 ms, rem=1.82 h
iter=   60, img_loss=0.099374, reg_loss=0.053990, lr=0.00000, time=1325.8 ms, rem=1.82 h
iter=   70, img_loss=0.094237, reg_loss=0.052663, lr=0.00000, time=1317.5 ms, rem=1.80 h
iter=   80, img_loss=0.104292, reg_loss=0.053223, lr=0.00000, time=1333.8 ms, rem=1.82 h
iter=   90, img_loss=0.098214, reg_loss=0.052850, lr=0.00000, time=1329.7 ms, rem=1.81 h
iter=  100, img_loss=0.096843, reg_loss=0.052305, lr=0.00000, time=1327.1 ms, rem=1.81 h
iter=  110, img_loss=0.093848, reg_loss=0.052235, lr=0.00000, time=1324.6 ms, rem=1.80 h
iter=  120, img_loss=0.113337, reg_loss=0.052439, lr=0.00000, time=1338.6 ms, rem=1.81 h
iter=  130, img_loss=0.100514, reg_loss=0.052256, lr=0.00000, time=1331.7 ms, rem=1.80 h
iter=  140, img_loss=0.093548, reg_loss=0.051766, lr=0.00000, time=1328.3 ms, rem=1.79 h
iter=  150, img_loss=0.098091, reg_loss=0.051727, lr=0.00000, time=1333.2 ms, rem=1.80 h
iter=  160, img_loss=0.096737, reg_loss=0.051639, lr=0.00000, time=1326.5 ms, rem=1.78 h
iter=  170, img_loss=0.079249, reg_loss=0.051293, lr=0.00000, time=1314.8 ms, rem=1.76 h
iter=  180, img_loss=0.096230, reg_loss=0.052196, lr=0.00000, time=1333.2 ms, rem=1.79 h
iter=  190, img_loss=0.092601, reg_loss=0.050874, lr=0.00000, time=1318.2 ms, rem=1.76 h
iter=  200, img_loss=0.108688, reg_loss=0.052432, lr=0.00000, time=1342.0 ms, rem=1.79 h
iter=  210, img_loss=0.100682, reg_loss=0.051772, lr=0.00000, time=1332.5 ms, rem=1.77 h
iter=  220, img_loss=0.094902, reg_loss=0.051196, lr=0.00000, time=1326.4 ms, rem=1.76 h
iter=  230, img_loss=0.092979, reg_loss=0.051407, lr=0.00000, time=1324.1 ms, rem=1.75 h
iter=  240, img_loss=0.111830, reg_loss=0.051658, lr=0.00000, time=1335.5 ms, rem=1.77 h
iter=  250, img_loss=0.108323, reg_loss=0.051863, lr=0.00000, time=1340.9 ms, rem=1.77 h
iter=  260, img_loss=0.092202, reg_loss=0.051187, lr=0.00000, time=1323.4 ms, rem=1.74 h
iter=  270, img_loss=0.098980, reg_loss=0.051681, lr=0.00000, time=1332.7 ms, rem=1.75 h
iter=  280, img_loss=0.104978, reg_loss=0.051979, lr=0.00000, time=1336.6 ms, rem=1.75 h
iter=  290, img_loss=0.103383, reg_loss=0.051730, lr=0.00000, time=1334.0 ms, rem=1.75 h
iter=  300, img_loss=0.097817, reg_loss=0.051026, lr=0.00000, time=1325.6 ms, rem=1.73 h
iter=  310, img_loss=0.099829, reg_loss=0.051589, lr=0.00000, time=1334.0 ms, rem=1.74 h
iter=  320, img_loss=0.090729, reg_loss=0.051398, lr=0.00000, time=1329.3 ms, rem=1.73 h
iter=  330, img_loss=0.081689, reg_loss=0.051002, lr=0.00000, time=1316.8 ms, rem=1.71 h
iter=  340, img_loss=0.103474, reg_loss=0.051631, lr=0.00000, time=1336.0 ms, rem=1.73 h
iter=  350, img_loss=0.098410, reg_loss=0.051514, lr=0.00000, time=1336.2 ms, rem=1.73 h
iter=  360, img_loss=0.078900, reg_loss=0.051258, lr=0.00000, time=1324.8 ms, rem=1.71 h
iter=  370, img_loss=0.107515, reg_loss=0.051276, lr=0.00000, time=1336.5 ms, rem=1.72 h
iter=  380, img_loss=0.089394, reg_loss=0.051298, lr=0.00000, time=1325.5 ms, rem=1.70 h
iter=  390, img_loss=0.096840, reg_loss=0.051710, lr=0.00000, time=1330.7 ms, rem=1.70 h
iter=  400, img_loss=0.093281, reg_loss=0.051278, lr=0.00000, time=1327.5 ms, rem=1.70 h
iter=  410, img_loss=0.101783, reg_loss=0.051230, lr=0.00000, time=1331.7 ms, rem=1.70 h
iter=  420, img_loss=0.101907, reg_loss=0.051307, lr=0.00000, time=1331.0 ms, rem=1.69 h
iter=  430, img_loss=0.107884, reg_loss=0.052192, lr=0.00000, time=1345.5 ms, rem=1.71 h
iter=  440, img_loss=0.095807, reg_loss=0.051479, lr=0.00000, time=1333.2 ms, rem=1.69 h
iter=  450, img_loss=0.099378, reg_loss=0.051764, lr=0.00000, time=1335.9 ms, rem=1.69 h
iter=  460, img_loss=0.098923, reg_loss=0.051168, lr=0.00000, time=1330.0 ms, rem=1.68 h
iter=  470, img_loss=0.108857, reg_loss=0.051368, lr=0.00000, time=1336.3 ms, rem=1.68 h
iter=  480, img_loss=0.096466, reg_loss=0.051426, lr=0.00000, time=1332.1 ms, rem=1.67 h
iter=  490, img_loss=0.104998, reg_loss=0.051386, lr=0.00000, time=1335.0 ms, rem=1.67 h
iter=  500, img_loss=0.100395, reg_loss=0.051419, lr=0.00000, time=1335.2 ms, rem=1.67 h
iter=  510, img_loss=0.094975, reg_loss=0.050651, lr=0.00000, time=1318.7 ms, rem=1.64 h
iter=  520, img_loss=0.087742, reg_loss=0.050404, lr=0.00000, time=1316.2 ms, rem=1.64 h
iter=  530, img_loss=0.100513, reg_loss=0.050748, lr=0.00000, time=1325.3 ms, rem=1.65 h
iter=  540, img_loss=0.099935, reg_loss=0.051430, lr=0.00000, time=1334.2 ms, rem=1.65 h
iter=  550, img_loss=0.113760, reg_loss=0.051142, lr=0.00000, time=1334.3 ms, rem=1.65 h
iter=  560, img_loss=0.093999, reg_loss=0.050614, lr=0.00000, time=1319.8 ms, rem=1.63 h
iter=  570, img_loss=0.098625, reg_loss=0.050883, lr=0.00000, time=1328.1 ms, rem=1.63 h
iter=  580, img_loss=0.100509, reg_loss=0.051446, lr=0.00000, time=1332.6 ms, rem=1.64 h
iter=  590, img_loss=0.103362, reg_loss=0.051243, lr=0.00000, time=1334.2 ms, rem=1.63 h
iter=  600, img_loss=0.097402, reg_loss=0.051227, lr=0.00000, time=1329.0 ms, rem=1.62 h
iter=  610, img_loss=0.102254, reg_loss=0.051048, lr=0.00000, time=1331.0 ms, rem=1.62 h
iter=  620, img_loss=0.111243, reg_loss=0.050606, lr=0.00000, time=1331.6 ms, rem=1.62 h
iter=  630, img_loss=0.093939, reg_loss=0.050756, lr=0.00000, time=1324.0 ms, rem=1.61 h
iter=  640, img_loss=0.104259, reg_loss=0.051793, lr=0.00000, time=1339.6 ms, rem=1.62 h
iter=  650, img_loss=0.107155, reg_loss=0.050783, lr=0.00000, time=1332.2 ms, rem=1.61 h
iter=  660, img_loss=0.105633, reg_loss=0.050914, lr=0.00000, time=1331.5 ms, rem=1.61 h
iter=  670, img_loss=0.096816, reg_loss=0.050851, lr=0.00000, time=1324.0 ms, rem=1.59 h
iter=  680, img_loss=0.095843, reg_loss=0.050662, lr=0.00000, time=1323.1 ms, rem=1.59 h
iter=  690, img_loss=0.093095, reg_loss=0.050581, lr=0.00000, time=1319.8 ms, rem=1.58 h
iter=  700, img_loss=0.102869, reg_loss=0.050989, lr=0.00000, time=1332.0 ms, rem=1.59 h
iter=  710, img_loss=0.096546, reg_loss=0.051231, lr=0.00000, time=1328.8 ms, rem=1.58 h
iter=  720, img_loss=0.098923, reg_loss=0.050863, lr=0.00000, time=1331.0 ms, rem=1.58 h
iter=  730, img_loss=0.095826, reg_loss=0.050904, lr=0.00000, time=1324.8 ms, rem=1.57 h
iter=  740, img_loss=0.098771, reg_loss=0.050439, lr=0.00000, time=1319.7 ms, rem=1.56 h
iter=  750, img_loss=0.088691, reg_loss=0.050260, lr=0.00000, time=1315.7 ms, rem=1.55 h
iter=  760, img_loss=0.094186, reg_loss=0.050437, lr=0.00000, time=1322.6 ms, rem=1.56 h
iter=  770, img_loss=0.089316, reg_loss=0.050028, lr=0.00000, time=1315.9 ms, rem=1.55 h
iter=  780, img_loss=0.090857, reg_loss=0.051053, lr=0.00000, time=1326.3 ms, rem=1.55 h
iter=  790, img_loss=0.106813, reg_loss=0.050851, lr=0.00000, time=1332.7 ms, rem=1.56 h
iter=  800, img_loss=0.117937, reg_loss=0.051015, lr=0.00000, time=1337.0 ms, rem=1.56 h
iter=  810, img_loss=0.095380, reg_loss=0.050902, lr=0.00000, time=1327.5 ms, rem=1.55 h
iter=  820, img_loss=0.096546, reg_loss=0.051169, lr=0.00000, time=1333.9 ms, rem=1.55 h
iter=  830, img_loss=0.093120, reg_loss=0.051146, lr=0.00000, time=1327.1 ms, rem=1.54 h
iter=  840, img_loss=0.097126, reg_loss=0.050378, lr=0.00000, time=1320.8 ms, rem=1.53 h
iter=  850, img_loss=0.098947, reg_loss=0.050898, lr=0.00000, time=1329.6 ms, rem=1.53 h
iter=  860, img_loss=0.105610, reg_loss=0.050801, lr=0.00000, time=1329.0 ms, rem=1.53 h
iter=  870, img_loss=0.103670, reg_loss=0.051161, lr=0.00000, time=1334.2 ms, rem=1.53 h
iter=  880, img_loss=0.094217, reg_loss=0.050581, lr=0.00000, time=1322.6 ms, rem=1.51 h
iter=  890, img_loss=0.096481, reg_loss=0.051713, lr=0.00000, time=1337.9 ms, rem=1.53 h
iter=  900, img_loss=0.109383, reg_loss=0.050909, lr=0.00000, time=1331.8 ms, rem=1.52 h
iter=  910, img_loss=0.098082, reg_loss=0.050653, lr=0.00000, time=1326.0 ms, rem=1.51 h
iter=  920, img_loss=0.090960, reg_loss=0.050605, lr=0.00000, time=1320.1 ms, rem=1.50 h
iter=  930, img_loss=0.080830, reg_loss=0.050297, lr=0.00000, time=1314.8 ms, rem=1.49 h
iter=  940, img_loss=0.090178, reg_loss=0.050133, lr=0.00000, time=1315.6 ms, rem=1.48 h
iter=  950, img_loss=0.102210, reg_loss=0.050698, lr=0.00000, time=1326.6 ms, rem=1.49 h
iter=  960, img_loss=0.091749, reg_loss=0.050872, lr=0.00000, time=1325.9 ms, rem=1.49 h
iter=  970, img_loss=0.097205, reg_loss=0.050647, lr=0.00000, time=1325.4 ms, rem=1.48 h
iter=  980, img_loss=0.096464, reg_loss=0.050385, lr=0.00000, time=1322.8 ms, rem=1.48 h
iter=  990, img_loss=0.092682, reg_loss=0.050611, lr=0.00000, time=1326.0 ms, rem=1.48 h
iter= 1000, img_loss=0.101256, reg_loss=0.050597, lr=0.00000, time=1324.3 ms, rem=1.47 h
iter= 1010, img_loss=0.102195, reg_loss=0.050793, lr=0.00000, time=1327.1 ms, rem=1.47 h
iter= 1020, img_loss=0.097739, reg_loss=0.050389, lr=0.00000, time=1320.6 ms, rem=1.46 h
iter= 1030, img_loss=0.095895, reg_loss=0.050244, lr=0.00000, time=1320.7 ms, rem=1.46 h
iter= 1040, img_loss=0.102715, reg_loss=0.051147, lr=0.00000, time=1330.3 ms, rem=1.46 h
iter= 1050, img_loss=0.091426, reg_loss=0.050234, lr=0.00000, time=1319.3 ms, rem=1.45 h
iter= 1060, img_loss=0.097680, reg_loss=0.050644, lr=0.00000, time=1328.7 ms, rem=1.45 h
iter= 1070, img_loss=0.095079, reg_loss=0.050775, lr=0.00000, time=1326.3 ms, rem=1.45 h
iter= 1080, img_loss=0.112270, reg_loss=0.051199, lr=0.00000, time=1334.3 ms, rem=1.45 h
iter= 1090, img_loss=0.094441, reg_loss=0.050485, lr=0.00000, time=1321.7 ms, rem=1.44 h
iter= 1100, img_loss=0.102991, reg_loss=0.050790, lr=0.00000, time=1329.8 ms, rem=1.44 h
iter= 1110, img_loss=0.103002, reg_loss=0.050332, lr=0.00000, time=1323.3 ms, rem=1.43 h
iter= 1120, img_loss=0.104649, reg_loss=0.050918, lr=0.00000, time=1330.1 ms, rem=1.43 h
iter= 1130, img_loss=0.088565, reg_loss=0.050525, lr=0.00000, time=1319.7 ms, rem=1.42 h
iter= 1140, img_loss=0.094288, reg_loss=0.050897, lr=0.00000, time=1328.7 ms, rem=1.42 h
iter= 1150, img_loss=0.080410, reg_loss=0.050464, lr=0.00000, time=1318.8 ms, rem=1.41 h
iter= 1160, img_loss=0.090441, reg_loss=0.050644, lr=0.00000, time=1324.4 ms, rem=1.41 h
iter= 1170, img_loss=0.102855, reg_loss=0.051120, lr=0.00000, time=1336.0 ms, rem=1.42 h
iter= 1180, img_loss=0.087443, reg_loss=0.050476, lr=0.00000, time=1317.8 ms, rem=1.40 h
iter= 1190, img_loss=0.097227, reg_loss=0.050288, lr=0.00000, time=1324.4 ms, rem=1.40 h
iter= 1200, img_loss=0.088856, reg_loss=0.050363, lr=0.00000, time=1320.0 ms, rem=1.39 h
iter= 1210, img_loss=0.102606, reg_loss=0.050693, lr=0.00000, time=1330.7 ms, rem=1.40 h
iter= 1220, img_loss=0.112024, reg_loss=0.050547, lr=0.00000, time=1333.4 ms, rem=1.40 h
iter= 1230, img_loss=0.100319, reg_loss=0.051096, lr=0.00000, time=1334.9 ms, rem=1.40 h
iter= 1240, img_loss=0.093641, reg_loss=0.050111, lr=0.00000, time=1318.5 ms, rem=1.38 h
iter= 1250, img_loss=0.086695, reg_loss=0.050134, lr=0.00000, time=1317.3 ms, rem=1.37 h
iter= 1260, img_loss=0.096557, reg_loss=0.051010, lr=0.00000, time=1330.4 ms, rem=1.38 h
iter= 1270, img_loss=0.098705, reg_loss=0.051262, lr=0.00000, time=1335.4 ms, rem=1.38 h
iter= 1280, img_loss=0.099405, reg_loss=0.050493, lr=0.00000, time=1326.7 ms, rem=1.37 h
iter= 1290, img_loss=0.112209, reg_loss=0.050962, lr=0.00000, time=1339.4 ms, rem=1.38 h
iter= 1300, img_loss=0.096661, reg_loss=0.050833, lr=0.00000, time=1330.2 ms, rem=1.37 h
iter= 1310, img_loss=0.101996, reg_loss=0.050456, lr=0.00000, time=1325.1 ms, rem=1.36 h
iter= 1320, img_loss=0.100036, reg_loss=0.050030, lr=0.00000, time=1318.7 ms, rem=1.35 h
iter= 1330, img_loss=0.089564, reg_loss=0.050222, lr=0.00000, time=1320.5 ms, rem=1.35 h
iter= 1340, img_loss=0.090264, reg_loss=0.050308, lr=0.00000, time=1321.0 ms, rem=1.34 h
iter= 1350, img_loss=0.094872, reg_loss=0.050425, lr=0.00000, time=1323.8 ms, rem=1.34 h
iter= 1360, img_loss=0.082150, reg_loss=0.050660, lr=0.00000, time=1318.5 ms, rem=1.33 h
iter= 1370, img_loss=0.098785, reg_loss=0.050151, lr=0.00000, time=1321.5 ms, rem=1.33 h
iter= 1380, img_loss=0.104597, reg_loss=0.050484, lr=0.00000, time=1328.5 ms, rem=1.34 h
iter= 1390, img_loss=0.098284, reg_loss=0.050255, lr=0.00000, time=1321.2 ms, rem=1.32 h
iter= 1400, img_loss=0.088241, reg_loss=0.050456, lr=0.00000, time=1319.5 ms, rem=1.32 h
iter= 1410, img_loss=0.093907, reg_loss=0.050676, lr=0.00000, time=1322.5 ms, rem=1.32 h
iter= 1420, img_loss=0.101137, reg_loss=0.050737, lr=0.00000, time=1329.2 ms, rem=1.32 h
iter= 1430, img_loss=0.090171, reg_loss=0.050179, lr=0.00000, time=1316.0 ms, rem=1.31 h
iter= 1440, img_loss=0.099696, reg_loss=0.050281, lr=0.00000, time=1325.2 ms, rem=1.31 h
iter= 1450, img_loss=0.112307, reg_loss=0.050967, lr=0.00000, time=1334.7 ms, rem=1.32 h
iter= 1460, img_loss=0.098929, reg_loss=0.050531, lr=0.00000, time=1327.3 ms, rem=1.31 h
iter= 1470, img_loss=0.107641, reg_loss=0.050908, lr=0.00000, time=1332.3 ms, rem=1.31 h
iter= 1480, img_loss=0.100777, reg_loss=0.050490, lr=0.00000, time=1326.0 ms, rem=1.30 h
iter= 1490, img_loss=0.102119, reg_loss=0.050880, lr=0.00000, time=1333.9 ms, rem=1.30 h
iter= 1500, img_loss=0.094644, reg_loss=0.050823, lr=0.00000, time=1327.6 ms, rem=1.29 h
iter= 1510, img_loss=0.105610, reg_loss=0.050372, lr=0.00000, time=1326.7 ms, rem=1.29 h
iter= 1520, img_loss=0.087703, reg_loss=0.050095, lr=0.00000, time=1316.6 ms, rem=1.27 h
iter= 1530, img_loss=0.096949, reg_loss=0.049882, lr=0.00000, time=1317.4 ms, rem=1.27 h
iter= 1540, img_loss=0.106339, reg_loss=0.050957, lr=0.00000, time=1335.9 ms, rem=1.28 h
iter= 1550, img_loss=0.103945, reg_loss=0.050505, lr=0.00000, time=1330.9 ms, rem=1.28 h
iter= 1560, img_loss=0.110088, reg_loss=0.050414, lr=0.00000, time=1328.3 ms, rem=1.27 h
iter= 1570, img_loss=0.096663, reg_loss=0.050658, lr=0.00000, time=1329.8 ms, rem=1.27 h
iter= 1580, img_loss=0.095743, reg_loss=0.050709, lr=0.00000, time=1328.4 ms, rem=1.26 h
iter= 1590, img_loss=0.106655, reg_loss=0.050424, lr=0.00000, time=1328.2 ms, rem=1.26 h
iter= 1600, img_loss=0.095899, reg_loss=0.050099, lr=0.00000, time=1318.3 ms, rem=1.25 h
iter= 1610, img_loss=0.090656, reg_loss=0.050391, lr=0.00000, time=1319.2 ms, rem=1.24 h
iter= 1620, img_loss=0.103375, reg_loss=0.050398, lr=0.00000, time=1325.8 ms, rem=1.24 h
iter= 1630, img_loss=0.091707, reg_loss=0.050446, lr=0.00000, time=1323.4 ms, rem=1.24 h
iter= 1640, img_loss=0.101447, reg_loss=0.050429, lr=0.00000, time=1328.2 ms, rem=1.24 h
iter= 1650, img_loss=0.092957, reg_loss=0.050950, lr=0.00000, time=1329.2 ms, rem=1.24 h
iter= 1660, img_loss=0.093444, reg_loss=0.050406, lr=0.00000, time=1320.5 ms, rem=1.23 h
iter= 1670, img_loss=0.091619, reg_loss=0.050446, lr=0.00000, time=1322.2 ms, rem=1.22 h
iter= 1680, img_loss=0.105628, reg_loss=0.050960, lr=0.00000, time=1332.4 ms, rem=1.23 h
iter= 1690, img_loss=0.111400, reg_loss=0.050551, lr=0.00000, time=1331.8 ms, rem=1.22 h
iter= 1700, img_loss=0.098844, reg_loss=0.050143, lr=0.00000, time=1320.7 ms, rem=1.21 h
iter= 1710, img_loss=0.099656, reg_loss=0.050512, lr=0.00000, time=1327.7 ms, rem=1.21 h
iter= 1720, img_loss=0.096489, reg_loss=0.050798, lr=0.00000, time=1328.4 ms, rem=1.21 h
iter= 1730, img_loss=0.115019, reg_loss=0.050866, lr=0.00000, time=1336.4 ms, rem=1.21 h
iter= 1740, img_loss=0.106152, reg_loss=0.051287, lr=0.00000, time=1337.5 ms, rem=1.21 h
iter= 1750, img_loss=0.091261, reg_loss=0.049883, lr=0.00000, time=1316.2 ms, rem=1.19 h
iter= 1760, img_loss=0.090358, reg_loss=0.049640, lr=0.00000, time=1311.0 ms, rem=1.18 h
iter= 1770, img_loss=0.095415, reg_loss=0.049885, lr=0.00000, time=1315.8 ms, rem=1.18 h
iter= 1780, img_loss=0.097965, reg_loss=0.049565, lr=0.00000, time=1313.6 ms, rem=1.17 h
iter= 1790, img_loss=0.100548, reg_loss=0.050795, lr=0.00000, time=1329.0 ms, rem=1.19 h
iter= 1800, img_loss=0.087881, reg_loss=0.050222, lr=0.00000, time=1317.5 ms, rem=1.17 h
iter= 1810, img_loss=0.093507, reg_loss=0.050711, lr=0.00000, time=1326.2 ms, rem=1.18 h
iter= 1820, img_loss=0.100603, reg_loss=0.050682, lr=0.00000, time=1329.8 ms, rem=1.17 h
iter= 1830, img_loss=0.109774, reg_loss=0.050870, lr=0.00000, time=1335.5 ms, rem=1.18 h
iter= 1840, img_loss=0.104151, reg_loss=0.050847, lr=0.00000, time=1333.2 ms, rem=1.17 h
iter= 1850, img_loss=0.090705, reg_loss=0.050297, lr=0.00000, time=1319.8 ms, rem=1.15 h
iter= 1860, img_loss=0.107975, reg_loss=0.050812, lr=0.00000, time=1333.9 ms, rem=1.16 h
iter= 1870, img_loss=0.099906, reg_loss=0.050568, lr=0.00000, time=1326.9 ms, rem=1.15 h
iter= 1880, img_loss=0.096213, reg_loss=0.050625, lr=0.00000, time=1325.3 ms, rem=1.15 h
iter= 1890, img_loss=0.087048, reg_loss=0.049870, lr=0.00000, time=1311.8 ms, rem=1.13 h
iter= 1900, img_loss=0.091145, reg_loss=0.050411, lr=0.00000, time=1322.1 ms, rem=1.14 h
iter= 1910, img_loss=0.086362, reg_loss=0.050067, lr=0.00000, time=1317.0 ms, rem=1.13 h
iter= 1920, img_loss=0.095862, reg_loss=0.050068, lr=0.00000, time=1319.6 ms, rem=1.13 h
iter= 1930, img_loss=0.098359, reg_loss=0.050633, lr=0.00000, time=1327.9 ms, rem=1.13 h
iter= 1940, img_loss=0.095125, reg_loss=0.050379, lr=0.00000, time=1325.2 ms, rem=1.13 h
iter= 1950, img_loss=0.110659, reg_loss=0.050160, lr=0.00000, time=1325.3 ms, rem=1.12 h
iter= 1960, img_loss=0.096650, reg_loss=0.050899, lr=0.00000, time=1329.0 ms, rem=1.12 h
iter= 1970, img_loss=0.106763, reg_loss=0.050683, lr=0.00000, time=1332.2 ms, rem=1.12 h
iter= 1980, img_loss=0.098914, reg_loss=0.050677, lr=0.00000, time=1326.6 ms, rem=1.11 h
iter= 1990, img_loss=0.108919, reg_loss=0.050584, lr=0.00000, time=1330.2 ms, rem=1.11 h
iter= 2000, img_loss=0.092408, reg_loss=0.050399, lr=0.00000, time=1322.8 ms, rem=1.10 h
iter= 2010, img_loss=0.087647, reg_loss=0.049785, lr=0.00000, time=1312.0 ms, rem=1.09 h
iter= 2020, img_loss=0.090657, reg_loss=0.050180, lr=0.00000, time=1316.9 ms, rem=1.09 h
iter= 2030, img_loss=0.111222, reg_loss=0.050101, lr=0.00000, time=1324.1 ms, rem=1.09 h
iter= 2040, img_loss=0.097678, reg_loss=0.050694, lr=0.00000, time=1329.9 ms, rem=1.09 h
iter= 2050, img_loss=0.085647, reg_loss=0.050337, lr=0.00000, time=1319.7 ms, rem=1.08 h
iter= 2060, img_loss=0.096465, reg_loss=0.050107, lr=0.00000, time=1321.0 ms, rem=1.08 h
iter= 2070, img_loss=0.099645, reg_loss=0.050501, lr=0.00000, time=1327.0 ms, rem=1.08 h
iter= 2080, img_loss=0.105901, reg_loss=0.050417, lr=0.00000, time=1326.0 ms, rem=1.08 h
iter= 2090, img_loss=0.096654, reg_loss=0.050221, lr=0.00000, time=1321.2 ms, rem=1.07 h
iter= 2100, img_loss=0.094981, reg_loss=0.050237, lr=0.00000, time=1320.2 ms, rem=1.06 h
iter= 2110, img_loss=0.099502, reg_loss=0.050236, lr=0.00000, time=1323.6 ms, rem=1.06 h
iter= 2120, img_loss=0.100314, reg_loss=0.050333, lr=0.00000, time=1326.0 ms, rem=1.06 h
iter= 2130, img_loss=0.103847, reg_loss=0.050028, lr=0.00000, time=1322.2 ms, rem=1.05 h
iter= 2140, img_loss=0.093097, reg_loss=0.050175, lr=0.00000, time=1322.5 ms, rem=1.05 h
iter= 2150, img_loss=0.107717, reg_loss=0.050444, lr=0.00000, time=1328.7 ms, rem=1.05 h
iter= 2160, img_loss=0.089640, reg_loss=0.050271, lr=0.00000, time=1320.8 ms, rem=1.04 h
iter= 2170, img_loss=0.099366, reg_loss=0.050332, lr=0.00000, time=1324.5 ms, rem=1.04 h
iter= 2180, img_loss=0.100534, reg_loss=0.050110, lr=0.00000, time=1322.1 ms, rem=1.04 h
iter= 2190, img_loss=0.090830, reg_loss=0.049827, lr=0.00000, time=1314.0 ms, rem=1.03 h
iter= 2200, img_loss=0.110197, reg_loss=0.050723, lr=0.00000, time=1331.4 ms, rem=1.04 h
iter= 2210, img_loss=0.087717, reg_loss=0.050192, lr=0.00000, time=1319.3 ms, rem=1.02 h
iter= 2220, img_loss=0.100474, reg_loss=0.050254, lr=0.00000, time=1324.2 ms, rem=1.02 h
iter= 2230, img_loss=0.095063, reg_loss=0.050620, lr=0.00000, time=1325.2 ms, rem=1.02 h
iter= 2240, img_loss=0.094117, reg_loss=0.050172, lr=0.00000, time=1319.2 ms, rem=1.01 h
iter= 2250, img_loss=0.096002, reg_loss=0.050696, lr=0.00000, time=1330.7 ms, rem=1.02 h
iter= 2260, img_loss=0.098005, reg_loss=0.050727, lr=0.00000, time=1328.5 ms, rem=1.01 h
iter= 2270, img_loss=0.091038, reg_loss=0.050245, lr=0.00000, time=1320.3 ms, rem=1.00 h
iter= 2280, img_loss=0.087960, reg_loss=0.050467, lr=0.00000, time=1320.6 ms, rem=59.87 m
iter= 2290, img_loss=0.088676, reg_loss=0.049969, lr=0.00000, time=1317.1 ms, rem=59.49 m
iter= 2300, img_loss=0.099286, reg_loss=0.049789, lr=0.00000, time=1319.1 ms, rem=59.36 m
iter= 2310, img_loss=0.089786, reg_loss=0.050289, lr=0.00000, time=1318.8 ms, rem=59.12 m
iter= 2320, img_loss=0.103815, reg_loss=0.050517, lr=0.00000, time=1327.1 ms, rem=59.28 m
iter= 2330, img_loss=0.110788, reg_loss=0.050375, lr=0.00000, time=1329.2 ms, rem=59.15 m
iter= 2340, img_loss=0.082223, reg_loss=0.050328, lr=0.00000, time=1318.2 ms, rem=58.44 m
iter= 2350, img_loss=0.108053, reg_loss=0.050298, lr=0.00000, time=1327.7 ms, rem=58.64 m
iter= 2360, img_loss=0.112098, reg_loss=0.050433, lr=0.00000, time=1329.0 ms, rem=58.48 m
iter= 2370, img_loss=0.096871, reg_loss=0.050561, lr=0.00000, time=1327.6 ms, rem=58.19 m
iter= 2380, img_loss=0.086214, reg_loss=0.050112, lr=0.00000, time=1316.0 ms, rem=57.46 m
iter= 2390, img_loss=0.084771, reg_loss=0.049964, lr=0.00000, time=1314.9 ms, rem=57.20 m
iter= 2400, img_loss=0.094724, reg_loss=0.049864, lr=0.00000, time=1316.0 ms, rem=57.03 m
iter= 2410, img_loss=0.096292, reg_loss=0.050288, lr=0.00000, time=1321.4 ms, rem=57.04 m
iter= 2420, img_loss=0.096365, reg_loss=0.050601, lr=0.00000, time=1327.8 ms, rem=57.09 m
iter= 2430, img_loss=0.093091, reg_loss=0.049368, lr=0.00000, time=1309.9 ms, rem=56.11 m
iter= 2440, img_loss=0.106220, reg_loss=0.050842, lr=0.00000, time=1334.7 ms, rem=56.95 m
iter= 2450, img_loss=0.103833, reg_loss=0.050752, lr=0.00000, time=1332.3 ms, rem=56.62 m
iter= 2460, img_loss=0.095109, reg_loss=0.050418, lr=0.00000, time=1323.5 ms, rem=56.03 m
iter= 2470, img_loss=0.089252, reg_loss=0.050200, lr=0.00000, time=1320.8 ms, rem=55.69 m
iter= 2480, img_loss=0.097212, reg_loss=0.050392, lr=0.00000, time=1327.0 ms, rem=55.74 m
iter= 2490, img_loss=0.099684, reg_loss=0.050853, lr=0.00000, time=1330.7 ms, rem=55.67 m
iter= 2500, img_loss=0.102008, reg_loss=0.050193, lr=0.00000, time=1322.8 ms, rem=55.12 m
iter= 2510, img_loss=0.100261, reg_loss=0.050162, lr=0.00000, time=1324.3 ms, rem=54.96 m
iter= 2520, img_loss=0.097659, reg_loss=0.050370, lr=0.00000, time=1325.1 ms, rem=54.77 m
iter= 2530, img_loss=0.100812, reg_loss=0.050078, lr=0.00000, time=1322.1 ms, rem=54.42 m
iter= 2540, img_loss=0.099040, reg_loss=0.050672, lr=0.00000, time=1327.7 ms, rem=54.43 m
iter= 2550, img_loss=0.090502, reg_loss=0.050368, lr=0.00000, time=1322.8 ms, rem=54.02 m
iter= 2560, img_loss=0.085106, reg_loss=0.050215, lr=0.00000, time=1317.2 ms, rem=53.57 m
iter= 2570, img_loss=0.092855, reg_loss=0.050508, lr=0.00000, time=1324.6 ms, rem=53.65 m
iter= 2580, img_loss=0.093048, reg_loss=0.049956, lr=0.00000, time=1317.8 ms, rem=53.15 m
iter= 2590, img_loss=0.097599, reg_loss=0.049890, lr=0.00000, time=1318.2 ms, rem=52.95 m
iter= 2600, img_loss=0.104751, reg_loss=0.050827, lr=0.00000, time=1332.2 ms, rem=53.29 m
iter= 2610, img_loss=0.091506, reg_loss=0.049926, lr=0.00000, time=1315.5 ms, rem=52.40 m
iter= 2620, img_loss=0.101701, reg_loss=0.050180, lr=0.00000, time=1322.9 ms, rem=52.48 m
iter= 2630, img_loss=0.091170, reg_loss=0.050519, lr=0.00000, time=1322.1 ms, rem=52.22 m
iter= 2640, img_loss=0.093350, reg_loss=0.050111, lr=0.00000, time=1318.8 ms, rem=51.87 m
iter= 2650, img_loss=0.096080, reg_loss=0.050282, lr=0.00000, time=1324.7 ms, rem=51.89 m
iter= 2660, img_loss=0.095256, reg_loss=0.050445, lr=0.00000, time=1326.5 ms, rem=51.73 m
iter= 2670, img_loss=0.090352, reg_loss=0.050498, lr=0.00000, time=1321.7 ms, rem=51.33 m
iter= 2680, img_loss=0.083646, reg_loss=0.049488, lr=0.00000, time=1309.1 ms, rem=50.62 m
iter= 2690, img_loss=0.102813, reg_loss=0.050154, lr=0.00000, time=1326.0 ms, rem=51.05 m
iter= 2700, img_loss=0.091642, reg_loss=0.050231, lr=0.00000, time=1320.2 ms, rem=50.61 m
iter= 2710, img_loss=0.094755, reg_loss=0.050550, lr=0.00000, time=1325.8 ms, rem=50.60 m
iter= 2720, img_loss=0.092261, reg_loss=0.050077, lr=0.00000, time=1318.9 ms, rem=50.12 m
iter= 2730, img_loss=0.088623, reg_loss=0.049760, lr=0.00000, time=1314.7 ms, rem=49.74 m
iter= 2740, img_loss=0.090902, reg_loss=0.050282, lr=0.00000, time=1321.0 ms, rem=49.76 m
iter= 2750, img_loss=0.102338, reg_loss=0.050278, lr=0.00000, time=1326.5 ms, rem=49.74 m
iter= 2760, img_loss=0.090740, reg_loss=0.050205, lr=0.00000, time=1321.2 ms, rem=49.32 m
iter= 2770, img_loss=0.098362, reg_loss=0.050078, lr=0.00000, time=1321.3 ms, rem=49.11 m
iter= 2780, img_loss=0.113169, reg_loss=0.050777, lr=0.00000, time=1337.5 ms, rem=49.49 m
iter= 2790, img_loss=0.086976, reg_loss=0.050159, lr=0.00000, time=1316.7 ms, rem=48.50 m
iter= 2800, img_loss=0.103439, reg_loss=0.050083, lr=0.00000, time=1325.1 ms, rem=48.59 m
iter= 2810, img_loss=0.095144, reg_loss=0.049718, lr=0.00000, time=1314.2 ms, rem=47.97 m
iter= 2820, img_loss=0.087839, reg_loss=0.050260, lr=0.00000, time=1320.2 ms, rem=47.97 m
iter= 2830, img_loss=0.097413, reg_loss=0.050070, lr=0.00000, time=1321.1 ms, rem=47.78 m
iter= 2840, img_loss=0.096142, reg_loss=0.050420, lr=0.00000, time=1324.5 ms, rem=47.68 m
iter= 2850, img_loss=0.100935, reg_loss=0.050324, lr=0.00000, time=1326.5 ms, rem=47.53 m
iter= 2860, img_loss=0.085930, reg_loss=0.050197, lr=0.00000, time=1317.0 ms, rem=46.97 m
iter= 2870, img_loss=0.106867, reg_loss=0.050355, lr=0.00000, time=1328.1 ms, rem=47.15 m
iter= 2880, img_loss=0.088142, reg_loss=0.050227, lr=0.00000, time=1318.4 ms, rem=46.58 m
iter= 2890, img_loss=0.111076, reg_loss=0.049972, lr=0.00000, time=1326.1 ms, rem=46.63 m
iter= 2900, img_loss=0.096114, reg_loss=0.050093, lr=0.00000, time=1321.1 ms, rem=46.24 m
iter= 2910, img_loss=0.103314, reg_loss=0.050333, lr=0.00000, time=1326.7 ms, rem=46.21 m
iter= 2920, img_loss=0.125492, reg_loss=0.051017, lr=0.00000, time=1343.9 ms, rem=46.59 m
iter= 2930, img_loss=0.096194, reg_loss=0.049903, lr=0.00000, time=1316.7 ms, rem=45.43 m
iter= 2940, img_loss=0.097400, reg_loss=0.050505, lr=0.00000, time=1327.1 ms, rem=45.56 m
iter= 2950, img_loss=0.094083, reg_loss=0.050303, lr=0.00000, time=1321.7 ms, rem=45.16 m
iter= 2960, img_loss=0.110888, reg_loss=0.050626, lr=0.00000, time=1333.2 ms, rem=45.33 m
iter= 2970, img_loss=0.101167, reg_loss=0.050591, lr=0.00000, time=1331.2 ms, rem=45.04 m
iter= 2980, img_loss=0.108605, reg_loss=0.050559, lr=0.00000, time=1330.4 ms, rem=44.79 m
iter= 2990, img_loss=0.099416, reg_loss=0.050052, lr=0.00000, time=1321.2 ms, rem=44.26 m
iter= 3000, img_loss=0.097210, reg_loss=0.050281, lr=0.00000, time=1320.9 ms, rem=44.03 m
iter= 3010, img_loss=0.090164, reg_loss=0.050508, lr=0.00000, time=1323.4 ms, rem=43.89 m
iter= 3020, img_loss=0.098626, reg_loss=0.050438, lr=0.00000, time=1327.8 ms, rem=43.82 m
iter= 3030, img_loss=0.085282, reg_loss=0.049962, lr=0.00000, time=1313.7 ms, rem=43.13 m
iter= 3040, img_loss=0.099964, reg_loss=0.050361, lr=0.00000, time=1325.8 ms, rem=43.31 m
iter= 3050, img_loss=0.111566, reg_loss=0.050378, lr=0.00000, time=1330.9 ms, rem=43.25 m
iter= 3060, img_loss=0.099408, reg_loss=0.050677, lr=0.00000, time=1328.7 ms, rem=42.96 m
iter= 3070, img_loss=0.102050, reg_loss=0.050263, lr=0.00000, time=1326.2 ms, rem=42.66 m
iter= 3080, img_loss=0.094769, reg_loss=0.049836, lr=0.00000, time=1315.4 ms, rem=42.09 m
iter= 3090, img_loss=0.101753, reg_loss=0.049809, lr=0.00000, time=1319.5 ms, rem=42.00 m
iter= 3100, img_loss=0.088123, reg_loss=0.050212, lr=0.00000, time=1317.6 ms, rem=41.72 m
iter= 3110, img_loss=0.087214, reg_loss=0.049704, lr=0.00000, time=1312.8 ms, rem=41.35 m
iter= 3120, img_loss=0.089882, reg_loss=0.049972, lr=0.00000, time=1319.0 ms, rem=41.33 m
iter= 3130, img_loss=0.097471, reg_loss=0.050234, lr=0.00000, time=1324.3 ms, rem=41.28 m
iter= 3140, img_loss=0.110593, reg_loss=0.050581, lr=0.00000, time=1331.6 ms, rem=41.28 m
iter= 3150, img_loss=0.097143, reg_loss=0.049861, lr=0.00000, time=1316.9 ms, rem=40.60 m
iter= 3160, img_loss=0.103308, reg_loss=0.050088, lr=0.00000, time=1323.8 ms, rem=40.60 m
iter= 3170, img_loss=0.116767, reg_loss=0.050844, lr=0.00000, time=1337.7 ms, rem=40.80 m
iter= 3180, img_loss=0.083192, reg_loss=0.049786, lr=0.00000, time=1311.0 ms, rem=39.77 m
iter= 3190, img_loss=0.105172, reg_loss=0.050616, lr=0.00000, time=1329.3 ms, rem=40.10 m
iter= 3200, img_loss=0.087983, reg_loss=0.050213, lr=0.00000, time=1319.8 ms, rem=39.59 m
iter= 3210, img_loss=0.096941, reg_loss=0.049913, lr=0.00000, time=1316.5 ms, rem=39.28 m
iter= 3220, img_loss=0.101217, reg_loss=0.050335, lr=0.00000, time=1325.2 ms, rem=39.31 m
iter= 3230, img_loss=0.087441, reg_loss=0.050403, lr=0.00000, time=1322.3 ms, rem=39.01 m
iter= 3240, img_loss=0.100041, reg_loss=0.050061, lr=0.00000, time=1320.9 ms, rem=38.75 m
iter= 3250, img_loss=0.088718, reg_loss=0.050397, lr=0.00000, time=1322.0 ms, rem=38.56 m
iter= 3260, img_loss=0.090672, reg_loss=0.050560, lr=0.00000, time=1323.8 ms, rem=38.39 m
iter= 3270, img_loss=0.083256, reg_loss=0.049882, lr=0.00000, time=1313.6 ms, rem=37.88 m
iter= 3280, img_loss=0.087370, reg_loss=0.049704, lr=0.00000, time=1312.5 ms, rem=37.62 m
iter= 3290, img_loss=0.099831, reg_loss=0.050448, lr=0.00000, time=1327.7 ms, rem=37.84 m
iter= 3300, img_loss=0.096909, reg_loss=0.050638, lr=0.00000, time=1328.0 ms, rem=37.63 m
iter= 3310, img_loss=0.095165, reg_loss=0.050171, lr=0.00000, time=1322.4 ms, rem=37.25 m
iter= 3320, img_loss=0.106728, reg_loss=0.050106, lr=0.00000, time=1324.9 ms, rem=37.10 m
iter= 3330, img_loss=0.096557, reg_loss=0.050048, lr=0.00000, time=1321.4 ms, rem=36.78 m
iter= 3340, img_loss=0.102068, reg_loss=0.049960, lr=0.00000, time=1322.6 ms, rem=36.59 m
iter= 3350, img_loss=0.092212, reg_loss=0.049942, lr=0.00000, time=1317.1 ms, rem=36.22 m
iter= 3360, img_loss=0.087389, reg_loss=0.050246, lr=0.00000, time=1321.3 ms, rem=36.12 m
iter= 3370, img_loss=0.099163, reg_loss=0.049797, lr=0.00000, time=1315.4 ms, rem=35.74 m
iter= 3380, img_loss=0.109988, reg_loss=0.050183, lr=0.00000, time=1326.8 ms, rem=35.82 m
iter= 3390, img_loss=0.094593, reg_loss=0.050156, lr=0.00000, time=1321.0 ms, rem=35.45 m
iter= 3400, img_loss=0.099542, reg_loss=0.050304, lr=0.00000, time=1324.4 ms, rem=35.32 m
iter= 3410, img_loss=0.096758, reg_loss=0.050230, lr=0.00000, time=1323.2 ms, rem=35.07 m
iter= 3420, img_loss=0.094902, reg_loss=0.049999, lr=0.00000, time=1321.6 ms, rem=34.80 m
iter= 3430, img_loss=0.102825, reg_loss=0.050148, lr=0.00000, time=1324.1 ms, rem=34.65 m
iter= 3440, img_loss=0.109072, reg_loss=0.050514, lr=0.00000, time=1330.2 ms, rem=34.59 m
iter= 3450, img_loss=0.095643, reg_loss=0.049820, lr=0.00000, time=1316.0 ms, rem=34.00 m
iter= 3460, img_loss=0.100586, reg_loss=0.050160, lr=0.00000, time=1320.9 ms, rem=33.90 m
iter= 3470, img_loss=0.097152, reg_loss=0.050234, lr=0.00000, time=1321.6 ms, rem=33.70 m
iter= 3480, img_loss=0.099979, reg_loss=0.049581, lr=0.00000, time=1314.4 ms, rem=33.30 m
iter= 3490, img_loss=0.092539, reg_loss=0.050185, lr=0.00000, time=1319.9 ms, rem=33.22 m
iter= 3500, img_loss=0.093307, reg_loss=0.050337, lr=0.00000, time=1325.9 ms, rem=33.15 m
iter= 3510, img_loss=0.088971, reg_loss=0.050100, lr=0.00000, time=1316.5 ms, rem=32.69 m
iter= 3520, img_loss=0.111091, reg_loss=0.050374, lr=0.00000, time=1331.7 ms, rem=32.85 m
iter= 3530, img_loss=0.087917, reg_loss=0.049805, lr=0.00000, time=1314.1 ms, rem=32.19 m
iter= 3540, img_loss=0.111645, reg_loss=0.050385, lr=0.00000, time=1328.3 ms, rem=32.32 m
iter= 3550, img_loss=0.109386, reg_loss=0.050389, lr=0.00000, time=1328.2 ms, rem=32.10 m
iter= 3560, img_loss=0.099031, reg_loss=0.050470, lr=0.00000, time=1326.4 ms, rem=31.83 m
iter= 3570, img_loss=0.092153, reg_loss=0.049585, lr=0.00000, time=1312.4 ms, rem=31.28 m
iter= 3580, img_loss=0.087604, reg_loss=0.050400, lr=0.00000, time=1321.6 ms, rem=31.28 m
iter= 3590, img_loss=0.093367, reg_loss=0.050084, lr=0.00000, time=1320.7 ms, rem=31.04 m
iter= 3600, img_loss=0.091908, reg_loss=0.049971, lr=0.00000, time=1314.9 ms, rem=30.68 m
iter= 3610, img_loss=0.094929, reg_loss=0.050378, lr=0.00000, time=1324.6 ms, rem=30.69 m
iter= 3620, img_loss=0.103454, reg_loss=0.050297, lr=0.00000, time=1324.6 ms, rem=30.47 m
iter= 3630, img_loss=0.090615, reg_loss=0.050536, lr=0.00000, time=1323.1 ms, rem=30.21 m
iter= 3640, img_loss=0.094389, reg_loss=0.050842, lr=0.00000, time=1329.9 ms, rem=30.14 m
iter= 3650, img_loss=0.099005, reg_loss=0.050234, lr=0.00000, time=1321.6 ms, rem=29.74 m
iter= 3660, img_loss=0.086108, reg_loss=0.050258, lr=0.00000, time=1316.8 ms, rem=29.41 m
iter= 3670, img_loss=0.088078, reg_loss=0.050119, lr=0.00000, time=1317.6 ms, rem=29.21 m
iter= 3680, img_loss=0.098567, reg_loss=0.050567, lr=0.00000, time=1328.0 ms, rem=29.22 m
iter= 3690, img_loss=0.094958, reg_loss=0.050089, lr=0.00000, time=1321.0 ms, rem=28.84 m
iter= 3700, img_loss=0.086844, reg_loss=0.049835, lr=0.00000, time=1312.6 ms, rem=28.44 m
iter= 3710, img_loss=0.094522, reg_loss=0.050253, lr=0.00000, time=1321.7 ms, rem=28.42 m
iter= 3720, img_loss=0.104681, reg_loss=0.050213, lr=0.00000, time=1324.0 ms, rem=28.25 m
iter= 3730, img_loss=0.101930, reg_loss=0.050227, lr=0.00000, time=1323.7 ms, rem=28.02 m
iter= 3740, img_loss=0.086367, reg_loss=0.049741, lr=0.00000, time=1310.2 ms, rem=27.51 m
iter= 3750, img_loss=0.081636, reg_loss=0.050121, lr=0.00000, time=1312.6 ms, rem=27.35 m
iter= 3760, img_loss=0.094011, reg_loss=0.049746, lr=0.00000, time=1317.0 ms, rem=27.22 m
iter= 3770, img_loss=0.096613, reg_loss=0.050203, lr=0.00000, time=1322.1 ms, rem=27.10 m
iter= 3780, img_loss=0.087223, reg_loss=0.049740, lr=0.00000, time=1312.5 ms, rem=26.69 m
iter= 3790, img_loss=0.105604, reg_loss=0.049607, lr=0.00000, time=1319.8 ms, rem=26.62 m
iter= 3800, img_loss=0.095821, reg_loss=0.049993, lr=0.00000, time=1321.0 ms, rem=26.42 m
iter= 3810, img_loss=0.102382, reg_loss=0.050393, lr=0.00000, time=1324.8 ms, rem=26.28 m
iter= 3820, img_loss=0.111225, reg_loss=0.050064, lr=0.00000, time=1324.2 ms, rem=26.04 m
iter= 3830, img_loss=0.096823, reg_loss=0.050172, lr=0.00000, time=1322.1 ms, rem=25.78 m
iter= 3840, img_loss=0.105140, reg_loss=0.050390, lr=0.00000, time=1325.9 ms, rem=25.63 m
iter= 3850, img_loss=0.103684, reg_loss=0.050587, lr=0.00000, time=1329.1 ms, rem=25.47 m
iter= 3860, img_loss=0.095662, reg_loss=0.050107, lr=0.00000, time=1318.4 ms, rem=25.05 m
iter= 3870, img_loss=0.092815, reg_loss=0.050457, lr=0.00000, time=1323.9 ms, rem=24.93 m
iter= 3880, img_loss=0.098511, reg_loss=0.049747, lr=0.00000, time=1317.8 ms, rem=24.60 m
iter= 3890, img_loss=0.101991, reg_loss=0.050330, lr=0.00000, time=1328.3 ms, rem=24.57 m
iter= 3900, img_loss=0.121716, reg_loss=0.050534, lr=0.00000, time=1333.4 ms, rem=24.45 m
iter= 3910, img_loss=0.112906, reg_loss=0.050471, lr=0.00000, time=1331.7 ms, rem=24.19 m
iter= 3920, img_loss=0.089002, reg_loss=0.049905, lr=0.00000, time=1316.6 ms, rem=23.70 m
iter= 3930, img_loss=0.096181, reg_loss=0.050251, lr=0.00000, time=1322.3 ms, rem=23.58 m
iter= 3940, img_loss=0.087835, reg_loss=0.049938, lr=0.00000, time=1314.9 ms, rem=23.23 m
iter= 3950, img_loss=0.096646, reg_loss=0.050430, lr=0.00000, time=1325.7 ms, rem=23.20 m
iter= 3960, img_loss=0.099483, reg_loss=0.050346, lr=0.00000, time=1327.8 ms, rem=23.01 m
iter= 3970, img_loss=0.085440, reg_loss=0.050219, lr=0.00000, time=1319.0 ms, rem=22.64 m
iter= 3980, img_loss=0.113869, reg_loss=0.050228, lr=0.00000, time=1331.4 ms, rem=22.63 m
iter= 3990, img_loss=0.095593, reg_loss=0.050243, lr=0.00000, time=1319.8 ms, rem=22.22 m
iter= 4000, img_loss=0.086935, reg_loss=0.050474, lr=0.00000, time=1324.2 ms, rem=22.07 m
iter= 4010, img_loss=0.108062, reg_loss=0.050560, lr=0.00000, time=1331.1 ms, rem=21.96 m
iter= 4020, img_loss=0.111130, reg_loss=0.050381, lr=0.00000, time=1329.3 ms, rem=21.71 m
iter= 4030, img_loss=0.084837, reg_loss=0.049802, lr=0.00000, time=1311.1 ms, rem=21.20 m
iter= 4040, img_loss=0.104345, reg_loss=0.050559, lr=0.00000, time=1327.4 ms, rem=21.24 m
iter= 4050, img_loss=0.107035, reg_loss=0.050234, lr=0.00000, time=1326.2 ms, rem=21.00 m
iter= 4060, img_loss=0.098064, reg_loss=0.050228, lr=0.00000, time=1324.3 ms, rem=20.75 m
iter= 4070, img_loss=0.108265, reg_loss=0.050228, lr=0.00000, time=1326.5 ms, rem=20.56 m
iter= 4080, img_loss=0.094124, reg_loss=0.049582, lr=0.00000, time=1312.2 ms, rem=20.12 m
iter= 4090, img_loss=0.086442, reg_loss=0.050032, lr=0.00000, time=1318.3 ms, rem=19.99 m
iter= 4100, img_loss=0.090764, reg_loss=0.050300, lr=0.00000, time=1319.8 ms, rem=19.80 m
iter= 4110, img_loss=0.096554, reg_loss=0.050268, lr=0.00000, time=1321.9 ms, rem=19.61 m
iter= 4120, img_loss=0.095057, reg_loss=0.050226, lr=0.00000, time=1321.8 ms, rem=19.39 m
iter= 4130, img_loss=0.095399, reg_loss=0.050334, lr=0.00000, time=1323.6 ms, rem=19.19 m
iter= 4140, img_loss=0.103821, reg_loss=0.050487, lr=0.00000, time=1329.3 ms, rem=19.05 m
iter= 4150, img_loss=0.088580, reg_loss=0.050181, lr=0.00000, time=1319.9 ms, rem=18.70 m
iter= 4160, img_loss=0.091867, reg_loss=0.049777, lr=0.00000, time=1316.5 ms, rem=18.43 m
iter= 4170, img_loss=0.096803, reg_loss=0.049880, lr=0.00000, time=1317.4 ms, rem=18.22 m
iter= 4180, img_loss=0.102752, reg_loss=0.050702, lr=0.00000, time=1330.6 ms, rem=18.19 m
iter= 4190, img_loss=0.103002, reg_loss=0.050300, lr=0.00000, time=1324.8 ms, rem=17.88 m
iter= 4200, img_loss=0.102893, reg_loss=0.050299, lr=0.00000, time=1324.3 ms, rem=17.66 m
iter= 4210, img_loss=0.092451, reg_loss=0.050187, lr=0.00000, time=1319.5 ms, rem=17.37 m
iter= 4220, img_loss=0.097461, reg_loss=0.050667, lr=0.00000, time=1329.0 ms, rem=17.28 m
iter= 4230, img_loss=0.105663, reg_loss=0.050596, lr=0.00000, time=1332.0 ms, rem=17.09 m
iter= 4240, img_loss=0.076686, reg_loss=0.049562, lr=0.00000, time=1305.4 ms, rem=16.54 m
iter= 4250, img_loss=0.085488, reg_loss=0.050044, lr=0.00000, time=1315.4 ms, rem=16.44 m
iter= 4260, img_loss=0.099767, reg_loss=0.050283, lr=0.00000, time=1324.5 ms, rem=16.34 m
iter= 4270, img_loss=0.108820, reg_loss=0.050089, lr=0.00000, time=1325.2 ms, rem=16.12 m
iter= 4280, img_loss=0.102950, reg_loss=0.050087, lr=0.00000, time=1321.9 ms, rem=15.86 m
iter= 4290, img_loss=0.094840, reg_loss=0.049864, lr=0.00000, time=1316.2 ms, rem=15.57 m
iter= 4300, img_loss=0.091864, reg_loss=0.050418, lr=0.00000, time=1321.9 ms, rem=15.42 m
iter= 4310, img_loss=0.085742, reg_loss=0.050579, lr=0.00000, time=1322.6 ms, rem=15.21 m
iter= 4320, img_loss=0.091786, reg_loss=0.050423, lr=0.00000, time=1324.3 ms, rem=15.01 m
iter= 4330, img_loss=0.106441, reg_loss=0.050667, lr=0.00000, time=1332.7 ms, rem=14.88 m
iter= 4340, img_loss=0.097297, reg_loss=0.050328, lr=0.00000, time=1321.3 ms, rem=14.53 m
iter= 4350, img_loss=0.100906, reg_loss=0.050393, lr=0.00000, time=1326.5 ms, rem=14.37 m
iter= 4360, img_loss=0.110483, reg_loss=0.050455, lr=0.00000, time=1328.3 ms, rem=14.17 m
iter= 4370, img_loss=0.088132, reg_loss=0.050116, lr=0.00000, time=1316.0 ms, rem=13.82 m
iter= 4380, img_loss=0.089332, reg_loss=0.050024, lr=0.00000, time=1317.5 ms, rem=13.61 m
iter= 4390, img_loss=0.098638, reg_loss=0.050239, lr=0.00000, time=1323.0 ms, rem=13.45 m
iter= 4400, img_loss=0.104099, reg_loss=0.050110, lr=0.00000, time=1325.2 ms, rem=13.25 m
iter= 4410, img_loss=0.105053, reg_loss=0.050447, lr=0.00000, time=1327.9 ms, rem=13.06 m
iter= 4420, img_loss=0.092450, reg_loss=0.050046, lr=0.00000, time=1318.6 ms, rem=12.75 m
iter= 4430, img_loss=0.102217, reg_loss=0.050593, lr=0.00000, time=1330.1 ms, rem=12.64 m
iter= 4440, img_loss=0.102350, reg_loss=0.050339, lr=0.00000, time=1323.8 ms, rem=12.36 m
iter= 4450, img_loss=0.108692, reg_loss=0.050438, lr=0.00000, time=1330.8 ms, rem=12.20 m
iter= 4460, img_loss=0.105544, reg_loss=0.050659, lr=0.00000, time=1330.4 ms, rem=11.97 m
iter= 4470, img_loss=0.087895, reg_loss=0.049542, lr=0.00000, time=1311.5 ms, rem=11.58 m
iter= 4480, img_loss=0.103937, reg_loss=0.050146, lr=0.00000, time=1321.2 ms, rem=11.45 m
iter= 4490, img_loss=0.101735, reg_loss=0.050508, lr=0.00000, time=1329.1 ms, rem=11.30 m
iter= 4500, img_loss=0.109709, reg_loss=0.049780, lr=0.00000, time=1321.0 ms, rem=11.01 m
iter= 4510, img_loss=0.098625, reg_loss=0.050010, lr=0.00000, time=1320.7 ms, rem=10.79 m
iter= 4520, img_loss=0.107802, reg_loss=0.050046, lr=0.00000, time=1325.1 ms, rem=10.60 m
iter= 4530, img_loss=0.094048, reg_loss=0.050610, lr=0.00000, time=1325.3 ms, rem=10.38 m
iter= 4540, img_loss=0.109267, reg_loss=0.050663, lr=0.00000, time=1332.7 ms, rem=10.22 m
iter= 4550, img_loss=0.088949, reg_loss=0.050448, lr=0.00000, time=1321.3 ms, rem=9.91 m
iter= 4560, img_loss=0.090241, reg_loss=0.049883, lr=0.00000, time=1314.9 ms, rem=9.64 m
iter= 4570, img_loss=0.119682, reg_loss=0.050612, lr=0.00000, time=1333.6 ms, rem=9.56 m
iter= 4580, img_loss=0.108224, reg_loss=0.050013, lr=0.00000, time=1323.5 ms, rem=9.26 m
iter= 4590, img_loss=0.095234, reg_loss=0.049721, lr=0.00000, time=1314.9 ms, rem=8.99 m
iter= 4600, img_loss=0.087766, reg_loss=0.050642, lr=0.00000, time=1323.7 ms, rem=8.82 m
iter= 4610, img_loss=0.091782, reg_loss=0.049940, lr=0.00000, time=1316.3 ms, rem=8.56 m
iter= 4620, img_loss=0.089380, reg_loss=0.049552, lr=0.00000, time=1310.3 ms, rem=8.30 m
iter= 4630, img_loss=0.106210, reg_loss=0.050242, lr=0.00000, time=1326.2 ms, rem=8.18 m
iter= 4640, img_loss=0.103631, reg_loss=0.050044, lr=0.00000, time=1322.7 ms, rem=7.94 m
iter= 4650, img_loss=0.101898, reg_loss=0.050064, lr=0.00000, time=1320.9 ms, rem=7.71 m
iter= 4660, img_loss=0.108937, reg_loss=0.049631, lr=0.00000, time=1317.8 ms, rem=7.47 m
iter= 4670, img_loss=0.090848, reg_loss=0.050078, lr=0.00000, time=1316.5 ms, rem=7.24 m
iter= 4680, img_loss=0.096795, reg_loss=0.049938, lr=0.00000, time=1317.3 ms, rem=7.03 m
iter= 4690, img_loss=0.098981, reg_loss=0.049850, lr=0.00000, time=1318.0 ms, rem=6.81 m
iter= 4700, img_loss=0.087327, reg_loss=0.050064, lr=0.00000, time=1317.0 ms, rem=6.58 m
iter= 4710, img_loss=0.085957, reg_loss=0.050349, lr=0.00000, time=1319.1 ms, rem=6.38 m
iter= 4720, img_loss=0.109964, reg_loss=0.050277, lr=0.00000, time=1326.0 ms, rem=6.19 m
iter= 4730, img_loss=0.107267, reg_loss=0.050529, lr=0.00000, time=1328.0 ms, rem=5.98 m
iter= 4740, img_loss=0.104478, reg_loss=0.050296, lr=0.00000, time=1323.3 ms, rem=5.73 m
iter= 4750, img_loss=0.092365, reg_loss=0.050213, lr=0.00000, time=1319.5 ms, rem=5.50 m
iter= 4760, img_loss=0.092191, reg_loss=0.049086, lr=0.00000, time=1305.4 ms, rem=5.22 m
iter= 4770, img_loss=0.105928, reg_loss=0.050235, lr=0.00000, time=1326.5 ms, rem=5.08 m
iter= 4780, img_loss=0.110841, reg_loss=0.050034, lr=0.00000, time=1323.5 ms, rem=4.85 m
iter= 4790, img_loss=0.099938, reg_loss=0.050005, lr=0.00000, time=1318.9 ms, rem=4.62 m
iter= 4800, img_loss=0.093812, reg_loss=0.049894, lr=0.00000, time=1315.4 ms, rem=4.38 m
iter= 4810, img_loss=0.096673, reg_loss=0.050113, lr=0.00000, time=1321.7 ms, rem=4.19 m
iter= 4820, img_loss=0.091233, reg_loss=0.049962, lr=0.00000, time=1314.9 ms, rem=3.94 m
iter= 4830, img_loss=0.085584, reg_loss=0.049909, lr=0.00000, time=1312.6 ms, rem=3.72 m
iter= 4840, img_loss=0.103512, reg_loss=0.049738, lr=0.00000, time=1318.6 ms, rem=3.52 m
iter= 4850, img_loss=0.098511, reg_loss=0.050221, lr=0.00000, time=1323.3 ms, rem=3.31 m
iter= 4860, img_loss=0.091304, reg_loss=0.049633, lr=0.00000, time=1310.8 ms, rem=3.06 m
iter= 4870, img_loss=0.096905, reg_loss=0.050232, lr=0.00000, time=1321.6 ms, rem=2.86 m
iter= 4880, img_loss=0.106848, reg_loss=0.050264, lr=0.00000, time=1325.3 ms, rem=2.65 m
iter= 4890, img_loss=0.092937, reg_loss=0.050025, lr=0.00000, time=1318.2 ms, rem=2.42 m
iter= 4900, img_loss=0.103183, reg_loss=0.050538, lr=0.00000, time=1328.5 ms, rem=2.21 m
iter= 4910, img_loss=0.093895, reg_loss=0.050729, lr=0.00000, time=1325.6 ms, rem=1.99 m
iter= 4920, img_loss=0.093207, reg_loss=0.050039, lr=0.00000, time=1318.0 ms, rem=1.76 m
iter= 4930, img_loss=0.096018, reg_loss=0.050456, lr=0.00000, time=1325.3 ms, rem=1.55 m
iter= 4940, img_loss=0.096555, reg_loss=0.049760, lr=0.00000, time=1317.4 ms, rem=1.32 m
iter= 4950, img_loss=0.096784, reg_loss=0.050211, lr=0.00000, time=1319.6 ms, rem=1.10 m
iter= 4960, img_loss=0.107491, reg_loss=0.050439, lr=0.00000, time=1328.9 ms, rem=53.15 s
iter= 4970, img_loss=0.116660, reg_loss=0.050855, lr=0.00000, time=1336.7 ms, rem=40.10 s
iter= 4980, img_loss=0.102122, reg_loss=0.050084, lr=0.00000, time=1319.5 ms, rem=26.39 s
iter= 4990, img_loss=0.104399, reg_loss=0.050558, lr=0.00000, time=1328.7 ms, rem=13.29 s
iter= 5000, img_loss=0.110608, reg_loss=0.050068, lr=0.00000, time=1324.5 ms, rem=0.00 s
Running validation
MSE,      PSNR
0.13586575, 8.681
Writing mesh:  out/man/mesh/mesh.obj
    writing 752500 vertices
    writing 4506804 texcoords
    writing 752500 normals
    writing 1502268 faces
Writing material:  out/man/mesh/mesh.mtl
Done exporting mesh
OptiXStateWrapper destructor 
