====== Scene: sculpture ======
Using /homes/sanskar/.cache/torch_extensions/py39_cu116 as PyTorch extensions root...
Detected CUDA files, patching ldflags
Emitting ninja build file /homes/sanskar/.cache/torch_extensions/py39_cu116/optixutils_plugin/build.ninja...
Building extension module optixutils_plugin...
Allowing ninja to set a default number of workers... (overridable by setting the environment variable MAX_JOBS=N)
ninja: no work to do.
Loading extension module optixutils_plugin...
Using mesh scale : 2.1, center : [-0.00073261 -0.00655052  0.00489909]
Config / Flags:
---------
iter 5000
batch 8
spp 1
layers 1
train_res [576, 768]
display_res [576, 768]
texture_res [1024, 1024]
display_interval 0
save_interval 100
learning_rate [0.03, 0.01]
custom_mip False
background white
loss logl1
out_dir out/sculpture
config configs/sculpture.json
ref_mesh /homes/sanskar/data/bmvsdtu/llff_data/sculpture
base_mesh /homes/sanskar/mcnvdiffrec/nvdiffrecmc/dtu_data/mesh/sculpture.obj
validate True
n_samples 8
bsdf pbr
denoiser bilateral
denoiser_demodulate True
mtl_override None
dmtet_grid 64
mesh_scale 2.1
envlight None
env_scale 1.0
probe_res 256
learn_lighting True
display [{'latlong': True}, {'bsdf': 'kd'}, {'bsdf': 'ks'}, {'bsdf': 'normal'}]
transparency False
lock_light False
lock_pos True
sdf_regularizer 0.2
laplace relative
laplace_scale 3000.0
pre_load True
no_perturbed_nrm False
decorrelated False
kd_min [0.0, 0.0, 0.0, 0.0]
kd_max [1.0, 1.0, 1.0, 1.0]
ks_min [0.0, 0.08, 0.0]
ks_max [1.0, 1.0, 1.0]
nrm_min [-1.0, -1.0, 0.0]
nrm_max [1.0, 1.0, 1.0]
clip_max_norm 0.0
cam_near_far [0.1, 1000.0]
lambda_kd 0.1
lambda_ks 0.05
lambda_nrm 0.025
lambda_nrm2 0.25
lambda_chroma 0.0
lambda_diffuse 0.15
lambda_specular 0.0025
random_textures True
centre [-0.00073261 -0.00655052  0.00489909]
---------
/homes/sanskar/miniconda3/envs/nvdiffrec/lib/python3.9/site-packages/torch/functional.py:504: UserWarning: torch.meshgrid: in an upcoming release, it will be required to pass the indexing argument. (Triggered internally at ../aten/src/ATen/native/TensorShape.cpp:3190.)
  return _VF.meshgrid(tensors, **kwargs)  # type: ignore[attr-defined]
End of OptiXStateWrapper 
Using /homes/sanskar/.cache/torch_extensions/py39_cu116 as PyTorch extensions root...
Detected CUDA files, patching ldflags
Emitting ninja build file /homes/sanskar/.cache/torch_extensions/py39_cu116/renderutils_plugin/build.ninja...
Building extension module renderutils_plugin...
Allowing ninja to set a default number of workers... (overridable by setting the environment variable MAX_JOBS=N)
DatasetLLFF: 74 images with shape [576, 768]
Auto centering at [-0.00073261 -0.00655052  0.00489909]
DatasetLLFF: 5 images with shape [576, 768]
Auto centering at [-0.00073261 -0.00655052  0.00489909]
Cuda path /homes/sanskar/miniconda3/envs/nvdiffrec
Base mesh has 1151248 triangles and 576399 vertices.
Avg edge length: 0.002383
ninja: no work to do.
Loading extension module renderutils_plugin...
iter=    0, img_loss=0.125697, reg_loss=0.037860, lr=0.00000, time=1015.1 ms, rem=1.41 h
iter=   10, img_loss=0.066635, reg_loss=0.033077, lr=0.00000, time=976.6 ms, rem=1.35 h
iter=   20, img_loss=0.053901, reg_loss=0.032176, lr=0.00000, time=979.9 ms, rem=1.36 h
iter=   30, img_loss=0.056483, reg_loss=0.032987, lr=0.00000, time=1008.5 ms, rem=1.39 h
iter=   40, img_loss=0.056056, reg_loss=0.032720, lr=0.00000, time=1012.7 ms, rem=1.40 h
iter=   50, img_loss=0.054688, reg_loss=0.031623, lr=0.00000, time=1007.5 ms, rem=1.39 h
iter=   60, img_loss=0.056306, reg_loss=0.031469, lr=0.00000, time=1003.4 ms, rem=1.38 h
iter=   70, img_loss=0.054265, reg_loss=0.031166, lr=0.00000, time=1002.0 ms, rem=1.37 h
iter=   80, img_loss=0.054440, reg_loss=0.030520, lr=0.00000, time=989.6 ms, rem=1.35 h
iter=   90, img_loss=0.057574, reg_loss=0.030168, lr=0.00000, time=987.7 ms, rem=1.35 h
iter=  100, img_loss=0.052738, reg_loss=0.030566, lr=0.00000, time=996.1 ms, rem=1.36 h
iter=  110, img_loss=0.052557, reg_loss=0.031185, lr=0.00000, time=1004.2 ms, rem=1.36 h
iter=  120, img_loss=0.053579, reg_loss=0.030813, lr=0.00000, time=999.7 ms, rem=1.36 h
iter=  130, img_loss=0.052124, reg_loss=0.030055, lr=0.00000, time=991.2 ms, rem=1.34 h
iter=  140, img_loss=0.051879, reg_loss=0.031242, lr=0.00000, time=1005.3 ms, rem=1.36 h
iter=  150, img_loss=0.060005, reg_loss=0.030328, lr=0.00000, time=989.8 ms, rem=1.33 h
iter=  160, img_loss=0.052060, reg_loss=0.031353, lr=0.00000, time=1009.7 ms, rem=1.36 h
iter=  170, img_loss=0.051875, reg_loss=0.030756, lr=0.00000, time=1002.8 ms, rem=1.35 h
iter=  180, img_loss=0.049532, reg_loss=0.031132, lr=0.00000, time=1003.3 ms, rem=1.34 h
iter=  190, img_loss=0.057649, reg_loss=0.030508, lr=0.00000, time=994.3 ms, rem=1.33 h
iter=  200, img_loss=0.053827, reg_loss=0.030881, lr=0.00000, time=1000.8 ms, rem=1.33 h
iter=  210, img_loss=0.055220, reg_loss=0.030405, lr=0.00000, time=994.2 ms, rem=1.32 h
iter=  220, img_loss=0.051120, reg_loss=0.030163, lr=0.00000, time=992.4 ms, rem=1.32 h
iter=  230, img_loss=0.052292, reg_loss=0.030772, lr=0.00000, time=997.5 ms, rem=1.32 h
iter=  240, img_loss=0.050393, reg_loss=0.029970, lr=0.00000, time=984.8 ms, rem=1.30 h
iter=  250, img_loss=0.051546, reg_loss=0.031215, lr=0.00000, time=998.3 ms, rem=1.32 h
iter=  260, img_loss=0.056983, reg_loss=0.030996, lr=0.00000, time=1004.1 ms, rem=1.32 h
iter=  270, img_loss=0.054617, reg_loss=0.030854, lr=0.00000, time=1000.5 ms, rem=1.31 h
iter=  280, img_loss=0.052667, reg_loss=0.031304, lr=0.00000, time=1003.6 ms, rem=1.32 h
iter=  290, img_loss=0.054704, reg_loss=0.030165, lr=0.00000, time=985.8 ms, rem=1.29 h
iter=  300, img_loss=0.047983, reg_loss=0.030380, lr=0.00000, time=990.5 ms, rem=1.29 h
iter=  310, img_loss=0.055902, reg_loss=0.031510, lr=0.00000, time=1007.9 ms, rem=1.31 h
iter=  320, img_loss=0.049862, reg_loss=0.030410, lr=0.00000, time=997.0 ms, rem=1.30 h
iter=  330, img_loss=0.048862, reg_loss=0.030612, lr=0.00000, time=992.2 ms, rem=1.29 h
iter=  340, img_loss=0.054396, reg_loss=0.030827, lr=0.00000, time=998.1 ms, rem=1.29 h
iter=  350, img_loss=0.054416, reg_loss=0.030128, lr=0.00000, time=990.6 ms, rem=1.28 h
iter=  360, img_loss=0.052854, reg_loss=0.030787, lr=0.00000, time=1002.7 ms, rem=1.29 h
iter=  370, img_loss=0.052023, reg_loss=0.030390, lr=0.00000, time=993.0 ms, rem=1.28 h
iter=  380, img_loss=0.050825, reg_loss=0.030984, lr=0.00000, time=1007.9 ms, rem=1.29 h
iter=  390, img_loss=0.058051, reg_loss=0.030840, lr=0.00000, time=1000.8 ms, rem=1.28 h
iter=  400, img_loss=0.047885, reg_loss=0.030222, lr=0.00000, time=991.5 ms, rem=1.27 h
iter=  410, img_loss=0.055469, reg_loss=0.030497, lr=0.00000, time=998.1 ms, rem=1.27 h
iter=  420, img_loss=0.054573, reg_loss=0.029665, lr=0.00000, time=983.6 ms, rem=1.25 h
iter=  430, img_loss=0.050613, reg_loss=0.030967, lr=0.00000, time=1001.4 ms, rem=1.27 h
iter=  440, img_loss=0.052065, reg_loss=0.031122, lr=0.00000, time=1008.3 ms, rem=1.28 h
iter=  450, img_loss=0.048877, reg_loss=0.030681, lr=0.00000, time=1000.4 ms, rem=1.26 h
iter=  460, img_loss=0.054788, reg_loss=0.029919, lr=0.00000, time=986.6 ms, rem=1.24 h
iter=  470, img_loss=0.051489, reg_loss=0.030383, lr=0.00000, time=991.6 ms, rem=1.25 h
iter=  480, img_loss=0.050559, reg_loss=0.030273, lr=0.00000, time=991.4 ms, rem=1.24 h
iter=  490, img_loss=0.049208, reg_loss=0.030725, lr=0.00000, time=998.9 ms, rem=1.25 h
iter=  500, img_loss=0.051052, reg_loss=0.030328, lr=0.00000, time=998.7 ms, rem=1.25 h
iter=  510, img_loss=0.048747, reg_loss=0.029926, lr=0.00000, time=986.8 ms, rem=1.23 h
iter=  520, img_loss=0.052957, reg_loss=0.030439, lr=0.00000, time=996.9 ms, rem=1.24 h
iter=  530, img_loss=0.053395, reg_loss=0.029492, lr=0.00000, time=979.8 ms, rem=1.22 h
iter=  540, img_loss=0.058736, reg_loss=0.030213, lr=0.00000, time=993.5 ms, rem=1.23 h
iter=  550, img_loss=0.050558, reg_loss=0.029839, lr=0.00000, time=981.8 ms, rem=1.21 h
iter=  560, img_loss=0.049404, reg_loss=0.030818, lr=0.00000, time=1001.6 ms, rem=1.24 h
iter=  570, img_loss=0.049542, reg_loss=0.030617, lr=0.00000, time=993.4 ms, rem=1.22 h
iter=  580, img_loss=0.053915, reg_loss=0.030605, lr=0.00000, time=999.5 ms, rem=1.23 h
iter=  590, img_loss=0.050470, reg_loss=0.031154, lr=0.00000, time=1012.0 ms, rem=1.24 h
iter=  600, img_loss=0.050954, reg_loss=0.030838, lr=0.00000, time=1002.0 ms, rem=1.22 h
iter=  610, img_loss=0.059241, reg_loss=0.030816, lr=0.00000, time=1001.1 ms, rem=1.22 h
iter=  620, img_loss=0.053602, reg_loss=0.030291, lr=0.00000, time=990.4 ms, rem=1.20 h
iter=  630, img_loss=0.051899, reg_loss=0.030701, lr=0.00000, time=1000.2 ms, rem=1.21 h
iter=  640, img_loss=0.052766, reg_loss=0.029922, lr=0.00000, time=988.3 ms, rem=1.20 h
iter=  650, img_loss=0.051811, reg_loss=0.030859, lr=0.00000, time=1001.9 ms, rem=1.21 h
iter=  660, img_loss=0.052035, reg_loss=0.030050, lr=0.00000, time=989.5 ms, rem=1.19 h
iter=  670, img_loss=0.056600, reg_loss=0.030388, lr=0.00000, time=994.1 ms, rem=1.20 h
iter=  680, img_loss=0.054645, reg_loss=0.030195, lr=0.00000, time=987.8 ms, rem=1.19 h
iter=  690, img_loss=0.047593, reg_loss=0.030597, lr=0.00000, time=1000.5 ms, rem=1.20 h
iter=  700, img_loss=0.055404, reg_loss=0.030516, lr=0.00000, time=994.7 ms, rem=1.19 h
iter=  710, img_loss=0.055512, reg_loss=0.030312, lr=0.00000, time=990.3 ms, rem=1.18 h
iter=  720, img_loss=0.048799, reg_loss=0.029734, lr=0.00000, time=982.6 ms, rem=1.17 h
iter=  730, img_loss=0.054254, reg_loss=0.030173, lr=0.00000, time=991.4 ms, rem=1.18 h
iter=  740, img_loss=0.046977, reg_loss=0.031041, lr=0.00000, time=1004.0 ms, rem=1.19 h
iter=  750, img_loss=0.050173, reg_loss=0.029796, lr=0.00000, time=984.6 ms, rem=1.16 h
iter=  760, img_loss=0.050823, reg_loss=0.029830, lr=0.00000, time=988.3 ms, rem=1.16 h
iter=  770, img_loss=0.055874, reg_loss=0.031074, lr=0.00000, time=1004.0 ms, rem=1.18 h
iter=  780, img_loss=0.057252, reg_loss=0.029942, lr=0.00000, time=988.7 ms, rem=1.16 h
iter=  790, img_loss=0.057973, reg_loss=0.030338, lr=0.00000, time=991.7 ms, rem=1.16 h
iter=  800, img_loss=0.050648, reg_loss=0.030429, lr=0.00000, time=991.7 ms, rem=1.16 h
iter=  810, img_loss=0.053552, reg_loss=0.031178, lr=0.00000, time=1005.1 ms, rem=1.17 h
iter=  820, img_loss=0.050563, reg_loss=0.030543, lr=0.00000, time=997.3 ms, rem=1.16 h
iter=  830, img_loss=0.058016, reg_loss=0.031111, lr=0.00000, time=998.7 ms, rem=1.16 h
iter=  840, img_loss=0.048276, reg_loss=0.030557, lr=0.00000, time=999.5 ms, rem=1.15 h
iter=  850, img_loss=0.055156, reg_loss=0.031743, lr=0.00000, time=1015.2 ms, rem=1.17 h
iter=  860, img_loss=0.054215, reg_loss=0.030275, lr=0.00000, time=990.5 ms, rem=1.14 h
iter=  870, img_loss=0.052041, reg_loss=0.029884, lr=0.00000, time=981.4 ms, rem=1.13 h
iter=  880, img_loss=0.054578, reg_loss=0.030425, lr=0.00000, time=994.0 ms, rem=1.14 h
iter=  890, img_loss=0.055596, reg_loss=0.030183, lr=0.00000, time=987.0 ms, rem=1.13 h
iter=  900, img_loss=0.051757, reg_loss=0.031069, lr=0.00000, time=1002.6 ms, rem=1.14 h
iter=  910, img_loss=0.051815, reg_loss=0.030537, lr=0.00000, time=993.8 ms, rem=1.13 h
iter=  920, img_loss=0.052130, reg_loss=0.030516, lr=0.00000, time=994.4 ms, rem=1.13 h
iter=  930, img_loss=0.049916, reg_loss=0.030235, lr=0.00000, time=992.3 ms, rem=1.12 h
iter=  940, img_loss=0.054296, reg_loss=0.030211, lr=0.00000, time=987.2 ms, rem=1.11 h
iter=  950, img_loss=0.063429, reg_loss=0.030332, lr=0.00000, time=995.8 ms, rem=1.12 h
iter=  960, img_loss=0.055353, reg_loss=0.029922, lr=0.00000, time=981.0 ms, rem=1.10 h
iter=  970, img_loss=0.056449, reg_loss=0.030604, lr=0.00000, time=997.6 ms, rem=1.12 h
iter=  980, img_loss=0.050060, reg_loss=0.030546, lr=0.00000, time=995.8 ms, rem=1.11 h
iter=  990, img_loss=0.045119, reg_loss=0.030564, lr=0.00000, time=997.3 ms, rem=1.11 h
iter= 1000, img_loss=0.052352, reg_loss=0.030608, lr=0.00000, time=997.3 ms, rem=1.11 h
iter= 1010, img_loss=0.052755, reg_loss=0.030676, lr=0.00000, time=998.8 ms, rem=1.11 h
iter= 1020, img_loss=0.053422, reg_loss=0.030349, lr=0.00000, time=995.3 ms, rem=1.10 h
iter= 1030, img_loss=0.053704, reg_loss=0.030755, lr=0.00000, time=1000.4 ms, rem=1.10 h
iter= 1040, img_loss=0.052181, reg_loss=0.031188, lr=0.00000, time=1007.0 ms, rem=1.11 h
iter= 1050, img_loss=0.054482, reg_loss=0.030884, lr=0.00000, time=998.6 ms, rem=1.10 h
iter= 1060, img_loss=0.056347, reg_loss=0.030289, lr=0.00000, time=989.9 ms, rem=1.08 h
iter= 1070, img_loss=0.052288, reg_loss=0.030524, lr=0.00000, time=1000.5 ms, rem=1.09 h
iter= 1080, img_loss=0.049169, reg_loss=0.029584, lr=0.00000, time=983.0 ms, rem=1.07 h
iter= 1090, img_loss=0.052939, reg_loss=0.030373, lr=0.00000, time=991.6 ms, rem=1.08 h
iter= 1100, img_loss=0.055043, reg_loss=0.030302, lr=0.00000, time=986.2 ms, rem=1.07 h
iter= 1110, img_loss=0.056808, reg_loss=0.030749, lr=0.00000, time=994.1 ms, rem=1.07 h
iter= 1120, img_loss=0.055913, reg_loss=0.029874, lr=0.00000, time=986.2 ms, rem=1.06 h
iter= 1130, img_loss=0.052358, reg_loss=0.030544, lr=0.00000, time=994.7 ms, rem=1.07 h
iter= 1140, img_loss=0.053791, reg_loss=0.029417, lr=0.00000, time=978.1 ms, rem=1.05 h
iter= 1150, img_loss=0.055094, reg_loss=0.030848, lr=0.00000, time=1002.1 ms, rem=1.07 h
iter= 1160, img_loss=0.053438, reg_loss=0.030577, lr=0.00000, time=995.0 ms, rem=1.06 h
iter= 1170, img_loss=0.048661, reg_loss=0.030027, lr=0.00000, time=993.0 ms, rem=1.06 h
iter= 1180, img_loss=0.061867, reg_loss=0.031026, lr=0.00000, time=1001.0 ms, rem=1.06 h
iter= 1190, img_loss=0.048489, reg_loss=0.030337, lr=0.00000, time=993.8 ms, rem=1.05 h
iter= 1200, img_loss=0.050469, reg_loss=0.030295, lr=0.00000, time=994.7 ms, rem=1.05 h
iter= 1210, img_loss=0.053358, reg_loss=0.030792, lr=0.00000, time=1003.2 ms, rem=1.06 h
iter= 1220, img_loss=0.051267, reg_loss=0.030067, lr=0.00000, time=987.7 ms, rem=1.04 h
iter= 1230, img_loss=0.050994, reg_loss=0.030424, lr=0.00000, time=993.2 ms, rem=1.04 h
iter= 1240, img_loss=0.049933, reg_loss=0.030239, lr=0.00000, time=997.0 ms, rem=1.04 h
iter= 1250, img_loss=0.053981, reg_loss=0.030619, lr=0.00000, time=997.3 ms, rem=1.04 h
iter= 1260, img_loss=0.045863, reg_loss=0.030674, lr=0.00000, time=1001.2 ms, rem=1.04 h
iter= 1270, img_loss=0.052673, reg_loss=0.030012, lr=0.00000, time=989.8 ms, rem=1.03 h
iter= 1280, img_loss=0.051481, reg_loss=0.029461, lr=0.00000, time=977.9 ms, rem=1.01 h
iter= 1290, img_loss=0.055229, reg_loss=0.030449, lr=0.00000, time=996.2 ms, rem=1.03 h
iter= 1300, img_loss=0.051304, reg_loss=0.029913, lr=0.00000, time=987.0 ms, rem=1.01 h
iter= 1310, img_loss=0.052896, reg_loss=0.029803, lr=0.00000, time=984.7 ms, rem=1.01 h
iter= 1320, img_loss=0.045650, reg_loss=0.030341, lr=0.00000, time=997.5 ms, rem=1.02 h
iter= 1330, img_loss=0.050182, reg_loss=0.030398, lr=0.00000, time=993.7 ms, rem=1.01 h
iter= 1340, img_loss=0.048870, reg_loss=0.030242, lr=0.00000, time=994.5 ms, rem=1.01 h
iter= 1350, img_loss=0.046111, reg_loss=0.030037, lr=0.00000, time=986.2 ms, rem=59.99 m
iter= 1360, img_loss=0.047226, reg_loss=0.029630, lr=0.00000, time=983.9 ms, rem=59.69 m
iter= 1370, img_loss=0.049535, reg_loss=0.030018, lr=0.00000, time=988.9 ms, rem=59.83 m
iter= 1380, img_loss=0.051717, reg_loss=0.029692, lr=0.00000, time=982.2 ms, rem=59.26 m
iter= 1390, img_loss=0.051967, reg_loss=0.030643, lr=0.00000, time=995.9 ms, rem=59.92 m
iter= 1400, img_loss=0.052244, reg_loss=0.030454, lr=0.00000, time=995.3 ms, rem=59.72 m
iter= 1410, img_loss=0.051916, reg_loss=0.029740, lr=0.00000, time=984.1 ms, rem=58.88 m
iter= 1420, img_loss=0.046991, reg_loss=0.029806, lr=0.00000, time=982.1 ms, rem=58.60 m
iter= 1430, img_loss=0.052304, reg_loss=0.030264, lr=0.00000, time=991.1 ms, rem=58.97 m
iter= 1440, img_loss=0.051121, reg_loss=0.030444, lr=0.00000, time=994.3 ms, rem=59.00 m
iter= 1450, img_loss=0.054342, reg_loss=0.030213, lr=0.00000, time=993.3 ms, rem=58.77 m
iter= 1460, img_loss=0.050652, reg_loss=0.030699, lr=0.00000, time=995.7 ms, rem=58.75 m
iter= 1470, img_loss=0.045669, reg_loss=0.030580, lr=0.00000, time=994.8 ms, rem=58.53 m
iter= 1480, img_loss=0.047436, reg_loss=0.029569, lr=0.00000, time=981.7 ms, rem=57.59 m
iter= 1490, img_loss=0.049779, reg_loss=0.029868, lr=0.00000, time=984.4 ms, rem=57.59 m
iter= 1500, img_loss=0.050019, reg_loss=0.029999, lr=0.00000, time=989.6 ms, rem=57.73 m
iter= 1510, img_loss=0.053171, reg_loss=0.030020, lr=0.00000, time=987.4 ms, rem=57.43 m
iter= 1520, img_loss=0.050354, reg_loss=0.029992, lr=0.00000, time=982.1 ms, rem=56.96 m
iter= 1530, img_loss=0.049586, reg_loss=0.030699, lr=0.00000, time=1003.2 ms, rem=58.02 m
iter= 1540, img_loss=0.047340, reg_loss=0.028790, lr=0.00000, time=966.8 ms, rem=55.75 m
iter= 1550, img_loss=0.055646, reg_loss=0.030925, lr=0.00000, time=1001.3 ms, rem=57.58 m
iter= 1560, img_loss=0.055152, reg_loss=0.030540, lr=0.00000, time=996.0 ms, rem=57.11 m
iter= 1570, img_loss=0.048652, reg_loss=0.029496, lr=0.00000, time=980.2 ms, rem=56.04 m
iter= 1580, img_loss=0.052852, reg_loss=0.029040, lr=0.00000, time=973.8 ms, rem=55.51 m
iter= 1590, img_loss=0.055615, reg_loss=0.030997, lr=0.00000, time=1005.0 ms, rem=57.12 m
iter= 1600, img_loss=0.055644, reg_loss=0.031071, lr=0.00000, time=999.9 ms, rem=56.66 m
iter= 1610, img_loss=0.050892, reg_loss=0.030577, lr=0.00000, time=996.8 ms, rem=56.32 m
iter= 1620, img_loss=0.048871, reg_loss=0.029658, lr=0.00000, time=983.6 ms, rem=55.41 m
iter= 1630, img_loss=0.050176, reg_loss=0.030775, lr=0.00000, time=996.5 ms, rem=55.97 m
iter= 1640, img_loss=0.052640, reg_loss=0.029890, lr=0.00000, time=983.9 ms, rem=55.10 m
iter= 1650, img_loss=0.052971, reg_loss=0.030214, lr=0.00000, time=987.7 ms, rem=55.15 m
iter= 1660, img_loss=0.049279, reg_loss=0.030370, lr=0.00000, time=991.4 ms, rem=55.19 m
iter= 1670, img_loss=0.051642, reg_loss=0.029592, lr=0.00000, time=980.8 ms, rem=54.43 m
iter= 1680, img_loss=0.050005, reg_loss=0.031287, lr=0.00000, time=1006.6 ms, rem=55.70 m
iter= 1690, img_loss=0.054044, reg_loss=0.030343, lr=0.00000, time=990.9 ms, rem=54.67 m
iter= 1700, img_loss=0.051614, reg_loss=0.030838, lr=0.00000, time=999.5 ms, rem=54.97 m
iter= 1710, img_loss=0.049972, reg_loss=0.030504, lr=0.00000, time=999.0 ms, rem=54.78 m
iter= 1720, img_loss=0.049267, reg_loss=0.030162, lr=0.00000, time=989.3 ms, rem=54.08 m
iter= 1730, img_loss=0.050996, reg_loss=0.030890, lr=0.00000, time=1000.8 ms, rem=54.54 m
iter= 1740, img_loss=0.050011, reg_loss=0.029277, lr=0.00000, time=974.8 ms, rem=52.96 m
iter= 1750, img_loss=0.052371, reg_loss=0.030688, lr=0.00000, time=995.9 ms, rem=53.95 m
iter= 1760, img_loss=0.052609, reg_loss=0.030507, lr=0.00000, time=992.5 ms, rem=53.59 m
iter= 1770, img_loss=0.052691, reg_loss=0.030047, lr=0.00000, time=989.8 ms, rem=53.29 m
iter= 1780, img_loss=0.052920, reg_loss=0.030182, lr=0.00000, time=995.3 ms, rem=53.42 m
iter= 1790, img_loss=0.047353, reg_loss=0.030394, lr=0.00000, time=994.9 ms, rem=53.23 m
iter= 1800, img_loss=0.048222, reg_loss=0.031264, lr=0.00000, time=1008.0 ms, rem=53.76 m
iter= 1810, img_loss=0.047779, reg_loss=0.031414, lr=0.00000, time=1009.8 ms, rem=53.69 m
iter= 1820, img_loss=0.052435, reg_loss=0.029953, lr=0.00000, time=981.7 ms, rem=52.03 m
iter= 1830, img_loss=0.052193, reg_loss=0.029749, lr=0.00000, time=983.5 ms, rem=51.96 m
iter= 1840, img_loss=0.046673, reg_loss=0.030032, lr=0.00000, time=988.1 ms, rem=52.04 m
iter= 1850, img_loss=0.049810, reg_loss=0.030538, lr=0.00000, time=993.7 ms, rem=52.17 m
iter= 1860, img_loss=0.051782, reg_loss=0.030605, lr=0.00000, time=994.4 ms, rem=52.04 m
iter= 1870, img_loss=0.046895, reg_loss=0.030182, lr=0.00000, time=993.9 ms, rem=51.85 m
iter= 1880, img_loss=0.048198, reg_loss=0.029697, lr=0.00000, time=980.1 ms, rem=50.96 m
iter= 1890, img_loss=0.052705, reg_loss=0.030069, lr=0.00000, time=985.7 ms, rem=51.09 m
iter= 1900, img_loss=0.051505, reg_loss=0.029345, lr=0.00000, time=981.6 ms, rem=50.72 m
iter= 1910, img_loss=0.048137, reg_loss=0.030189, lr=0.00000, time=987.6 ms, rem=50.86 m
iter= 1920, img_loss=0.055668, reg_loss=0.030454, lr=0.00000, time=990.4 ms, rem=50.84 m
iter= 1930, img_loss=0.047890, reg_loss=0.029729, lr=0.00000, time=983.3 ms, rem=50.31 m
iter= 1940, img_loss=0.058499, reg_loss=0.030720, lr=0.00000, time=993.9 ms, rem=50.69 m
iter= 1950, img_loss=0.051371, reg_loss=0.031449, lr=0.00000, time=1003.6 ms, rem=51.02 m
iter= 1960, img_loss=0.051216, reg_loss=0.030909, lr=0.00000, time=1001.0 ms, rem=50.72 m
iter= 1970, img_loss=0.057005, reg_loss=0.030359, lr=0.00000, time=993.7 ms, rem=50.18 m
iter= 1980, img_loss=0.051253, reg_loss=0.030567, lr=0.00000, time=992.1 ms, rem=49.94 m
iter= 1990, img_loss=0.050026, reg_loss=0.029922, lr=0.00000, time=990.4 ms, rem=49.68 m
iter= 2000, img_loss=0.047261, reg_loss=0.030308, lr=0.00000, time=990.9 ms, rem=49.54 m
iter= 2010, img_loss=0.051851, reg_loss=0.030411, lr=0.00000, time=995.0 ms, rem=49.58 m
iter= 2020, img_loss=0.049086, reg_loss=0.030215, lr=0.00000, time=989.7 ms, rem=49.15 m
iter= 2030, img_loss=0.045642, reg_loss=0.030049, lr=0.00000, time=990.0 ms, rem=49.00 m
iter= 2040, img_loss=0.053512, reg_loss=0.031659, lr=0.00000, time=1013.8 ms, rem=50.01 m
iter= 2050, img_loss=0.044420, reg_loss=0.031346, lr=0.00000, time=1007.1 ms, rem=49.52 m
iter= 2060, img_loss=0.044946, reg_loss=0.030316, lr=0.00000, time=992.1 ms, rem=48.61 m
iter= 2070, img_loss=0.046845, reg_loss=0.029851, lr=0.00000, time=987.8 ms, rem=48.24 m
iter= 2080, img_loss=0.049988, reg_loss=0.030210, lr=0.00000, time=989.3 ms, rem=48.15 m
iter= 2090, img_loss=0.053247, reg_loss=0.030315, lr=0.00000, time=991.6 ms, rem=48.09 m
iter= 2100, img_loss=0.048473, reg_loss=0.030149, lr=0.00000, time=989.1 ms, rem=47.80 m
iter= 2110, img_loss=0.049601, reg_loss=0.030136, lr=0.00000, time=989.6 ms, rem=47.66 m
iter= 2120, img_loss=0.045350, reg_loss=0.030105, lr=0.00000, time=992.5 ms, rem=47.64 m
iter= 2130, img_loss=0.050228, reg_loss=0.029910, lr=0.00000, time=980.9 ms, rem=46.92 m
iter= 2140, img_loss=0.048670, reg_loss=0.029517, lr=0.00000, time=983.6 ms, rem=46.89 m
iter= 2150, img_loss=0.055082, reg_loss=0.030951, lr=0.00000, time=1005.7 ms, rem=47.77 m
iter= 2160, img_loss=0.052440, reg_loss=0.030166, lr=0.00000, time=988.5 ms, rem=46.79 m
iter= 2170, img_loss=0.052378, reg_loss=0.030752, lr=0.00000, time=995.9 ms, rem=46.97 m
iter= 2180, img_loss=0.049555, reg_loss=0.029718, lr=0.00000, time=983.6 ms, rem=46.23 m
iter= 2190, img_loss=0.051110, reg_loss=0.030205, lr=0.00000, time=991.3 ms, rem=46.43 m
iter= 2200, img_loss=0.051157, reg_loss=0.030156, lr=0.00000, time=990.0 ms, rem=46.20 m
iter= 2210, img_loss=0.054136, reg_loss=0.031616, lr=0.00000, time=1010.5 ms, rem=46.99 m
iter= 2220, img_loss=0.049571, reg_loss=0.030466, lr=0.00000, time=997.0 ms, rem=46.19 m
iter= 2230, img_loss=0.060600, reg_loss=0.031289, lr=0.00000, time=1006.9 ms, rem=46.48 m
iter= 2240, img_loss=0.049854, reg_loss=0.030367, lr=0.00000, time=994.3 ms, rem=45.74 m
iter= 2250, img_loss=0.046936, reg_loss=0.030310, lr=0.00000, time=993.7 ms, rem=45.54 m
iter= 2260, img_loss=0.049018, reg_loss=0.030032, lr=0.00000, time=989.4 ms, rem=45.18 m
iter= 2270, img_loss=0.049313, reg_loss=0.029139, lr=0.00000, time=972.6 ms, rem=44.25 m
iter= 2280, img_loss=0.055715, reg_loss=0.031252, lr=0.00000, time=1007.5 ms, rem=45.67 m
iter= 2290, img_loss=0.053227, reg_loss=0.030587, lr=0.00000, time=1000.1 ms, rem=45.17 m
iter= 2300, img_loss=0.050515, reg_loss=0.030875, lr=0.00000, time=1000.3 ms, rem=45.01 m
iter= 2310, img_loss=0.054111, reg_loss=0.030183, lr=0.00000, time=987.0 ms, rem=44.25 m
iter= 2320, img_loss=0.050632, reg_loss=0.029705, lr=0.00000, time=981.1 ms, rem=43.82 m
iter= 2330, img_loss=0.047657, reg_loss=0.031427, lr=0.00000, time=1005.7 ms, rem=44.75 m
iter= 2340, img_loss=0.047049, reg_loss=0.029927, lr=0.00000, time=986.8 ms, rem=43.75 m
iter= 2350, img_loss=0.050878, reg_loss=0.030149, lr=0.00000, time=990.0 ms, rem=43.73 m
iter= 2360, img_loss=0.049329, reg_loss=0.030193, lr=0.00000, time=995.3 ms, rem=43.79 m
iter= 2370, img_loss=0.045637, reg_loss=0.030012, lr=0.00000, time=990.0 ms, rem=43.40 m
iter= 2380, img_loss=0.046435, reg_loss=0.030335, lr=0.00000, time=994.6 ms, rem=43.43 m
iter= 2390, img_loss=0.050541, reg_loss=0.031110, lr=0.00000, time=1002.6 ms, rem=43.61 m
iter= 2400, img_loss=0.056490, reg_loss=0.030412, lr=0.00000, time=993.2 ms, rem=43.04 m
iter= 2410, img_loss=0.054735, reg_loss=0.031223, lr=0.00000, time=1006.2 ms, rem=43.43 m
iter= 2420, img_loss=0.050109, reg_loss=0.030342, lr=0.00000, time=990.8 ms, rem=42.61 m
iter= 2430, img_loss=0.052468, reg_loss=0.029768, lr=0.00000, time=982.3 ms, rem=42.08 m
iter= 2440, img_loss=0.048321, reg_loss=0.030308, lr=0.00000, time=990.1 ms, rem=42.24 m
iter= 2450, img_loss=0.050320, reg_loss=0.030122, lr=0.00000, time=987.2 ms, rem=41.96 m
iter= 2460, img_loss=0.056100, reg_loss=0.030081, lr=0.00000, time=988.8 ms, rem=41.86 m
iter= 2470, img_loss=0.049113, reg_loss=0.030700, lr=0.00000, time=997.4 ms, rem=42.06 m
iter= 2480, img_loss=0.052410, reg_loss=0.030528, lr=0.00000, time=995.4 ms, rem=41.80 m
iter= 2490, img_loss=0.049197, reg_loss=0.030360, lr=0.00000, time=994.3 ms, rem=41.59 m
iter= 2500, img_loss=0.048329, reg_loss=0.030754, lr=0.00000, time=999.0 ms, rem=41.63 m
iter= 2510, img_loss=0.051771, reg_loss=0.030524, lr=0.00000, time=997.5 ms, rem=41.40 m
iter= 2520, img_loss=0.054126, reg_loss=0.029716, lr=0.00000, time=980.3 ms, rem=40.52 m
iter= 2530, img_loss=0.044830, reg_loss=0.030107, lr=0.00000, time=984.8 ms, rem=40.54 m
iter= 2540, img_loss=0.044562, reg_loss=0.030057, lr=0.00000, time=989.8 ms, rem=40.58 m
iter= 2550, img_loss=0.050346, reg_loss=0.030377, lr=0.00000, time=994.4 ms, rem=40.60 m
iter= 2560, img_loss=0.053199, reg_loss=0.030417, lr=0.00000, time=991.8 ms, rem=40.33 m
iter= 2570, img_loss=0.046774, reg_loss=0.029057, lr=0.00000, time=973.0 ms, rem=39.41 m
iter= 2580, img_loss=0.049759, reg_loss=0.030427, lr=0.00000, time=997.5 ms, rem=40.23 m
iter= 2590, img_loss=0.049994, reg_loss=0.030006, lr=0.00000, time=988.3 ms, rem=39.70 m
iter= 2600, img_loss=0.049469, reg_loss=0.030521, lr=0.00000, time=997.1 ms, rem=39.89 m
iter= 2610, img_loss=0.050535, reg_loss=0.029989, lr=0.00000, time=989.6 ms, rem=39.42 m
iter= 2620, img_loss=0.053217, reg_loss=0.029614, lr=0.00000, time=979.8 ms, rem=38.87 m
iter= 2630, img_loss=0.050678, reg_loss=0.029851, lr=0.00000, time=978.8 ms, rem=38.66 m
iter= 2640, img_loss=0.050622, reg_loss=0.029643, lr=0.00000, time=979.9 ms, rem=38.54 m
iter= 2650, img_loss=0.051493, reg_loss=0.030372, lr=0.00000, time=996.0 ms, rem=39.01 m
iter= 2660, img_loss=0.050824, reg_loss=0.030089, lr=0.00000, time=985.2 ms, rem=38.42 m
iter= 2670, img_loss=0.051981, reg_loss=0.030008, lr=0.00000, time=985.4 ms, rem=38.27 m
iter= 2680, img_loss=0.047513, reg_loss=0.030729, lr=0.00000, time=1002.3 ms, rem=38.75 m
iter= 2690, img_loss=0.050257, reg_loss=0.030811, lr=0.00000, time=1000.2 ms, rem=38.51 m
iter= 2700, img_loss=0.051873, reg_loss=0.030196, lr=0.00000, time=988.3 ms, rem=37.88 m
iter= 2710, img_loss=0.046888, reg_loss=0.029433, lr=0.00000, time=977.9 ms, rem=37.32 m
iter= 2720, img_loss=0.051333, reg_loss=0.030446, lr=0.00000, time=994.1 ms, rem=37.78 m
iter= 2730, img_loss=0.052152, reg_loss=0.030275, lr=0.00000, time=990.9 ms, rem=37.49 m
iter= 2740, img_loss=0.050292, reg_loss=0.030307, lr=0.00000, time=990.6 ms, rem=37.31 m
iter= 2750, img_loss=0.052475, reg_loss=0.029586, lr=0.00000, time=976.6 ms, rem=36.62 m
iter= 2760, img_loss=0.046823, reg_loss=0.030129, lr=0.00000, time=990.0 ms, rem=36.96 m
iter= 2770, img_loss=0.054807, reg_loss=0.030522, lr=0.00000, time=995.4 ms, rem=37.00 m
iter= 2780, img_loss=0.048251, reg_loss=0.029813, lr=0.00000, time=986.6 ms, rem=36.50 m
iter= 2790, img_loss=0.050356, reg_loss=0.030683, lr=0.00000, time=1003.8 ms, rem=36.97 m
iter= 2800, img_loss=0.047562, reg_loss=0.029963, lr=0.00000, time=982.3 ms, rem=36.02 m
iter= 2810, img_loss=0.046271, reg_loss=0.029875, lr=0.00000, time=986.3 ms, rem=36.00 m
iter= 2820, img_loss=0.050479, reg_loss=0.030338, lr=0.00000, time=994.7 ms, rem=36.14 m
iter= 2830, img_loss=0.048389, reg_loss=0.030631, lr=0.00000, time=994.9 ms, rem=35.98 m
iter= 2840, img_loss=0.053468, reg_loss=0.029885, lr=0.00000, time=984.5 ms, rem=35.44 m
iter= 2850, img_loss=0.046713, reg_loss=0.030695, lr=0.00000, time=1002.9 ms, rem=35.94 m
iter= 2860, img_loss=0.051571, reg_loss=0.030218, lr=0.00000, time=986.8 ms, rem=35.19 m
iter= 2870, img_loss=0.051892, reg_loss=0.030946, lr=0.00000, time=1004.5 ms, rem=35.66 m
iter= 2880, img_loss=0.046253, reg_loss=0.030038, lr=0.00000, time=987.3 ms, rem=34.88 m
iter= 2890, img_loss=0.051290, reg_loss=0.030116, lr=0.00000, time=987.0 ms, rem=34.71 m
iter= 2900, img_loss=0.055932, reg_loss=0.030986, lr=0.00000, time=999.0 ms, rem=34.97 m
iter= 2910, img_loss=0.050369, reg_loss=0.030338, lr=0.00000, time=992.8 ms, rem=34.58 m
iter= 2920, img_loss=0.047188, reg_loss=0.030341, lr=0.00000, time=993.5 ms, rem=34.44 m
iter= 2930, img_loss=0.046986, reg_loss=0.029831, lr=0.00000, time=987.4 ms, rem=34.06 m
iter= 2940, img_loss=0.046655, reg_loss=0.030362, lr=0.00000, time=994.5 ms, rem=34.15 m
iter= 2950, img_loss=0.050353, reg_loss=0.030597, lr=0.00000, time=997.6 ms, rem=34.09 m
iter= 2960, img_loss=0.048204, reg_loss=0.030384, lr=0.00000, time=986.3 ms, rem=33.53 m
iter= 2970, img_loss=0.048964, reg_loss=0.030626, lr=0.00000, time=999.7 ms, rem=33.82 m
iter= 2980, img_loss=0.054532, reg_loss=0.029915, lr=0.00000, time=981.7 ms, rem=33.05 m
iter= 2990, img_loss=0.050857, reg_loss=0.030068, lr=0.00000, time=987.2 ms, rem=33.07 m
iter= 3000, img_loss=0.052656, reg_loss=0.030336, lr=0.00000, time=994.3 ms, rem=33.14 m
iter= 3010, img_loss=0.046917, reg_loss=0.031313, lr=0.00000, time=1006.1 ms, rem=33.37 m
iter= 3020, img_loss=0.048090, reg_loss=0.029939, lr=0.00000, time=982.7 ms, rem=32.43 m
iter= 3030, img_loss=0.048130, reg_loss=0.029639, lr=0.00000, time=979.6 ms, rem=32.16 m
iter= 3040, img_loss=0.046167, reg_loss=0.030622, lr=0.00000, time=999.9 ms, rem=32.66 m
iter= 3050, img_loss=0.055075, reg_loss=0.031253, lr=0.00000, time=1004.9 ms, rem=32.66 m
iter= 3060, img_loss=0.044375, reg_loss=0.029485, lr=0.00000, time=980.3 ms, rem=31.70 m
iter= 3070, img_loss=0.051623, reg_loss=0.030571, lr=0.00000, time=993.1 ms, rem=31.95 m
iter= 3080, img_loss=0.050627, reg_loss=0.030205, lr=0.00000, time=991.1 ms, rem=31.72 m
iter= 3090, img_loss=0.049960, reg_loss=0.030823, lr=0.00000, time=999.6 ms, rem=31.82 m
iter= 3100, img_loss=0.048774, reg_loss=0.030245, lr=0.00000, time=988.8 ms, rem=31.31 m
iter= 3110, img_loss=0.046323, reg_loss=0.029310, lr=0.00000, time=977.6 ms, rem=30.79 m
iter= 3120, img_loss=0.048561, reg_loss=0.029977, lr=0.00000, time=986.2 ms, rem=30.90 m
iter= 3130, img_loss=0.053197, reg_loss=0.030579, lr=0.00000, time=994.5 ms, rem=30.99 m
iter= 3140, img_loss=0.053564, reg_loss=0.030454, lr=0.00000, time=994.7 ms, rem=30.83 m
iter= 3150, img_loss=0.049884, reg_loss=0.030484, lr=0.00000, time=995.5 ms, rem=30.70 m
iter= 3160, img_loss=0.043578, reg_loss=0.030931, lr=0.00000, time=1006.2 ms, rem=30.86 m
iter= 3170, img_loss=0.052425, reg_loss=0.030625, lr=0.00000, time=994.8 ms, rem=30.34 m
iter= 3180, img_loss=0.053552, reg_loss=0.030098, lr=0.00000, time=986.7 ms, rem=29.93 m
iter= 3190, img_loss=0.047820, reg_loss=0.030133, lr=0.00000, time=990.7 ms, rem=29.88 m
iter= 3200, img_loss=0.052766, reg_loss=0.030245, lr=0.00000, time=989.6 ms, rem=29.69 m
iter= 3210, img_loss=0.047616, reg_loss=0.030485, lr=0.00000, time=993.3 ms, rem=29.63 m
iter= 3220, img_loss=0.051846, reg_loss=0.030970, lr=0.00000, time=999.6 ms, rem=29.65 m
iter= 3230, img_loss=0.050106, reg_loss=0.031001, lr=0.00000, time=1003.3 ms, rem=29.60 m
iter= 3240, img_loss=0.052991, reg_loss=0.030431, lr=0.00000, time=993.7 ms, rem=29.15 m
iter= 3250, img_loss=0.052175, reg_loss=0.030362, lr=0.00000, time=991.3 ms, rem=28.91 m
iter= 3260, img_loss=0.052959, reg_loss=0.030230, lr=0.00000, time=988.7 ms, rem=28.67 m
iter= 3270, img_loss=0.048060, reg_loss=0.030112, lr=0.00000, time=990.3 ms, rem=28.55 m
iter= 3280, img_loss=0.050106, reg_loss=0.030072, lr=0.00000, time=989.8 ms, rem=28.37 m
iter= 3290, img_loss=0.052957, reg_loss=0.030493, lr=0.00000, time=994.3 ms, rem=28.34 m
iter= 3300, img_loss=0.049310, reg_loss=0.030494, lr=0.00000, time=995.4 ms, rem=28.20 m
iter= 3310, img_loss=0.048826, reg_loss=0.030560, lr=0.00000, time=994.0 ms, rem=28.00 m
iter= 3320, img_loss=0.052913, reg_loss=0.030357, lr=0.00000, time=991.4 ms, rem=27.76 m
iter= 3330, img_loss=0.049995, reg_loss=0.030100, lr=0.00000, time=987.8 ms, rem=27.49 m
iter= 3340, img_loss=0.055961, reg_loss=0.030560, lr=0.00000, time=997.3 ms, rem=27.59 m
iter= 3350, img_loss=0.044543, reg_loss=0.029115, lr=0.00000, time=974.1 ms, rem=26.79 m
iter= 3360, img_loss=0.054040, reg_loss=0.030720, lr=0.00000, time=999.7 ms, rem=27.32 m
iter= 3370, img_loss=0.044282, reg_loss=0.029957, lr=0.00000, time=986.1 ms, rem=26.79 m
iter= 3380, img_loss=0.056214, reg_loss=0.029736, lr=0.00000, time=980.3 ms, rem=26.47 m
iter= 3390, img_loss=0.048899, reg_loss=0.030093, lr=0.00000, time=986.8 ms, rem=26.48 m
iter= 3400, img_loss=0.052097, reg_loss=0.029982, lr=0.00000, time=988.2 ms, rem=26.35 m
iter= 3410, img_loss=0.051311, reg_loss=0.030160, lr=0.00000, time=989.9 ms, rem=26.23 m
iter= 3420, img_loss=0.048271, reg_loss=0.029476, lr=0.00000, time=979.1 ms, rem=25.78 m
iter= 3430, img_loss=0.053890, reg_loss=0.031243, lr=0.00000, time=1009.4 ms, rem=26.41 m
iter= 3440, img_loss=0.050668, reg_loss=0.030399, lr=0.00000, time=994.2 ms, rem=25.85 m
iter= 3450, img_loss=0.048881, reg_loss=0.030506, lr=0.00000, time=997.2 ms, rem=25.76 m
iter= 3460, img_loss=0.049534, reg_loss=0.031189, lr=0.00000, time=1005.1 ms, rem=25.80 m
iter= 3470, img_loss=0.043054, reg_loss=0.030126, lr=0.00000, time=992.8 ms, rem=25.32 m
iter= 3480, img_loss=0.052862, reg_loss=0.030339, lr=0.00000, time=994.0 ms, rem=25.18 m
iter= 3490, img_loss=0.049754, reg_loss=0.030326, lr=0.00000, time=993.1 ms, rem=24.99 m
iter= 3500, img_loss=0.047193, reg_loss=0.029928, lr=0.00000, time=990.0 ms, rem=24.75 m
iter= 3510, img_loss=0.054146, reg_loss=0.030406, lr=0.00000, time=996.9 ms, rem=24.76 m
iter= 3520, img_loss=0.053931, reg_loss=0.030129, lr=0.00000, time=990.9 ms, rem=24.44 m
iter= 3530, img_loss=0.048647, reg_loss=0.029197, lr=0.00000, time=972.0 ms, rem=23.81 m
iter= 3540, img_loss=0.050004, reg_loss=0.030584, lr=0.00000, time=995.5 ms, rem=24.22 m
iter= 3550, img_loss=0.053774, reg_loss=0.030863, lr=0.00000, time=998.9 ms, rem=24.14 m
iter= 3560, img_loss=0.052093, reg_loss=0.030466, lr=0.00000, time=994.7 ms, rem=23.87 m
iter= 3570, img_loss=0.046137, reg_loss=0.030321, lr=0.00000, time=993.1 ms, rem=23.67 m
iter= 3580, img_loss=0.049420, reg_loss=0.029949, lr=0.00000, time=983.3 ms, rem=23.27 m
iter= 3590, img_loss=0.050814, reg_loss=0.030286, lr=0.00000, time=989.3 ms, rem=23.25 m
iter= 3600, img_loss=0.051706, reg_loss=0.030568, lr=0.00000, time=996.0 ms, rem=23.24 m
iter= 3610, img_loss=0.046296, reg_loss=0.029928, lr=0.00000, time=984.2 ms, rem=22.80 m
iter= 3620, img_loss=0.048103, reg_loss=0.030135, lr=0.00000, time=989.7 ms, rem=22.76 m
iter= 3630, img_loss=0.053335, reg_loss=0.030257, lr=0.00000, time=993.4 ms, rem=22.68 m
iter= 3640, img_loss=0.052307, reg_loss=0.030716, lr=0.00000, time=998.7 ms, rem=22.64 m
iter= 3650, img_loss=0.055549, reg_loss=0.030229, lr=0.00000, time=988.3 ms, rem=22.24 m
iter= 3660, img_loss=0.051859, reg_loss=0.030241, lr=0.00000, time=989.3 ms, rem=22.09 m
iter= 3670, img_loss=0.049607, reg_loss=0.030138, lr=0.00000, time=986.2 ms, rem=21.86 m
iter= 3680, img_loss=0.053954, reg_loss=0.030349, lr=0.00000, time=993.7 ms, rem=21.86 m
iter= 3690, img_loss=0.052374, reg_loss=0.029793, lr=0.00000, time=984.2 ms, rem=21.49 m
iter= 3700, img_loss=0.049654, reg_loss=0.029720, lr=0.00000, time=985.1 ms, rem=21.34 m
iter= 3710, img_loss=0.046316, reg_loss=0.029650, lr=0.00000, time=981.0 ms, rem=21.09 m
iter= 3720, img_loss=0.050716, reg_loss=0.029987, lr=0.00000, time=986.1 ms, rem=21.04 m
iter= 3730, img_loss=0.050737, reg_loss=0.030140, lr=0.00000, time=991.7 ms, rem=20.99 m
iter= 3740, img_loss=0.053128, reg_loss=0.030115, lr=0.00000, time=987.9 ms, rem=20.75 m
iter= 3750, img_loss=0.046536, reg_loss=0.031544, lr=0.00000, time=1011.0 ms, rem=21.06 m
iter= 3760, img_loss=0.049067, reg_loss=0.030327, lr=0.00000, time=993.0 ms, rem=20.52 m
iter= 3770, img_loss=0.050473, reg_loss=0.029837, lr=0.00000, time=986.5 ms, rem=20.22 m
iter= 3780, img_loss=0.054214, reg_loss=0.030040, lr=0.00000, time=988.8 ms, rem=20.11 m
iter= 3790, img_loss=0.047857, reg_loss=0.030636, lr=0.00000, time=998.7 ms, rem=20.14 m
iter= 3800, img_loss=0.050202, reg_loss=0.029299, lr=0.00000, time=974.8 ms, rem=19.50 m
iter= 3810, img_loss=0.041053, reg_loss=0.029819, lr=0.00000, time=985.1 ms, rem=19.54 m
iter= 3820, img_loss=0.049430, reg_loss=0.030025, lr=0.00000, time=990.4 ms, rem=19.48 m
iter= 3830, img_loss=0.052156, reg_loss=0.030207, lr=0.00000, time=988.5 ms, rem=19.28 m
iter= 3840, img_loss=0.050487, reg_loss=0.030605, lr=0.00000, time=997.4 ms, rem=19.28 m
iter= 3850, img_loss=0.052783, reg_loss=0.030885, lr=0.00000, time=996.6 ms, rem=19.10 m
iter= 3860, img_loss=0.053058, reg_loss=0.030726, lr=0.00000, time=998.7 ms, rem=18.97 m
iter= 3870, img_loss=0.044505, reg_loss=0.029534, lr=0.00000, time=984.1 ms, rem=18.53 m
iter= 3880, img_loss=0.053845, reg_loss=0.029940, lr=0.00000, time=985.2 ms, rem=18.39 m
iter= 3890, img_loss=0.056557, reg_loss=0.030033, lr=0.00000, time=988.1 ms, rem=18.28 m
iter= 3900, img_loss=0.045984, reg_loss=0.029803, lr=0.00000, time=984.0 ms, rem=18.04 m
iter= 3910, img_loss=0.047908, reg_loss=0.030383, lr=0.00000, time=991.1 ms, rem=18.01 m
iter= 3920, img_loss=0.046901, reg_loss=0.029919, lr=0.00000, time=989.6 ms, rem=17.81 m
iter= 3930, img_loss=0.053513, reg_loss=0.030805, lr=0.00000, time=998.9 ms, rem=17.81 m
iter= 3940, img_loss=0.053809, reg_loss=0.031591, lr=0.00000, time=1009.9 ms, rem=17.84 m
iter= 3950, img_loss=0.049582, reg_loss=0.030279, lr=0.00000, time=992.3 ms, rem=17.37 m
iter= 3960, img_loss=0.047112, reg_loss=0.030163, lr=0.00000, time=994.9 ms, rem=17.24 m
iter= 3970, img_loss=0.049493, reg_loss=0.030005, lr=0.00000, time=992.6 ms, rem=17.04 m
iter= 3980, img_loss=0.047909, reg_loss=0.030020, lr=0.00000, time=988.4 ms, rem=16.80 m
iter= 3990, img_loss=0.045923, reg_loss=0.030223, lr=0.00000, time=992.7 ms, rem=16.71 m
iter= 4000, img_loss=0.050967, reg_loss=0.029986, lr=0.00000, time=987.0 ms, rem=16.45 m
iter= 4010, img_loss=0.043972, reg_loss=0.029399, lr=0.00000, time=980.6 ms, rem=16.18 m
iter= 4020, img_loss=0.045556, reg_loss=0.030283, lr=0.00000, time=991.2 ms, rem=16.19 m
iter= 4030, img_loss=0.048428, reg_loss=0.030898, lr=0.00000, time=999.5 ms, rem=16.16 m
iter= 4040, img_loss=0.049739, reg_loss=0.030804, lr=0.00000, time=999.9 ms, rem=16.00 m
iter= 4050, img_loss=0.051086, reg_loss=0.031686, lr=0.00000, time=1013.6 ms, rem=16.05 m
iter= 4060, img_loss=0.052465, reg_loss=0.030630, lr=0.00000, time=997.6 ms, rem=15.63 m
iter= 4070, img_loss=0.046141, reg_loss=0.029885, lr=0.00000, time=982.6 ms, rem=15.23 m
iter= 4080, img_loss=0.049191, reg_loss=0.029936, lr=0.00000, time=986.3 ms, rem=15.12 m
iter= 4090, img_loss=0.054362, reg_loss=0.030491, lr=0.00000, time=991.7 ms, rem=15.04 m
iter= 4100, img_loss=0.048588, reg_loss=0.030106, lr=0.00000, time=986.9 ms, rem=14.80 m
iter= 4110, img_loss=0.050967, reg_loss=0.029922, lr=0.00000, time=987.2 ms, rem=14.64 m
iter= 4120, img_loss=0.047242, reg_loss=0.030008, lr=0.00000, time=988.5 ms, rem=14.50 m
iter= 4130, img_loss=0.057276, reg_loss=0.030265, lr=0.00000, time=991.7 ms, rem=14.38 m
iter= 4140, img_loss=0.048331, reg_loss=0.029130, lr=0.00000, time=973.6 ms, rem=13.95 m
iter= 4150, img_loss=0.046273, reg_loss=0.030415, lr=0.00000, time=995.3 ms, rem=14.10 m
iter= 4160, img_loss=0.045654, reg_loss=0.029920, lr=0.00000, time=987.8 ms, rem=13.83 m
iter= 4170, img_loss=0.051099, reg_loss=0.030476, lr=0.00000, time=996.0 ms, rem=13.78 m
iter= 4180, img_loss=0.050088, reg_loss=0.030030, lr=0.00000, time=987.0 ms, rem=13.49 m
iter= 4190, img_loss=0.053905, reg_loss=0.031098, lr=0.00000, time=1005.7 ms, rem=13.58 m
iter= 4200, img_loss=0.048390, reg_loss=0.030148, lr=0.00000, time=988.2 ms, rem=13.18 m
iter= 4210, img_loss=0.050433, reg_loss=0.030192, lr=0.00000, time=993.8 ms, rem=13.09 m
iter= 4220, img_loss=0.046276, reg_loss=0.030017, lr=0.00000, time=990.4 ms, rem=12.88 m
iter= 4230, img_loss=0.048590, reg_loss=0.030185, lr=0.00000, time=986.6 ms, rem=12.66 m
iter= 4240, img_loss=0.048210, reg_loss=0.030271, lr=0.00000, time=992.1 ms, rem=12.57 m
iter= 4250, img_loss=0.047816, reg_loss=0.029920, lr=0.00000, time=984.0 ms, rem=12.30 m
iter= 4260, img_loss=0.049031, reg_loss=0.030294, lr=0.00000, time=991.7 ms, rem=12.23 m
iter= 4270, img_loss=0.050932, reg_loss=0.030465, lr=0.00000, time=991.5 ms, rem=12.06 m
iter= 4280, img_loss=0.051525, reg_loss=0.030329, lr=0.00000, time=989.5 ms, rem=11.87 m
iter= 4290, img_loss=0.045673, reg_loss=0.029400, lr=0.00000, time=978.2 ms, rem=11.58 m
iter= 4300, img_loss=0.046742, reg_loss=0.030537, lr=0.00000, time=996.3 ms, rem=11.62 m
iter= 4310, img_loss=0.051328, reg_loss=0.030736, lr=0.00000, time=1000.3 ms, rem=11.50 m
iter= 4320, img_loss=0.046727, reg_loss=0.029931, lr=0.00000, time=988.2 ms, rem=11.20 m
iter= 4330, img_loss=0.051218, reg_loss=0.030263, lr=0.00000, time=988.6 ms, rem=11.04 m
iter= 4340, img_loss=0.046154, reg_loss=0.030136, lr=0.00000, time=988.3 ms, rem=10.87 m
iter= 4350, img_loss=0.053116, reg_loss=0.030846, lr=0.00000, time=1000.1 ms, rem=10.83 m
iter= 4360, img_loss=0.047878, reg_loss=0.030147, lr=0.00000, time=989.1 ms, rem=10.55 m
iter= 4370, img_loss=0.053937, reg_loss=0.030257, lr=0.00000, time=992.1 ms, rem=10.42 m
iter= 4380, img_loss=0.046618, reg_loss=0.029997, lr=0.00000, time=988.6 ms, rem=10.22 m
iter= 4390, img_loss=0.045143, reg_loss=0.029383, lr=0.00000, time=976.1 ms, rem=9.92 m
iter= 4400, img_loss=0.041904, reg_loss=0.030577, lr=0.00000, time=997.5 ms, rem=9.98 m
iter= 4410, img_loss=0.048848, reg_loss=0.030445, lr=0.00000, time=995.1 ms, rem=9.79 m
iter= 4420, img_loss=0.049801, reg_loss=0.029532, lr=0.00000, time=978.9 ms, rem=9.46 m
iter= 4430, img_loss=0.051697, reg_loss=0.031371, lr=0.00000, time=1006.9 ms, rem=9.57 m
iter= 4440, img_loss=0.046267, reg_loss=0.031100, lr=0.00000, time=1007.5 ms, rem=9.40 m
iter= 4450, img_loss=0.046474, reg_loss=0.030381, lr=0.00000, time=995.9 ms, rem=9.13 m
iter= 4460, img_loss=0.051257, reg_loss=0.030534, lr=0.00000, time=996.1 ms, rem=8.97 m
iter= 4470, img_loss=0.051170, reg_loss=0.030427, lr=0.00000, time=994.6 ms, rem=8.79 m
iter= 4480, img_loss=0.047757, reg_loss=0.030086, lr=0.00000, time=987.0 ms, rem=8.55 m
iter= 4490, img_loss=0.048250, reg_loss=0.030656, lr=0.00000, time=996.2 ms, rem=8.47 m
iter= 4500, img_loss=0.048639, reg_loss=0.029058, lr=0.00000, time=973.0 ms, rem=8.11 m
iter= 4510, img_loss=0.049468, reg_loss=0.030485, lr=0.00000, time=998.7 ms, rem=8.16 m
iter= 4520, img_loss=0.046012, reg_loss=0.030325, lr=0.00000, time=995.1 ms, rem=7.96 m
iter= 4530, img_loss=0.053504, reg_loss=0.031029, lr=0.00000, time=1004.5 ms, rem=7.87 m
iter= 4540, img_loss=0.047895, reg_loss=0.030259, lr=0.00000, time=990.3 ms, rem=7.59 m
iter= 4550, img_loss=0.048085, reg_loss=0.030388, lr=0.00000, time=990.8 ms, rem=7.43 m
iter= 4560, img_loss=0.044482, reg_loss=0.030437, lr=0.00000, time=994.2 ms, rem=7.29 m
iter= 4570, img_loss=0.052327, reg_loss=0.030577, lr=0.00000, time=994.6 ms, rem=7.13 m
iter= 4580, img_loss=0.051682, reg_loss=0.030308, lr=0.00000, time=992.6 ms, rem=6.95 m
iter= 4590, img_loss=0.050793, reg_loss=0.029936, lr=0.00000, time=987.4 ms, rem=6.75 m
iter= 4600, img_loss=0.053204, reg_loss=0.030966, lr=0.00000, time=1000.8 ms, rem=6.67 m
iter= 4610, img_loss=0.047625, reg_loss=0.030069, lr=0.00000, time=990.0 ms, rem=6.43 m
iter= 4620, img_loss=0.048488, reg_loss=0.029385, lr=0.00000, time=975.2 ms, rem=6.18 m
iter= 4630, img_loss=0.048314, reg_loss=0.030550, lr=0.00000, time=994.6 ms, rem=6.13 m
iter= 4640, img_loss=0.053000, reg_loss=0.030940, lr=0.00000, time=1004.5 ms, rem=6.03 m
iter= 4650, img_loss=0.051121, reg_loss=0.029076, lr=0.00000, time=975.6 ms, rem=5.69 m
iter= 4660, img_loss=0.046807, reg_loss=0.029170, lr=0.00000, time=977.7 ms, rem=5.54 m
iter= 4670, img_loss=0.049196, reg_loss=0.030225, lr=0.00000, time=991.6 ms, rem=5.45 m
iter= 4680, img_loss=0.048967, reg_loss=0.029705, lr=0.00000, time=980.2 ms, rem=5.23 m
iter= 4690, img_loss=0.048174, reg_loss=0.029791, lr=0.00000, time=984.4 ms, rem=5.09 m
iter= 4700, img_loss=0.047840, reg_loss=0.030679, lr=0.00000, time=1001.8 ms, rem=5.01 m
iter= 4710, img_loss=0.044889, reg_loss=0.030202, lr=0.00000, time=988.4 ms, rem=4.78 m
iter= 4720, img_loss=0.051642, reg_loss=0.030284, lr=0.00000, time=990.3 ms, rem=4.62 m
iter= 4730, img_loss=0.047240, reg_loss=0.029937, lr=0.00000, time=985.9 ms, rem=4.44 m
iter= 4740, img_loss=0.048972, reg_loss=0.029885, lr=0.00000, time=982.7 ms, rem=4.26 m
iter= 4750, img_loss=0.045509, reg_loss=0.029680, lr=0.00000, time=981.2 ms, rem=4.09 m
iter= 4760, img_loss=0.048539, reg_loss=0.029855, lr=0.00000, time=984.3 ms, rem=3.94 m
iter= 4770, img_loss=0.046372, reg_loss=0.030708, lr=0.00000, time=1002.2 ms, rem=3.84 m
iter= 4780, img_loss=0.051622, reg_loss=0.030099, lr=0.00000, time=984.1 ms, rem=3.61 m
iter= 4790, img_loss=0.049416, reg_loss=0.030229, lr=0.00000, time=990.6 ms, rem=3.47 m
iter= 4800, img_loss=0.049135, reg_loss=0.030126, lr=0.00000, time=988.3 ms, rem=3.29 m
iter= 4810, img_loss=0.048077, reg_loss=0.030649, lr=0.00000, time=997.9 ms, rem=3.16 m
iter= 4820, img_loss=0.042808, reg_loss=0.030508, lr=0.00000, time=997.5 ms, rem=2.99 m
iter= 4830, img_loss=0.050486, reg_loss=0.029597, lr=0.00000, time=981.4 ms, rem=2.78 m
iter= 4840, img_loss=0.051429, reg_loss=0.030402, lr=0.00000, time=991.2 ms, rem=2.64 m
iter= 4850, img_loss=0.050453, reg_loss=0.030605, lr=0.00000, time=996.8 ms, rem=2.49 m
iter= 4860, img_loss=0.048299, reg_loss=0.030268, lr=0.00000, time=990.4 ms, rem=2.31 m
iter= 4870, img_loss=0.043807, reg_loss=0.029829, lr=0.00000, time=985.9 ms, rem=2.14 m
iter= 4880, img_loss=0.052198, reg_loss=0.030273, lr=0.00000, time=987.2 ms, rem=1.97 m
iter= 4890, img_loss=0.046627, reg_loss=0.029995, lr=0.00000, time=990.0 ms, rem=1.81 m
iter= 4900, img_loss=0.048964, reg_loss=0.030027, lr=0.00000, time=988.7 ms, rem=1.65 m
iter= 4910, img_loss=0.047927, reg_loss=0.029993, lr=0.00000, time=987.6 ms, rem=1.48 m
iter= 4920, img_loss=0.047593, reg_loss=0.030495, lr=0.00000, time=993.2 ms, rem=1.32 m
iter= 4930, img_loss=0.052239, reg_loss=0.030782, lr=0.00000, time=998.7 ms, rem=1.17 m
iter= 4940, img_loss=0.048701, reg_loss=0.030216, lr=0.00000, time=989.2 ms, rem=59.35 s
iter= 4950, img_loss=0.045142, reg_loss=0.030096, lr=0.00000, time=986.2 ms, rem=49.31 s
iter= 4960, img_loss=0.049980, reg_loss=0.029960, lr=0.00000, time=988.9 ms, rem=39.56 s
iter= 4970, img_loss=0.045589, reg_loss=0.030103, lr=0.00000, time=988.1 ms, rem=29.64 s
iter= 4980, img_loss=0.049178, reg_loss=0.030069, lr=0.00000, time=990.2 ms, rem=19.80 s
iter= 4990, img_loss=0.053848, reg_loss=0.029994, lr=0.00000, time=987.0 ms, rem=9.87 s
iter= 5000, img_loss=0.047361, reg_loss=0.029987, lr=0.00000, time=988.5 ms, rem=0.00 s
Running validation
MSE,      PSNR
0.01148280, 20.991
Writing mesh:  out/sculpture/mesh/mesh.obj
    writing 576399 vertices
    writing 3453744 texcoords
    writing 576399 normals
    writing 1151248 faces
Writing material:  out/sculpture/mesh/mesh.mtl
Done exporting mesh
OptiXStateWrapper destructor 
